{"level":"info","message":"::1 - - [23/May/2017:00:02:33 +0000] \"GET /usuarios HTTP/1.1\" 200 3\n","timestamp":"2017-05-23T00:02:33.740Z"}
{"level":"info","message":"::1 - - [23/May/2017:00:25:47 +0000] \"POST /usuarios/autenticarUsuario HTTP/1.1\" 400 118\n","timestamp":"2017-05-23T00:25:47.378Z"}
{"level":"info","message":"::1 - - [23/May/2017:00:27:07 +0000] \"POST /usuarios/autenticarUsuario HTTP/1.1\" 400 118\n","timestamp":"2017-05-23T00:27:07.723Z"}
{"level":"info","message":"::1 - - [23/May/2017:00:27:23 +0000] \"POST /usuarios/autenticarUsuario HTTP/1.1\" 400 118\n","timestamp":"2017-05-23T00:27:23.171Z"}
{"level":"info","message":"::1 - - [23/May/2017:00:27:34 +0000] \"POST /usuarios/autenticarUsuario HTTP/1.1\" 400 118\n","timestamp":"2017-05-23T00:27:34.795Z"}
{"level":"info","message":"::1 - - [23/May/2017:00:30:34 +0000] \"POST /usuarios/autenticarUsuario HTTP/1.1\" 400 118\n","timestamp":"2017-05-23T00:30:34.516Z"}
{"level":"info","message":"::1 - - [23/May/2017:00:32:39 +0000] \"POST /usuarios/autenticarUsuario HTTP/1.1\" 500 2142\n","timestamp":"2017-05-23T00:32:39.850Z"}
{"level":"info","message":"::1 - - [23/May/2017:00:32:44 +0000] \"POST /usuarios/autenticarUsuario HTTP/1.1\" 500 2142\n","timestamp":"2017-05-23T00:32:44.172Z"}
{"level":"info","message":"::1 - - [23/May/2017:16:22:37 +0000] \"OPTIONS /autenticarUsuario HTTP/1.1\" 404 160\n","timestamp":"2017-05-23T16:22:37.607Z"}
{"level":"info","message":"::1 - - [23/May/2017:16:23:17 +0000] \"OPTIONS /autenticarUsuario HTTP/1.1\" 404 160\n","timestamp":"2017-05-23T16:23:17.418Z"}
{"level":"info","message":"::1 - - [23/May/2017:16:24:31 +0000] \"OPTIONS /usuarios/autenticarUsuario HTTP/1.1\" 200 4\n","timestamp":"2017-05-23T16:24:31.616Z"}
{"level":"info","message":"::1 - - [23/May/2017:23:06:42 +0000] \"OPTIONS /usuarios/autenticarUsuario HTTP/1.1\" 200 4\n","timestamp":"2017-05-23T23:06:42.231Z"}
{"level":"info","message":"::1 - - [23/May/2017:23:09:33 +0000] \"OPTIONS /usuarios/autenticarUsuario HTTP/1.1\" 200 4\n","timestamp":"2017-05-23T23:09:33.168Z"}
{"level":"info","message":"::1 - - [23/May/2017:23:09:34 +0000] \"POST /usuarios/autenticarUsuario HTTP/1.1\" 200 2\n","timestamp":"2017-05-23T23:09:34.030Z"}
{"level":"info","message":"::1 - - [23/May/2017:23:10:29 +0000] \"OPTIONS /usuarios/autenticarUsuario HTTP/1.1\" 200 4\n","timestamp":"2017-05-23T23:10:29.304Z"}
{"level":"info","message":"::1 - - [23/May/2017:23:10:30 +0000] \"POST /usuarios/autenticarUsuario HTTP/1.1\" 200 2\n","timestamp":"2017-05-23T23:10:30.051Z"}
{"level":"info","message":"::1 - - [23/May/2017:23:11:08 +0000] \"OPTIONS /usuarios/autenticarUsuario HTTP/1.1\" 200 4\n","timestamp":"2017-05-23T23:11:08.677Z"}
{"level":"info","message":"::1 - - [23/May/2017:23:11:09 +0000] \"POST /usuarios/autenticarUsuario HTTP/1.1\" 200 2\n","timestamp":"2017-05-23T23:11:09.599Z"}
{"level":"info","message":"::1 - - [23/May/2017:23:13:17 +0000] \"OPTIONS /usuarios/autenticarUsuario HTTP/1.1\" 200 4\n","timestamp":"2017-05-23T23:13:17.705Z"}
{"level":"info","message":"::1 - - [23/May/2017:23:13:18 +0000] \"POST /usuarios/autenticarUsuario HTTP/1.1\" 403 -\n","timestamp":"2017-05-23T23:13:18.584Z"}
{"level":"info","message":"::1 - - [23/May/2017:23:17:29 +0000] \"OPTIONS /usuarios/autenticarUsuario HTTP/1.1\" 200 4\n","timestamp":"2017-05-23T23:17:29.932Z"}
{"level":"info","message":"::1 - - [23/May/2017:23:17:30 +0000] \"POST /usuarios/autenticarUsuario HTTP/1.1\" 403 -\n","timestamp":"2017-05-23T23:17:30.797Z"}
{"level":"info","message":"::1 - - [23/May/2017:23:18:22 +0000] \"OPTIONS /usuarios/autenticarUsuario HTTP/1.1\" 200 4\n","timestamp":"2017-05-23T23:18:22.704Z"}
{"level":"info","message":"::1 - - [23/May/2017:23:18:23 +0000] \"POST /usuarios/autenticarUsuario HTTP/1.1\" 403 -\n","timestamp":"2017-05-23T23:18:23.367Z"}
{"level":"info","message":"::1 - - [23/May/2017:23:28:51 +0000] \"OPTIONS /usuarios/autenticarUsuario HTTP/1.1\" 200 4\n","timestamp":"2017-05-23T23:28:51.173Z"}
{"level":"info","message":"::1 - - [23/May/2017:23:28:51 +0000] \"POST /usuarios/autenticarUsuario HTTP/1.1\" 500 2127\n","timestamp":"2017-05-23T23:28:51.331Z"}
{"level":"info","message":"::1 - - [23/May/2017:23:33:34 +0000] \"OPTIONS /usuarios/autenticarUsuario HTTP/1.1\" 200 4\n","timestamp":"2017-05-23T23:33:34.040Z"}
{"level":"info","message":"::1 - - [23/May/2017:23:33:34 +0000] \"POST /usuarios/autenticarUsuario HTTP/1.1\" 403 -\n","timestamp":"2017-05-23T23:33:34.909Z"}
{"level":"info","message":"::1 - - [23/May/2017:23:34:51 +0000] \"OPTIONS /usuarios/autenticarUsuario HTTP/1.1\" 200 4\n","timestamp":"2017-05-23T23:34:51.277Z"}
{"level":"info","message":"::1 - - [23/May/2017:23:34:52 +0000] \"POST /usuarios/autenticarUsuario HTTP/1.1\" 403 -\n","timestamp":"2017-05-23T23:34:52.041Z"}
{"level":"info","message":"::1 - - [23/May/2017:23:36:38 +0000] \"OPTIONS /usuarios/autenticarUsuario HTTP/1.1\" 200 4\n","timestamp":"2017-05-23T23:36:38.688Z"}
{"level":"info","message":"::1 - - [23/May/2017:23:36:39 +0000] \"POST /usuarios/autenticarUsuario HTTP/1.1\" 403 -\n","timestamp":"2017-05-23T23:36:39.404Z"}
{"level":"info","message":"::1 - - [23/May/2017:23:37:53 +0000] \"OPTIONS /usuarios/autenticarUsuario HTTP/1.1\" 200 4\n","timestamp":"2017-05-23T23:37:53.469Z"}
{"level":"info","message":"::1 - - [23/May/2017:23:37:54 +0000] \"POST /usuarios/autenticarUsuario HTTP/1.1\" 403 -\n","timestamp":"2017-05-23T23:37:54.204Z"}
{"level":"info","message":"::1 - - [23/May/2017:23:38:14 +0000] \"OPTIONS /usuarios/autenticarUsuario HTTP/1.1\" 200 4\n","timestamp":"2017-05-23T23:38:14.252Z"}
{"level":"info","message":"::1 - - [23/May/2017:23:38:14 +0000] \"POST /usuarios/autenticarUsuario HTTP/1.1\" 403 -\n","timestamp":"2017-05-23T23:38:14.937Z"}
{"level":"info","message":"::1 - - [23/May/2017:23:39:14 +0000] \"OPTIONS /usuarios/autenticarUsuario HTTP/1.1\" 200 4\n","timestamp":"2017-05-23T23:39:14.610Z"}
{"level":"info","message":"::1 - - [23/May/2017:23:39:15 +0000] \"POST /usuarios/autenticarUsuario HTTP/1.1\" 200 147\n","timestamp":"2017-05-23T23:39:15.378Z"}
{"level":"info","message":"::1 - - [23/May/2017:23:42:04 +0000] \"OPTIONS /usuarios/autenticarUsuario HTTP/1.1\" 200 4\n","timestamp":"2017-05-23T23:42:04.210Z"}
{"level":"info","message":"::1 - - [23/May/2017:23:42:06 +0000] \"POST /usuarios/autenticarUsuario HTTP/1.1\" 403 -\n","timestamp":"2017-05-23T23:42:06.492Z"}
{"level":"info","message":"::1 - - [23/May/2017:23:54:52 +0000] \"OPTIONS /usuarios/autenticarUsuario HTTP/1.1\" 200 4\n","timestamp":"2017-05-23T23:54:52.410Z"}
{"level":"info","message":"::1 - - [23/May/2017:23:54:53 +0000] \"POST /usuarios/autenticarUsuario HTTP/1.1\" 403 -\n","timestamp":"2017-05-23T23:54:53.394Z"}
{"level":"info","message":"::1 - - [24/May/2017:00:11:07 +0000] \"OPTIONS /usuarios/autenticarUsuario HTTP/1.1\" 200 4\n","timestamp":"2017-05-24T00:11:07.087Z"}
{"level":"info","message":"::1 - - [24/May/2017:00:11:07 +0000] \"POST /usuarios/autenticarUsuario HTTP/1.1\" 200 205\n","timestamp":"2017-05-24T00:11:07.875Z"}
{"level":"info","message":"::1 - - [24/May/2017:00:12:51 +0000] \"OPTIONS /usuarios/autenticarUsuario HTTP/1.1\" 200 4\n","timestamp":"2017-05-24T00:12:51.081Z"}
{"level":"info","message":"::1 - - [24/May/2017:00:12:52 +0000] \"POST /usuarios/autenticarUsuario HTTP/1.1\" 200 205\n","timestamp":"2017-05-24T00:12:52.010Z"}
{"level":"info","message":"::1 - - [24/May/2017:00:18:26 +0000] \"OPTIONS /usuarios/autenticarUsuario HTTP/1.1\" 200 4\n","timestamp":"2017-05-24T00:18:26.361Z"}
{"level":"info","message":"::1 - - [24/May/2017:00:18:27 +0000] \"POST /usuarios/autenticarUsuario HTTP/1.1\" 402 -\n","timestamp":"2017-05-24T00:18:27.326Z"}
{"level":"info","message":"::1 - - [24/May/2017:00:21:15 +0000] \"OPTIONS /usuarios/autenticarUsuario HTTP/1.1\" 200 4\n","timestamp":"2017-05-24T00:21:15.611Z"}
{"level":"info","message":"::1 - - [24/May/2017:00:21:16 +0000] \"POST /usuarios/autenticarUsuario HTTP/1.1\" 402 -\n","timestamp":"2017-05-24T00:21:16.388Z"}
{"level":"info","message":"::1 - - [24/May/2017:00:22:18 +0000] \"OPTIONS /usuarios/autenticarUsuario HTTP/1.1\" 200 4\n","timestamp":"2017-05-24T00:22:18.797Z"}
{"level":"info","message":"::1 - - [24/May/2017:00:22:19 +0000] \"POST /usuarios/autenticarUsuario HTTP/1.1\" 401 -\n","timestamp":"2017-05-24T00:22:19.876Z"}
{"level":"info","message":"::1 - - [24/May/2017:00:22:57 +0000] \"OPTIONS /usuarios/autenticarUsuario HTTP/1.1\" 200 4\n","timestamp":"2017-05-24T00:22:57.577Z"}
{"level":"info","message":"::1 - - [24/May/2017:00:22:58 +0000] \"POST /usuarios/autenticarUsuario HTTP/1.1\" 401 -\n","timestamp":"2017-05-24T00:22:58.269Z"}
{"level":"info","message":"::1 - - [24/May/2017:00:23:06 +0000] \"OPTIONS /usuarios/autenticarUsuario HTTP/1.1\" 200 4\n","timestamp":"2017-05-24T00:23:06.638Z"}
{"level":"info","message":"::1 - - [24/May/2017:00:23:07 +0000] \"POST /usuarios/autenticarUsuario HTTP/1.1\" 402 -\n","timestamp":"2017-05-24T00:23:07.376Z"}
{"level":"info","message":"::1 - - [24/May/2017:00:23:43 +0000] \"OPTIONS /usuarios/autenticarUsuario HTTP/1.1\" 200 4\n","timestamp":"2017-05-24T00:23:43.559Z"}
{"level":"info","message":"::1 - - [24/May/2017:00:23:44 +0000] \"POST /usuarios/autenticarUsuario HTTP/1.1\" 200 205\n","timestamp":"2017-05-24T00:23:44.248Z"}
{"level":"info","message":"::1 - - [24/May/2017:00:28:27 +0000] \"OPTIONS /usuarios/autenticarUsuario HTTP/1.1\" 200 4\n","timestamp":"2017-05-24T00:28:27.135Z"}
{"level":"info","message":"::1 - - [24/May/2017:00:28:27 +0000] \"POST /usuarios/autenticarUsuario HTTP/1.1\" 200 205\n","timestamp":"2017-05-24T00:28:27.835Z"}
{"level":"info","message":"::1 - - [24/May/2017:00:29:24 +0000] \"OPTIONS /usuarios/autenticarUsuario HTTP/1.1\" 200 4\n","timestamp":"2017-05-24T00:29:24.537Z"}
{"level":"info","message":"::1 - - [24/May/2017:00:29:25 +0000] \"POST /usuarios/autenticarUsuario HTTP/1.1\" 200 203\n","timestamp":"2017-05-24T00:29:25.458Z"}
{"level":"info","message":"::1 - - [24/May/2017:00:40:17 +0000] \"OPTIONS /usuarios/autenticarUsuario HTTP/1.1\" 200 4\n","timestamp":"2017-05-24T00:40:17.395Z"}
{"level":"info","message":"::1 - - [24/May/2017:00:40:18 +0000] \"POST /usuarios/autenticarUsuario HTTP/1.1\" 401 -\n","timestamp":"2017-05-24T00:40:18.406Z"}
{"level":"info","message":"::1 - - [24/May/2017:00:40:32 +0000] \"OPTIONS /usuarios/autenticarUsuario HTTP/1.1\" 200 4\n","timestamp":"2017-05-24T00:40:32.576Z"}
{"level":"info","message":"::1 - - [24/May/2017:00:40:33 +0000] \"POST /usuarios/autenticarUsuario HTTP/1.1\" 200 309\n","timestamp":"2017-05-24T00:40:33.265Z"}
{"level":"info","message":"::1 - - [24/May/2017:00:44:13 +0000] \"OPTIONS /usuarios/autenticarUsuario HTTP/1.1\" 200 4\n","timestamp":"2017-05-24T00:44:13.201Z"}
{"level":"info","message":"::1 - - [24/May/2017:00:44:14 +0000] \"POST /usuarios/autenticarUsuario HTTP/1.1\" 200 309\n","timestamp":"2017-05-24T00:44:14.235Z"}
{"level":"info","message":"::1 - - [27/May/2017:19:22:08 +0000] \"GET /estacionamentos/2 HTTP/1.1\" 200 2\n","timestamp":"2017-05-27T19:22:08.536Z"}
{"level":"info","message":"::1 - - [27/May/2017:19:42:29 +0000] \"GET /estacionamentos/2 HTTP/1.1\" 304 -\n","timestamp":"2017-05-27T19:42:29.709Z"}
{"level":"info","message":"::1 - - [27/May/2017:19:56:07 +0000] \"GET /estacionamentos/2 HTTP/1.1\" 304 -\n","timestamp":"2017-05-27T19:56:07.158Z"}
{"level":"info","message":"::1 - - [27/May/2017:19:57:15 +0000] \"GET /estacionamentos/2 HTTP/1.1\" 304 -\n","timestamp":"2017-05-27T19:57:15.657Z"}
{"level":"info","message":"::1 - - [27/May/2017:19:57:35 +0000] \"GET /estacionamentos/2 HTTP/1.1\" 304 -\n","timestamp":"2017-05-27T19:57:35.112Z"}
{"level":"info","message":"::1 - - [27/May/2017:19:59:58 +0000] \"GET /estacionamentos/2 HTTP/1.1\" 304 -\n","timestamp":"2017-05-27T19:59:58.494Z"}
{"level":"info","message":"::1 - - [27/May/2017:20:01:14 +0000] \"GET /estacionamentos/2 HTTP/1.1\" 200 144\n","timestamp":"2017-05-27T20:01:14.657Z"}
{"level":"info","message":"::1 - - [27/May/2017:20:03:10 +0000] \"GET /estacionamentos/2 HTTP/1.1\" 304 -\n","timestamp":"2017-05-27T20:03:10.485Z"}
{"level":"info","message":"::1 - - [27/May/2017:20:04:18 +0000] \"GET /estacionamentos/2 HTTP/1.1\" 304 -\n","timestamp":"2017-05-27T20:04:18.043Z"}
{"level":"info","message":"::1 - - [27/May/2017:20:06:21 +0000] \"GET /estacionamentos/2 HTTP/1.1\" 304 -\n","timestamp":"2017-05-27T20:06:21.969Z"}
{"level":"info","message":"::1 - - [27/May/2017:20:07:27 +0000] \"GET /estacionamentos/2 HTTP/1.1\" 304 -\n","timestamp":"2017-05-27T20:07:27.004Z"}
{"level":"info","message":"::1 - - [27/May/2017:20:08:15 +0000] \"GET /estacionamentos/2 HTTP/1.1\" 304 -\n","timestamp":"2017-05-27T20:08:15.742Z"}
{"level":"info","message":"::1 - - [27/May/2017:20:11:35 +0000] \"GET /estacionamentos/2 HTTP/1.1\" 200 470\n","timestamp":"2017-05-27T20:11:35.721Z"}
{"level":"info","message":"::1 - - [27/May/2017:20:12:25 +0000] \"GET /estacionamentos/2 HTTP/1.1\" 304 -\n","timestamp":"2017-05-27T20:12:25.188Z"}
{"level":"info","message":"::1 - - [27/May/2017:20:12:58 +0000] \"GET /estacionamentos/2 HTTP/1.1\" 500 67\n","timestamp":"2017-05-27T20:12:58.855Z"}
{"level":"info","message":"::1 - - [27/May/2017:20:13:54 +0000] \"GET /estacionamentos/2 HTTP/1.1\" 200 470\n","timestamp":"2017-05-27T20:13:54.850Z"}
{"level":"info","message":"::1 - - [27/May/2017:20:14:11 +0000] \"GET /estacionamentos/2 HTTP/1.1\" 304 -\n","timestamp":"2017-05-27T20:14:11.619Z"}
{"level":"info","message":"::1 - - [27/May/2017:20:15:00 +0000] \"GET /estacionamentos/2 HTTP/1.1\" 500 67\n","timestamp":"2017-05-27T20:15:00.774Z"}
{"level":"info","message":"::1 - - [27/May/2017:20:15:24 +0000] \"GET /estacionamentos/2 HTTP/1.1\" 200 470\n","timestamp":"2017-05-27T20:15:24.299Z"}
{"level":"info","message":"::1 - - [27/May/2017:20:18:06 +0000] \"GET /estacionamentos/2 HTTP/1.1\" 500 67\n","timestamp":"2017-05-27T20:18:06.686Z"}
{"level":"info","message":"::1 - - [27/May/2017:20:18:52 +0000] \"GET /estacionamentos/2 HTTP/1.1\" 200 144\n","timestamp":"2017-05-27T20:18:52.360Z"}
{"level":"info","message":"::1 - - [27/May/2017:20:35:00 +0000] \"GET /estacionamentos/2 HTTP/1.1\" 500 0\n","timestamp":"2017-05-27T20:35:00.159Z"}
{"level":"info","message":"::1 - - [27/May/2017:20:35:42 +0000] \"GET /estacionamentos/2 HTTP/1.1\" 500 0\n","timestamp":"2017-05-27T20:35:42.717Z"}
{"level":"info","message":"::1 - - [27/May/2017:20:42:54 +0000] \"GET /estacionamentos/2 HTTP/1.1\" 500 0\n","timestamp":"2017-05-27T20:42:54.792Z"}
{"level":"info","message":"::1 - - [27/May/2017:20:43:45 +0000] \"GET /estacionamentos/2 HTTP/1.1\" 200 263\n","timestamp":"2017-05-27T20:43:45.866Z"}
{"level":"info","message":"::1 - - [27/May/2017:20:45:45 +0000] \"GET /estacionamentos/2 HTTP/1.1\" 200 374\n","timestamp":"2017-05-27T20:45:45.179Z"}
{"level":"info","message":"::1 - - [27/May/2017:20:49:24 +0000] \"GET /estacionamentos/2 HTTP/1.1\" 200 414\n","timestamp":"2017-05-27T20:49:24.813Z"}
{"level":"info","message":"::1 - - [27/May/2017:20:50:56 +0000] \"GET /estacionamentos/2 HTTP/1.1\" 304 -\n","timestamp":"2017-05-27T20:50:56.591Z"}
{"level":"info","message":"::1 - - [27/May/2017:20:51:22 +0000] \"GET /estacionamentos/2 HTTP/1.1\" 304 -\n","timestamp":"2017-05-27T20:51:22.348Z"}
{"level":"info","message":"::1 - - [27/May/2017:20:55:37 +0000] \"GET /estacionamentos/2 HTTP/1.1\" 200 280\n","timestamp":"2017-05-27T20:55:37.524Z"}
{"level":"info","message":"::1 - - [28/May/2017:18:26:41 +0000] \"GET /estacionamentos/2 HTTP/1.1\" 200 408\n","timestamp":"2017-05-28T18:26:41.309Z"}
{"level":"info","message":"::1 - - [28/May/2017:18:48:05 +0000] \"GET /estacionamentos/2 HTTP/1.1\" 200 280\n","timestamp":"2017-05-28T18:48:05.605Z"}
{"level":"info","message":"::1 - - [28/May/2017:18:54:19 +0000] \"GET /estacionamentos/2 HTTP/1.1\" 200 280\n","timestamp":"2017-05-28T18:54:19.271Z"}
{"level":"info","message":"::1 - - [28/May/2017:19:06:57 +0000] \"GET /estacionamentos/2 HTTP/1.1\" 304 -\n","timestamp":"2017-05-28T19:06:57.970Z"}
{"level":"info","message":"::1 - - [28/May/2017:19:07:46 +0000] \"GET /estacionamentos/2 HTTP/1.1\" 304 -\n","timestamp":"2017-05-28T19:07:46.264Z"}
{"level":"info","message":"::1 - - [28/May/2017:19:07:50 +0000] \"GET /estacionamentos/1/valores HTTP/1.1\" 200 249\n","timestamp":"2017-05-28T19:07:50.613Z"}
{"level":"info","message":"::1 - - [28/May/2017:19:09:15 +0000] \"GET /estacionamentos/2 HTTP/1.1\" 304 -\n","timestamp":"2017-05-28T19:09:15.087Z"}
{"level":"info","message":"::1 - - [28/May/2017:19:09:18 +0000] \"GET /estacionamentos/2/valores HTTP/1.1\" 200 121\n","timestamp":"2017-05-28T19:09:18.714Z"}
{"level":"info","message":"::1 - - [28/May/2017:19:10:50 +0000] \"GET /estacionamentos/2 HTTP/1.1\" 304 -\n","timestamp":"2017-05-28T19:10:50.938Z"}
{"level":"info","message":"::1 - - [28/May/2017:19:13:04 +0000] \"GET /estacionamentos/2 HTTP/1.1\" 304 -\n","timestamp":"2017-05-28T19:13:04.969Z"}
{"level":"info","message":"::1 - - [28/May/2017:19:24:45 +0000] \"GET /estacionamentos/2 HTTP/1.1\" 304 -\n","timestamp":"2017-05-28T19:24:45.810Z"}
{"level":"info","message":"::1 - - [28/May/2017:19:24:48 +0000] \"GET /estacionamentos/2 HTTP/1.1\" 304 -\n","timestamp":"2017-05-28T19:24:48.511Z"}
{"level":"info","message":"::1 - - [30/May/2017:02:02:41 +0000] \"GET /estacionamentos/2 HTTP/1.1\" 304 -\n","timestamp":"2017-05-30T02:02:41.351Z"}
{"level":"info","message":"::1 - - [30/May/2017:02:02:45 +0000] \"GET /estacionamentos/1/valores HTTP/1.1\" 304 -\n","timestamp":"2017-05-30T02:02:45.927Z"}
{"level":"info","message":"::1 - - [30/May/2017:02:04:09 +0000] \"GET /estacionamentos/2 HTTP/1.1\" 200 2\n","timestamp":"2017-05-30T02:04:09.136Z"}
{"level":"info","message":"::1 - - [30/May/2017:02:04:46 +0000] \"OPTIONS /estacionamentos HTTP/1.1\" 200 4\n","timestamp":"2017-05-30T02:04:46.735Z"}
{"level":"info","message":"::1 - - [30/May/2017:02:04:46 +0000] \"POST /estacionamentos HTTP/1.1\" 500 71\n","timestamp":"2017-05-30T02:04:46.945Z"}
{"level":"info","message":"::1 - - [30/May/2017:02:05:43 +0000] \"GET /estacionamentos/2 HTTP/1.1\" 304 -\n","timestamp":"2017-05-30T02:05:43.497Z"}
{"level":"info","message":"::1 - - [30/May/2017:02:06:30 +0000] \"OPTIONS /estacionamentos HTTP/1.1\" 200 4\n","timestamp":"2017-05-30T02:06:30.365Z"}
{"level":"info","message":"::1 - - [30/May/2017:02:06:30 +0000] \"POST /estacionamentos HTTP/1.1\" 400 74\n","timestamp":"2017-05-30T02:06:30.433Z"}
{"level":"info","message":"::1 - - [30/May/2017:02:07:54 +0000] \"GET /estacionamentos/2 HTTP/1.1\" 304 -\n","timestamp":"2017-05-30T02:07:54.218Z"}
{"level":"info","message":"::1 - - [30/May/2017:02:08:37 +0000] \"OPTIONS /estacionamentos HTTP/1.1\" 200 4\n","timestamp":"2017-05-30T02:08:37.657Z"}
{"level":"info","message":"::1 - - [30/May/2017:02:08:37 +0000] \"POST /estacionamentos HTTP/1.1\" 500 71\n","timestamp":"2017-05-30T02:08:37.709Z"}
{"level":"info","message":"::1 - - [30/May/2017:02:18:40 +0000] \"OPTIONS /estacionamentos HTTP/1.1\" 200 4\n","timestamp":"2017-05-30T02:18:40.646Z"}
{"level":"info","message":"::1 - - [30/May/2017:02:18:40 +0000] \"POST /estacionamentos HTTP/1.1\" 500 71\n","timestamp":"2017-05-30T02:18:40.814Z"}
{"level":"info","message":"::1 - - [30/May/2017:02:19:28 +0000] \"OPTIONS /estacionamentos HTTP/1.1\" 200 4\n","timestamp":"2017-05-30T02:19:28.990Z"}
{"level":"info","message":"::1 - - [30/May/2017:02:19:29 +0000] \"POST /estacionamentos HTTP/1.1\" 201 127\n","timestamp":"2017-05-30T02:19:29.299Z"}
{"level":"info","message":"::1 - - [30/May/2017:02:20:30 +0000] \"GET /estacionamentos/2 HTTP/1.1\" 200 140\n","timestamp":"2017-05-30T02:20:30.233Z"}
{"level":"info","message":"::1 - - [30/May/2017:02:20:30 +0000] \"GET /estacionamentos/3/valores HTTP/1.1\" 200 2\n","timestamp":"2017-05-30T02:20:30.367Z"}
{"level":"info","message":"::1 - - [30/May/2017:02:20:50 +0000] \"GET /estacionamentos/2 HTTP/1.1\" 304 -\n","timestamp":"2017-05-30T02:20:50.204Z"}
{"level":"info","message":"::1 - - [30/May/2017:02:20:50 +0000] \"GET /estacionamentos/3/valores HTTP/1.1\" 304 -\n","timestamp":"2017-05-30T02:20:50.332Z"}
