{"level":"info","message":"::1 - - [02/Jul/2017:12:57:41 +0000] \"GET / HTTP/1.1\" 200 15723\n","timestamp":"2017-07-02T12:57:41.864Z"}
{"level":"info","message":"::1 - - [02/Jul/2017:12:57:41 +0000] \"GET /bootstrap/css/bootstrap.min.css HTTP/1.1\" 304 -\n","timestamp":"2017-07-02T12:57:41.902Z"}
{"level":"info","message":"::1 - - [02/Jul/2017:12:57:41 +0000] \"GET /dist/css/AdminLTE.min.css HTTP/1.1\" 304 -\n","timestamp":"2017-07-02T12:57:41.904Z"}
{"level":"info","message":"::1 - - [02/Jul/2017:12:57:41 +0000] \"GET /dist/css/skins/skin-blue.min.css HTTP/1.1\" 304 -\n","timestamp":"2017-07-02T12:57:41.905Z"}
{"level":"info","message":"::1 - - [02/Jul/2017:12:57:41 +0000] \"GET /plugins/jQuery/jquery-2.2.3.min.js HTTP/1.1\" 304 -\n","timestamp":"2017-07-02T12:57:41.914Z"}
{"level":"info","message":"::1 - - [02/Jul/2017:12:57:41 +0000] \"GET /bootstrap/js/bootstrap.min.js HTTP/1.1\" 304 -\n","timestamp":"2017-07-02T12:57:41.919Z"}
{"level":"info","message":"::1 - - [02/Jul/2017:12:57:41 +0000] \"GET /dist/js/app.min.js HTTP/1.1\" 304 -\n","timestamp":"2017-07-02T12:57:41.930Z"}
{"level":"info","message":"::1 - - [02/Jul/2017:12:57:42 +0000] \"GET /scripts/app.js HTTP/1.1\" 304 -\n","timestamp":"2017-07-02T12:57:42.003Z"}
{"level":"info","message":"::1 - - [02/Jul/2017:12:57:42 +0000] \"GET /modules/authentication/services.js HTTP/1.1\" 304 -\n","timestamp":"2017-07-02T12:57:42.004Z"}
{"level":"info","message":"::1 - - [02/Jul/2017:12:57:42 +0000] \"GET /modules/authentication/controllers.js HTTP/1.1\" 304 -\n","timestamp":"2017-07-02T12:57:42.006Z"}
{"level":"info","message":"::1 - - [02/Jul/2017:12:57:42 +0000] \"GET /modules/home/controllers.js HTTP/1.1\" 304 -\n","timestamp":"2017-07-02T12:57:42.006Z"}
{"level":"info","message":"::1 - - [02/Jul/2017:12:57:42 +0000] \"GET /dist/img/user2-160x160.jpg HTTP/1.1\" 304 -\n","timestamp":"2017-07-02T12:57:42.008Z"}
{"level":"info","message":"::1 - - [02/Jul/2017:12:57:42 +0000] \"GET /modules/authentication/views/login.html HTTP/1.1\" 304 -\n","timestamp":"2017-07-02T12:57:42.403Z"}
{"level":"info","message":"::1 - - [02/Jul/2017:12:57:42 +0000] \"GET /bootstrap/fonts/glyphicons-halflings-regular.woff2 HTTP/1.1\" 304 -\n","timestamp":"2017-07-02T12:57:42.472Z"}
{"level":"info","message":"::1 - - [02/Jul/2017:13:03:44 +0000] \"GET / HTTP/1.1\" 200 15774\n","timestamp":"2017-07-02T13:03:44.444Z"}
{"level":"info","message":"::1 - - [02/Jul/2017:13:03:44 +0000] \"GET /bootstrap/css/bootstrap.min.css HTTP/1.1\" 304 -\n","timestamp":"2017-07-02T13:03:44.482Z"}
{"level":"info","message":"::1 - - [02/Jul/2017:13:03:44 +0000] \"GET /dist/css/AdminLTE.min.css HTTP/1.1\" 304 -\n","timestamp":"2017-07-02T13:03:44.482Z"}
{"level":"info","message":"::1 - - [02/Jul/2017:13:03:44 +0000] \"GET /dist/css/skins/skin-blue.min.css HTTP/1.1\" 304 -\n","timestamp":"2017-07-02T13:03:44.483Z"}
{"level":"info","message":"::1 - - [02/Jul/2017:13:03:44 +0000] \"GET /plugins/jQuery/jquery-2.2.3.min.js HTTP/1.1\" 304 -\n","timestamp":"2017-07-02T13:03:44.492Z"}
{"level":"info","message":"::1 - - [02/Jul/2017:13:03:44 +0000] \"GET /bootstrap/js/bootstrap.min.js HTTP/1.1\" 304 -\n","timestamp":"2017-07-02T13:03:44.499Z"}
{"level":"info","message":"::1 - - [02/Jul/2017:13:03:44 +0000] \"GET /dist/js/app.min.js HTTP/1.1\" 304 -\n","timestamp":"2017-07-02T13:03:44.507Z"}
{"level":"info","message":"::1 - - [02/Jul/2017:13:03:44 +0000] \"GET /scripts/app.js HTTP/1.1\" 304 -\n","timestamp":"2017-07-02T13:03:44.560Z"}
{"level":"info","message":"::1 - - [02/Jul/2017:13:03:44 +0000] \"GET /modules/authentication/services.js HTTP/1.1\" 304 -\n","timestamp":"2017-07-02T13:03:44.561Z"}
{"level":"info","message":"::1 - - [02/Jul/2017:13:03:44 +0000] \"GET /modules/authentication/controllers.js HTTP/1.1\" 304 -\n","timestamp":"2017-07-02T13:03:44.562Z"}
{"level":"info","message":"::1 - - [02/Jul/2017:13:03:44 +0000] \"GET /modules/home/controllers.js HTTP/1.1\" 304 -\n","timestamp":"2017-07-02T13:03:44.564Z"}
{"level":"info","message":"::1 - - [02/Jul/2017:13:03:44 +0000] \"GET /dist/img/user2-160x160.jpg HTTP/1.1\" 304 -\n","timestamp":"2017-07-02T13:03:44.567Z"}
{"level":"info","message":"::1 - - [02/Jul/2017:13:03:44 +0000] \"GET /modules/authentication/views/login.html HTTP/1.1\" 304 -\n","timestamp":"2017-07-02T13:03:44.861Z"}
{"level":"info","message":"::1 - - [02/Jul/2017:13:03:44 +0000] \"GET /bootstrap/fonts/glyphicons-halflings-regular.woff2 HTTP/1.1\" 304 -\n","timestamp":"2017-07-02T13:03:44.909Z"}
{"level":"info","message":"::1 - - [02/Jul/2017:13:03:48 +0000] \"GET / HTTP/1.1\" 304 -\n","timestamp":"2017-07-02T13:03:48.183Z"}
{"level":"info","message":"::1 - - [02/Jul/2017:13:03:48 +0000] \"GET /bootstrap/css/bootstrap.min.css HTTP/1.1\" 304 -\n","timestamp":"2017-07-02T13:03:48.234Z"}
{"level":"info","message":"::1 - - [02/Jul/2017:13:03:48 +0000] \"GET /dist/css/AdminLTE.min.css HTTP/1.1\" 304 -\n","timestamp":"2017-07-02T13:03:48.236Z"}
{"level":"info","message":"::1 - - [02/Jul/2017:13:03:48 +0000] \"GET /dist/css/skins/skin-blue.min.css HTTP/1.1\" 304 -\n","timestamp":"2017-07-02T13:03:48.238Z"}
{"level":"info","message":"::1 - - [02/Jul/2017:13:03:48 +0000] \"GET /plugins/jQuery/jquery-2.2.3.min.js HTTP/1.1\" 304 -\n","timestamp":"2017-07-02T13:03:48.249Z"}
{"level":"info","message":"::1 - - [02/Jul/2017:13:03:48 +0000] \"GET /bootstrap/js/bootstrap.min.js HTTP/1.1\" 304 -\n","timestamp":"2017-07-02T13:03:48.253Z"}
{"level":"info","message":"::1 - - [02/Jul/2017:13:03:48 +0000] \"GET /dist/js/app.min.js HTTP/1.1\" 304 -\n","timestamp":"2017-07-02T13:03:48.258Z"}
{"level":"info","message":"::1 - - [02/Jul/2017:13:03:48 +0000] \"GET /scripts/app.js HTTP/1.1\" 304 -\n","timestamp":"2017-07-02T13:03:48.301Z"}
{"level":"info","message":"::1 - - [02/Jul/2017:13:03:48 +0000] \"GET /modules/authentication/services.js HTTP/1.1\" 304 -\n","timestamp":"2017-07-02T13:03:48.302Z"}
{"level":"info","message":"::1 - - [02/Jul/2017:13:03:48 +0000] \"GET /modules/authentication/controllers.js HTTP/1.1\" 304 -\n","timestamp":"2017-07-02T13:03:48.304Z"}
{"level":"info","message":"::1 - - [02/Jul/2017:13:03:48 +0000] \"GET /modules/home/controllers.js HTTP/1.1\" 304 -\n","timestamp":"2017-07-02T13:03:48.306Z"}
{"level":"info","message":"::1 - - [02/Jul/2017:13:03:48 +0000] \"GET /dist/img/user2-160x160.jpg HTTP/1.1\" 304 -\n","timestamp":"2017-07-02T13:03:48.309Z"}
{"level":"info","message":"::1 - - [02/Jul/2017:13:03:48 +0000] \"GET /modules/authentication/views/login.html HTTP/1.1\" 304 -\n","timestamp":"2017-07-02T13:03:48.563Z"}
{"level":"info","message":"::1 - - [02/Jul/2017:13:03:48 +0000] \"GET /bootstrap/fonts/glyphicons-halflings-regular.woff2 HTTP/1.1\" 304 -\n","timestamp":"2017-07-02T13:03:48.595Z"}
{"level":"info","message":"::1 - - [02/Jul/2017:13:03:50 +0000] \"GET / HTTP/1.1\" 200 15774\n","timestamp":"2017-07-02T13:03:50.004Z"}
{"level":"info","message":"::1 - - [02/Jul/2017:13:03:50 +0000] \"GET /dist/css/skins/skin-blue.min.css HTTP/1.1\" 200 3037\n","timestamp":"2017-07-02T13:03:50.080Z"}
{"level":"info","message":"::1 - - [02/Jul/2017:13:03:50 +0000] \"GET /plugins/jQuery/jquery-2.2.3.min.js HTTP/1.1\" 200 85663\n","timestamp":"2017-07-02T13:03:50.131Z"}
{"level":"info","message":"::1 - - [02/Jul/2017:13:03:50 +0000] \"GET /dist/css/AdminLTE.min.css HTTP/1.1\" 200 90396\n","timestamp":"2017-07-02T13:03:50.156Z"}
{"level":"info","message":"::1 - - [02/Jul/2017:13:03:50 +0000] \"GET /bootstrap/css/bootstrap.min.css HTTP/1.1\" 200 121205\n","timestamp":"2017-07-02T13:03:50.160Z"}
{"level":"info","message":"::1 - - [02/Jul/2017:13:03:50 +0000] \"GET /bootstrap/js/bootstrap.min.js HTTP/1.1\" 200 37051\n","timestamp":"2017-07-02T13:03:50.759Z"}
{"level":"info","message":"::1 - - [02/Jul/2017:13:03:50 +0000] \"GET /dist/js/app.min.js HTTP/1.1\" 200 9935\n","timestamp":"2017-07-02T13:03:50.769Z"}
{"level":"info","message":"::1 - - [02/Jul/2017:13:03:50 +0000] \"GET /scripts/app.js HTTP/1.1\" 200 1371\n","timestamp":"2017-07-02T13:03:50.789Z"}
{"level":"info","message":"::1 - - [02/Jul/2017:13:03:50 +0000] \"GET /modules/home/controllers.js HTTP/1.1\" 200 -\n","timestamp":"2017-07-02T13:03:50.794Z"}
{"level":"info","message":"::1 - - [02/Jul/2017:13:03:50 +0000] \"GET /modules/authentication/controllers.js HTTP/1.1\" 200 844\n","timestamp":"2017-07-02T13:03:50.804Z"}
{"level":"info","message":"::1 - - [02/Jul/2017:13:03:50 +0000] \"GET /modules/authentication/services.js HTTP/1.1\" 200 4738\n","timestamp":"2017-07-02T13:03:50.806Z"}
{"level":"info","message":"::1 - - [02/Jul/2017:13:03:50 +0000] \"GET /dist/img/user2-160x160.jpg HTTP/1.1\" 200 7070\n","timestamp":"2017-07-02T13:03:50.814Z"}
{"level":"info","message":"::1 - - [02/Jul/2017:13:04:07 +0000] \"GET /modules/authentication/views/login.html HTTP/1.1\" 200 1910\n","timestamp":"2017-07-02T13:04:07.633Z"}
{"level":"info","message":"::1 - - [02/Jul/2017:13:04:07 +0000] \"GET /bootstrap/fonts/glyphicons-halflings-regular.woff2 HTTP/1.1\" 200 18028\n","timestamp":"2017-07-02T13:04:07.695Z"}
{"level":"info","message":"::1 - - [02/Jul/2017:13:04:07 +0000] \"GET /favicon.ico HTTP/1.1\" 404 150\n","timestamp":"2017-07-02T13:04:07.866Z"}
{"level":"info","message":"::1 - - [02/Jul/2017:13:04:12 +0000] \"GET /bootstrap/css/bootstrap.min.css HTTP/1.1\" 304 -\n","timestamp":"2017-07-02T13:04:12.393Z"}
{"level":"info","message":"::1 - - [02/Jul/2017:13:04:12 +0000] \"GET /dist/css/AdminLTE.min.css HTTP/1.1\" 304 -\n","timestamp":"2017-07-02T13:04:12.396Z"}
{"level":"info","message":"::1 - - [02/Jul/2017:13:04:12 +0000] \"GET /dist/css/skins/skin-blue.min.css HTTP/1.1\" 304 -\n","timestamp":"2017-07-02T13:04:12.397Z"}
{"level":"info","message":"::1 - - [02/Jul/2017:13:04:12 +0000] \"GET /bootstrap/css/bootstrap.min.css.map HTTP/1.1\" 304 -\n","timestamp":"2017-07-02T13:04:12.540Z"}
{"level":"info","message":"::1 - - [02/Jul/2017:13:24:25 +0000] \"GET / HTTP/1.1\" 200 15775\n","timestamp":"2017-07-02T13:24:25.095Z"}
{"level":"info","message":"::1 - - [02/Jul/2017:13:24:25 +0000] \"GET /bootstrap/css/bootstrap.min.css HTTP/1.1\" 304 -\n","timestamp":"2017-07-02T13:24:25.145Z"}
{"level":"info","message":"::1 - - [02/Jul/2017:13:24:25 +0000] \"GET /dist/css/AdminLTE.min.css HTTP/1.1\" 304 -\n","timestamp":"2017-07-02T13:24:25.145Z"}
{"level":"info","message":"::1 - - [02/Jul/2017:13:24:25 +0000] \"GET /dist/css/skins/skin-blue.min.css HTTP/1.1\" 304 -\n","timestamp":"2017-07-02T13:24:25.146Z"}
{"level":"info","message":"::1 - - [02/Jul/2017:13:24:25 +0000] \"GET /plugins/jQuery/jquery-2.2.3.min.js HTTP/1.1\" 304 -\n","timestamp":"2017-07-02T13:24:25.152Z"}
{"level":"info","message":"::1 - - [02/Jul/2017:13:24:25 +0000] \"GET /bootstrap/js/bootstrap.min.js HTTP/1.1\" 304 -\n","timestamp":"2017-07-02T13:24:25.162Z"}
{"level":"info","message":"::1 - - [02/Jul/2017:13:24:25 +0000] \"GET /dist/js/app.min.js HTTP/1.1\" 304 -\n","timestamp":"2017-07-02T13:24:25.166Z"}
{"level":"info","message":"::1 - - [02/Jul/2017:13:24:25 +0000] \"GET /scripts/app.js HTTP/1.1\" 304 -\n","timestamp":"2017-07-02T13:24:25.328Z"}
{"level":"info","message":"::1 - - [02/Jul/2017:13:24:25 +0000] \"GET /modules/authentication/services.js HTTP/1.1\" 304 -\n","timestamp":"2017-07-02T13:24:25.337Z"}
{"level":"info","message":"::1 - - [02/Jul/2017:13:24:25 +0000] \"GET /modules/authentication/controllers.js HTTP/1.1\" 304 -\n","timestamp":"2017-07-02T13:24:25.338Z"}
{"level":"info","message":"::1 - - [02/Jul/2017:13:24:25 +0000] \"GET /modules/home/controllers.js HTTP/1.1\" 304 -\n","timestamp":"2017-07-02T13:24:25.340Z"}
{"level":"info","message":"::1 - - [02/Jul/2017:13:24:25 +0000] \"GET /dist/img/user2-160x160.jpg HTTP/1.1\" 304 -\n","timestamp":"2017-07-02T13:24:25.342Z"}
{"level":"info","message":"::1 - - [02/Jul/2017:13:24:25 +0000] \"GET /bootstrap/css/bootstrap.min.css.map HTTP/1.1\" 304 -\n","timestamp":"2017-07-02T13:24:25.678Z"}
{"level":"info","message":"::1 - - [02/Jul/2017:13:24:25 +0000] \"GET /modules/authentication/views/login.html HTTP/1.1\" 304 -\n","timestamp":"2017-07-02T13:24:25.861Z"}
{"level":"info","message":"::1 - - [02/Jul/2017:13:24:25 +0000] \"GET /bootstrap/fonts/glyphicons-halflings-regular.woff2 HTTP/1.1\" 304 -\n","timestamp":"2017-07-02T13:24:25.934Z"}
{"level":"info","message":"::1 - - [02/Jul/2017:13:26:15 +0000] \"GET / HTTP/1.1\" 200 15829\n","timestamp":"2017-07-02T13:26:15.312Z"}
{"level":"info","message":"::1 - - [02/Jul/2017:13:26:15 +0000] \"GET /assets/css/main.css HTTP/1.1\" 200 42\n","timestamp":"2017-07-02T13:26:15.367Z"}
{"level":"info","message":"::1 - - [02/Jul/2017:13:26:15 +0000] \"GET /dist/css/skins/skin-blue.min.css HTTP/1.1\" 200 3037\n","timestamp":"2017-07-02T13:26:15.370Z"}
{"level":"info","message":"::1 - - [02/Jul/2017:13:26:15 +0000] \"GET /dist/css/AdminLTE.min.css HTTP/1.1\" 200 90396\n","timestamp":"2017-07-02T13:26:15.371Z"}
{"level":"info","message":"::1 - - [02/Jul/2017:13:26:15 +0000] \"GET /bootstrap/css/bootstrap.min.css HTTP/1.1\" 200 121205\n","timestamp":"2017-07-02T13:26:15.374Z"}
{"level":"info","message":"::1 - - [02/Jul/2017:13:26:15 +0000] \"GET /plugins/jQuery/jquery-2.2.3.min.js HTTP/1.1\" 200 85663\n","timestamp":"2017-07-02T13:26:15.787Z"}
{"level":"info","message":"::1 - - [02/Jul/2017:13:26:15 +0000] \"GET /bootstrap/css/bootstrap.min.css.map HTTP/1.1\" 304 -\n","timestamp":"2017-07-02T13:26:15.959Z"}
{"level":"info","message":"::1 - - [02/Jul/2017:13:26:17 +0000] \"GET /bootstrap/js/bootstrap.min.js HTTP/1.1\" 200 37051\n","timestamp":"2017-07-02T13:26:17.602Z"}
{"level":"info","message":"::1 - - [02/Jul/2017:13:26:17 +0000] \"GET /dist/js/app.min.js HTTP/1.1\" 200 9935\n","timestamp":"2017-07-02T13:26:17.609Z"}
{"level":"info","message":"::1 - - [02/Jul/2017:13:26:18 +0000] \"GET /scripts/app.js HTTP/1.1\" 200 1371\n","timestamp":"2017-07-02T13:26:18.044Z"}
{"level":"info","message":"::1 - - [02/Jul/2017:13:26:18 +0000] \"GET /modules/authentication/services.js HTTP/1.1\" 200 4738\n","timestamp":"2017-07-02T13:26:18.045Z"}
{"level":"info","message":"::1 - - [02/Jul/2017:13:26:18 +0000] \"GET /modules/home/controllers.js HTTP/1.1\" 200 -\n","timestamp":"2017-07-02T13:26:18.045Z"}
{"level":"info","message":"::1 - - [02/Jul/2017:13:26:18 +0000] \"GET /modules/authentication/controllers.js HTTP/1.1\" 200 844\n","timestamp":"2017-07-02T13:26:18.046Z"}
{"level":"info","message":"::1 - - [02/Jul/2017:13:26:18 +0000] \"GET /dist/img/user2-160x160.jpg HTTP/1.1\" 200 7070\n","timestamp":"2017-07-02T13:26:18.047Z"}
{"level":"info","message":"::1 - - [02/Jul/2017:13:26:27 +0000] \"GET /modules/authentication/views/login.html HTTP/1.1\" 200 1910\n","timestamp":"2017-07-02T13:26:27.361Z"}
{"level":"info","message":"::1 - - [02/Jul/2017:13:26:27 +0000] \"GET /bootstrap/fonts/glyphicons-halflings-regular.woff2 HTTP/1.1\" 200 18028\n","timestamp":"2017-07-02T13:26:27.439Z"}
{"level":"info","message":"::1 - - [02/Jul/2017:13:27:30 +0000] \"GET / HTTP/1.1\" 200 15829\n","timestamp":"2017-07-02T13:27:30.707Z"}
{"level":"info","message":"::1 - - [02/Jul/2017:13:27:30 +0000] \"GET /assets/css/main.css HTTP/1.1\" 200 43\n","timestamp":"2017-07-02T13:27:30.781Z"}
{"level":"info","message":"::1 - - [02/Jul/2017:13:27:30 +0000] \"GET /dist/css/skins/skin-blue.min.css HTTP/1.1\" 200 3037\n","timestamp":"2017-07-02T13:27:30.782Z"}
{"level":"info","message":"::1 - - [02/Jul/2017:13:27:30 +0000] \"GET /bootstrap/css/bootstrap.min.css HTTP/1.1\" 200 121205\n","timestamp":"2017-07-02T13:27:30.783Z"}
{"level":"info","message":"::1 - - [02/Jul/2017:13:27:30 +0000] \"GET /dist/css/AdminLTE.min.css HTTP/1.1\" 200 90396\n","timestamp":"2017-07-02T13:27:30.784Z"}
{"level":"info","message":"::1 - - [02/Jul/2017:13:27:30 +0000] \"GET /plugins/jQuery/jquery-2.2.3.min.js HTTP/1.1\" 200 85663\n","timestamp":"2017-07-02T13:27:30.935Z"}
{"level":"info","message":"::1 - - [02/Jul/2017:13:27:31 +0000] \"GET /bootstrap/js/bootstrap.min.js HTTP/1.1\" 200 37051\n","timestamp":"2017-07-02T13:27:31.165Z"}
{"level":"info","message":"::1 - - [02/Jul/2017:13:27:31 +0000] \"GET /dist/js/app.min.js HTTP/1.1\" 200 9935\n","timestamp":"2017-07-02T13:27:31.173Z"}
{"level":"info","message":"::1 - - [02/Jul/2017:13:27:31 +0000] \"GET /scripts/app.js HTTP/1.1\" 200 1371\n","timestamp":"2017-07-02T13:27:31.874Z"}
{"level":"info","message":"::1 - - [02/Jul/2017:13:27:31 +0000] \"GET /modules/authentication/services.js HTTP/1.1\" 200 4738\n","timestamp":"2017-07-02T13:27:31.876Z"}
{"level":"info","message":"::1 - - [02/Jul/2017:13:27:31 +0000] \"GET /modules/authentication/controllers.js HTTP/1.1\" 200 844\n","timestamp":"2017-07-02T13:27:31.878Z"}
{"level":"info","message":"::1 - - [02/Jul/2017:13:27:31 +0000] \"GET /modules/home/controllers.js HTTP/1.1\" 200 -\n","timestamp":"2017-07-02T13:27:31.878Z"}
{"level":"info","message":"::1 - - [02/Jul/2017:13:27:31 +0000] \"GET /dist/img/user2-160x160.jpg HTTP/1.1\" 200 7070\n","timestamp":"2017-07-02T13:27:31.879Z"}
{"level":"info","message":"::1 - - [02/Jul/2017:13:27:32 +0000] \"GET /bootstrap/css/bootstrap.min.css.map HTTP/1.1\" 304 -\n","timestamp":"2017-07-02T13:27:32.195Z"}
{"level":"info","message":"::1 - - [02/Jul/2017:13:27:49 +0000] \"GET /modules/authentication/views/login.html HTTP/1.1\" 200 1910\n","timestamp":"2017-07-02T13:27:49.973Z"}
{"level":"info","message":"::1 - - [02/Jul/2017:13:27:50 +0000] \"GET /bootstrap/fonts/glyphicons-halflings-regular.woff2 HTTP/1.1\" 200 18028\n","timestamp":"2017-07-02T13:27:50.062Z"}
{"level":"info","message":"::1 - - [02/Jul/2017:13:29:19 +0000] \"GET / HTTP/1.1\" 304 -\n","timestamp":"2017-07-02T13:29:19.444Z"}
{"level":"info","message":"::1 - - [02/Jul/2017:13:29:19 +0000] \"GET /bootstrap/css/bootstrap.min.css HTTP/1.1\" 304 -\n","timestamp":"2017-07-02T13:29:19.493Z"}
{"level":"info","message":"::1 - - [02/Jul/2017:13:29:19 +0000] \"GET /dist/css/AdminLTE.min.css HTTP/1.1\" 304 -\n","timestamp":"2017-07-02T13:29:19.496Z"}
{"level":"info","message":"::1 - - [02/Jul/2017:13:29:19 +0000] \"GET /dist/css/skins/skin-blue.min.css HTTP/1.1\" 304 -\n","timestamp":"2017-07-02T13:29:19.500Z"}
{"level":"info","message":"::1 - - [02/Jul/2017:13:29:19 +0000] \"GET /assets/css/main.css HTTP/1.1\" 200 54\n","timestamp":"2017-07-02T13:29:19.502Z"}
{"level":"info","message":"::1 - - [02/Jul/2017:13:29:19 +0000] \"GET /plugins/jQuery/jquery-2.2.3.min.js HTTP/1.1\" 304 -\n","timestamp":"2017-07-02T13:29:19.505Z"}
{"level":"info","message":"::1 - - [02/Jul/2017:13:29:19 +0000] \"GET /bootstrap/js/bootstrap.min.js HTTP/1.1\" 304 -\n","timestamp":"2017-07-02T13:29:19.511Z"}
{"level":"info","message":"::1 - - [02/Jul/2017:13:29:19 +0000] \"GET /dist/js/app.min.js HTTP/1.1\" 304 -\n","timestamp":"2017-07-02T13:29:19.515Z"}
{"level":"info","message":"::1 - - [02/Jul/2017:13:29:19 +0000] \"GET /scripts/app.js HTTP/1.1\" 304 -\n","timestamp":"2017-07-02T13:29:19.625Z"}
{"level":"info","message":"::1 - - [02/Jul/2017:13:29:19 +0000] \"GET /modules/authentication/services.js HTTP/1.1\" 304 -\n","timestamp":"2017-07-02T13:29:19.625Z"}
{"level":"info","message":"::1 - - [02/Jul/2017:13:29:19 +0000] \"GET /modules/authentication/controllers.js HTTP/1.1\" 304 -\n","timestamp":"2017-07-02T13:29:19.626Z"}
{"level":"info","message":"::1 - - [02/Jul/2017:13:29:19 +0000] \"GET /modules/home/controllers.js HTTP/1.1\" 304 -\n","timestamp":"2017-07-02T13:29:19.629Z"}
{"level":"info","message":"::1 - - [02/Jul/2017:13:29:19 +0000] \"GET /dist/img/user2-160x160.jpg HTTP/1.1\" 304 -\n","timestamp":"2017-07-02T13:29:19.630Z"}
{"level":"info","message":"::1 - - [02/Jul/2017:13:29:20 +0000] \"GET /bootstrap/css/bootstrap.min.css.map HTTP/1.1\" 304 -\n","timestamp":"2017-07-02T13:29:20.038Z"}
{"level":"info","message":"::1 - - [02/Jul/2017:13:29:20 +0000] \"GET /modules/authentication/views/login.html HTTP/1.1\" 304 -\n","timestamp":"2017-07-02T13:29:20.496Z"}
{"level":"info","message":"::1 - - [02/Jul/2017:13:29:20 +0000] \"GET /bootstrap/fonts/glyphicons-halflings-regular.woff2 HTTP/1.1\" 304 -\n","timestamp":"2017-07-02T13:29:20.607Z"}
{"level":"info","message":"::1 - - [02/Jul/2017:13:37:18 +0000] \"GET / HTTP/1.1\" 304 -\n","timestamp":"2017-07-02T13:37:18.512Z"}
{"level":"info","message":"::1 - - [02/Jul/2017:13:37:18 +0000] \"GET /bootstrap/css/bootstrap.min.css HTTP/1.1\" 304 -\n","timestamp":"2017-07-02T13:37:18.550Z"}
{"level":"info","message":"::1 - - [02/Jul/2017:13:37:18 +0000] \"GET /assets/css/main.css HTTP/1.1\" 304 -\n","timestamp":"2017-07-02T13:37:18.552Z"}
{"level":"info","message":"::1 - - [02/Jul/2017:13:37:18 +0000] \"GET /dist/css/AdminLTE.min.css HTTP/1.1\" 304 -\n","timestamp":"2017-07-02T13:37:18.553Z"}
{"level":"info","message":"::1 - - [02/Jul/2017:13:37:18 +0000] \"GET /dist/css/skins/skin-blue.min.css HTTP/1.1\" 304 -\n","timestamp":"2017-07-02T13:37:18.554Z"}
{"level":"info","message":"::1 - - [02/Jul/2017:13:37:18 +0000] \"GET /plugins/jQuery/jquery-2.2.3.min.js HTTP/1.1\" 304 -\n","timestamp":"2017-07-02T13:37:18.561Z"}
{"level":"info","message":"::1 - - [02/Jul/2017:13:37:18 +0000] \"GET /bootstrap/js/bootstrap.min.js HTTP/1.1\" 304 -\n","timestamp":"2017-07-02T13:37:18.565Z"}
{"level":"info","message":"::1 - - [02/Jul/2017:13:37:18 +0000] \"GET /dist/js/app.min.js HTTP/1.1\" 304 -\n","timestamp":"2017-07-02T13:37:18.570Z"}
{"level":"info","message":"::1 - - [02/Jul/2017:13:37:18 +0000] \"GET /scripts/app.js HTTP/1.1\" 304 -\n","timestamp":"2017-07-02T13:37:18.659Z"}
{"level":"info","message":"::1 - - [02/Jul/2017:13:37:18 +0000] \"GET /modules/authentication/services.js HTTP/1.1\" 304 -\n","timestamp":"2017-07-02T13:37:18.663Z"}
{"level":"info","message":"::1 - - [02/Jul/2017:13:37:18 +0000] \"GET /modules/authentication/controllers.js HTTP/1.1\" 304 -\n","timestamp":"2017-07-02T13:37:18.663Z"}
{"level":"info","message":"::1 - - [02/Jul/2017:13:37:18 +0000] \"GET /modules/home/controllers.js HTTP/1.1\" 304 -\n","timestamp":"2017-07-02T13:37:18.664Z"}
{"level":"info","message":"::1 - - [02/Jul/2017:13:37:18 +0000] \"GET /dist/img/user2-160x160.jpg HTTP/1.1\" 304 -\n","timestamp":"2017-07-02T13:37:18.665Z"}
{"level":"info","message":"::1 - - [02/Jul/2017:13:37:19 +0000] \"GET /modules/authentication/views/login.html HTTP/1.1\" 200 1911\n","timestamp":"2017-07-02T13:37:19.254Z"}
{"level":"info","message":"::1 - - [02/Jul/2017:13:37:19 +0000] \"GET /bootstrap/fonts/glyphicons-halflings-regular.woff2 HTTP/1.1\" 304 -\n","timestamp":"2017-07-02T13:37:19.342Z"}
{"level":"info","message":"::1 - - [02/Jul/2017:13:37:21 +0000] \"GET /index.html HTTP/1.1\" 200 15829\n","timestamp":"2017-07-02T13:37:21.693Z"}
{"level":"info","message":"::1 - - [02/Jul/2017:13:37:21 +0000] \"GET /bootstrap/css/bootstrap.min.css HTTP/1.1\" 304 -\n","timestamp":"2017-07-02T13:37:21.729Z"}
{"level":"info","message":"::1 - - [02/Jul/2017:13:37:21 +0000] \"GET /assets/css/main.css HTTP/1.1\" 304 -\n","timestamp":"2017-07-02T13:37:21.730Z"}
{"level":"info","message":"::1 - - [02/Jul/2017:13:37:21 +0000] \"GET /dist/css/AdminLTE.min.css HTTP/1.1\" 304 -\n","timestamp":"2017-07-02T13:37:21.731Z"}
{"level":"info","message":"::1 - - [02/Jul/2017:13:37:21 +0000] \"GET /dist/css/skins/skin-blue.min.css HTTP/1.1\" 304 -\n","timestamp":"2017-07-02T13:37:21.732Z"}
{"level":"info","message":"::1 - - [02/Jul/2017:13:37:21 +0000] \"GET /plugins/jQuery/jquery-2.2.3.min.js HTTP/1.1\" 304 -\n","timestamp":"2017-07-02T13:37:21.741Z"}
{"level":"info","message":"::1 - - [02/Jul/2017:13:37:21 +0000] \"GET /bootstrap/js/bootstrap.min.js HTTP/1.1\" 304 -\n","timestamp":"2017-07-02T13:37:21.753Z"}
{"level":"info","message":"::1 - - [02/Jul/2017:13:37:21 +0000] \"GET /dist/js/app.min.js HTTP/1.1\" 304 -\n","timestamp":"2017-07-02T13:37:21.758Z"}
{"level":"info","message":"::1 - - [02/Jul/2017:13:37:21 +0000] \"GET /scripts/app.js HTTP/1.1\" 304 -\n","timestamp":"2017-07-02T13:37:21.799Z"}
{"level":"info","message":"::1 - - [02/Jul/2017:13:37:21 +0000] \"GET /modules/authentication/services.js HTTP/1.1\" 304 -\n","timestamp":"2017-07-02T13:37:21.801Z"}
{"level":"info","message":"::1 - - [02/Jul/2017:13:37:21 +0000] \"GET /modules/authentication/controllers.js HTTP/1.1\" 304 -\n","timestamp":"2017-07-02T13:37:21.802Z"}
{"level":"info","message":"::1 - - [02/Jul/2017:13:37:21 +0000] \"GET /modules/home/controllers.js HTTP/1.1\" 304 -\n","timestamp":"2017-07-02T13:37:21.803Z"}
{"level":"info","message":"::1 - - [02/Jul/2017:13:37:21 +0000] \"GET /dist/img/user2-160x160.jpg HTTP/1.1\" 304 -\n","timestamp":"2017-07-02T13:37:21.806Z"}
{"level":"info","message":"::1 - - [02/Jul/2017:13:37:22 +0000] \"GET /modules/authentication/views/login.html HTTP/1.1\" 304 -\n","timestamp":"2017-07-02T13:37:22.180Z"}
{"level":"info","message":"::1 - - [02/Jul/2017:13:37:22 +0000] \"GET /bootstrap/fonts/glyphicons-halflings-regular.woff2 HTTP/1.1\" 304 -\n","timestamp":"2017-07-02T13:37:22.224Z"}
{"level":"info","message":"::1 - - [02/Jul/2017:13:40:53 +0000] \"GET /index.html HTTP/1.1\" 304 -\n","timestamp":"2017-07-02T13:40:53.884Z"}
{"level":"info","message":"::1 - - [02/Jul/2017:13:40:53 +0000] \"GET /bootstrap/css/bootstrap.min.css HTTP/1.1\" 304 -\n","timestamp":"2017-07-02T13:40:53.921Z"}
{"level":"info","message":"::1 - - [02/Jul/2017:13:40:53 +0000] \"GET /assets/css/main.css HTTP/1.1\" 304 -\n","timestamp":"2017-07-02T13:40:53.921Z"}
{"level":"info","message":"::1 - - [02/Jul/2017:13:40:53 +0000] \"GET /dist/css/AdminLTE.min.css HTTP/1.1\" 304 -\n","timestamp":"2017-07-02T13:40:53.922Z"}
{"level":"info","message":"::1 - - [02/Jul/2017:13:40:53 +0000] \"GET /dist/css/skins/skin-blue.min.css HTTP/1.1\" 304 -\n","timestamp":"2017-07-02T13:40:53.923Z"}
{"level":"info","message":"::1 - - [02/Jul/2017:13:40:53 +0000] \"GET /plugins/jQuery/jquery-2.2.3.min.js HTTP/1.1\" 304 -\n","timestamp":"2017-07-02T13:40:53.935Z"}
{"level":"info","message":"::1 - - [02/Jul/2017:13:40:53 +0000] \"GET /bootstrap/js/bootstrap.min.js HTTP/1.1\" 304 -\n","timestamp":"2017-07-02T13:40:53.940Z"}
{"level":"info","message":"::1 - - [02/Jul/2017:13:40:53 +0000] \"GET /dist/js/app.min.js HTTP/1.1\" 304 -\n","timestamp":"2017-07-02T13:40:53.944Z"}
{"level":"info","message":"::1 - - [02/Jul/2017:13:40:54 +0000] \"GET /scripts/app.js HTTP/1.1\" 304 -\n","timestamp":"2017-07-02T13:40:54.024Z"}
{"level":"info","message":"::1 - - [02/Jul/2017:13:40:54 +0000] \"GET /modules/authentication/services.js HTTP/1.1\" 304 -\n","timestamp":"2017-07-02T13:40:54.025Z"}
{"level":"info","message":"::1 - - [02/Jul/2017:13:40:54 +0000] \"GET /modules/authentication/controllers.js HTTP/1.1\" 304 -\n","timestamp":"2017-07-02T13:40:54.027Z"}
{"level":"info","message":"::1 - - [02/Jul/2017:13:40:54 +0000] \"GET /modules/home/controllers.js HTTP/1.1\" 304 -\n","timestamp":"2017-07-02T13:40:54.029Z"}
{"level":"info","message":"::1 - - [02/Jul/2017:13:40:54 +0000] \"GET /dist/img/user2-160x160.jpg HTTP/1.1\" 304 -\n","timestamp":"2017-07-02T13:40:54.029Z"}
{"level":"info","message":"::1 - - [02/Jul/2017:13:40:54 +0000] \"GET /modules/authentication/views/login.html HTTP/1.1\" 200 1930\n","timestamp":"2017-07-02T13:40:54.542Z"}
{"level":"info","message":"::1 - - [02/Jul/2017:13:40:54 +0000] \"GET /assets/images/logo.PNG HTTP/1.1\" 200 4413\n","timestamp":"2017-07-02T13:40:54.594Z"}
{"level":"info","message":"::1 - - [02/Jul/2017:13:40:54 +0000] \"GET /bootstrap/fonts/glyphicons-halflings-regular.woff2 HTTP/1.1\" 304 -\n","timestamp":"2017-07-02T13:40:54.630Z"}
{"level":"info","message":"::1 - - [02/Jul/2017:13:49:26 +0000] \"GET /index.html HTTP/1.1\" 304 -\n","timestamp":"2017-07-02T13:49:26.216Z"}
{"level":"info","message":"::1 - - [02/Jul/2017:13:49:26 +0000] \"GET /bootstrap/css/bootstrap.min.css HTTP/1.1\" 304 -\n","timestamp":"2017-07-02T13:49:26.254Z"}
{"level":"info","message":"::1 - - [02/Jul/2017:13:49:26 +0000] \"GET /assets/css/main.css HTTP/1.1\" 304 -\n","timestamp":"2017-07-02T13:49:26.258Z"}
{"level":"info","message":"::1 - - [02/Jul/2017:13:49:26 +0000] \"GET /dist/css/AdminLTE.min.css HTTP/1.1\" 304 -\n","timestamp":"2017-07-02T13:49:26.262Z"}
{"level":"info","message":"::1 - - [02/Jul/2017:13:49:26 +0000] \"GET /dist/css/skins/skin-blue.min.css HTTP/1.1\" 304 -\n","timestamp":"2017-07-02T13:49:26.264Z"}
{"level":"info","message":"::1 - - [02/Jul/2017:13:49:26 +0000] \"GET /plugins/jQuery/jquery-2.2.3.min.js HTTP/1.1\" 304 -\n","timestamp":"2017-07-02T13:49:26.276Z"}
{"level":"info","message":"::1 - - [02/Jul/2017:13:49:26 +0000] \"GET /bootstrap/js/bootstrap.min.js HTTP/1.1\" 304 -\n","timestamp":"2017-07-02T13:49:26.319Z"}
{"level":"info","message":"::1 - - [02/Jul/2017:13:49:26 +0000] \"GET /dist/js/app.min.js HTTP/1.1\" 304 -\n","timestamp":"2017-07-02T13:49:26.328Z"}
{"level":"info","message":"::1 - - [02/Jul/2017:13:49:26 +0000] \"GET /scripts/app.js HTTP/1.1\" 304 -\n","timestamp":"2017-07-02T13:49:26.389Z"}
{"level":"info","message":"::1 - - [02/Jul/2017:13:49:26 +0000] \"GET /modules/authentication/services.js HTTP/1.1\" 304 -\n","timestamp":"2017-07-02T13:49:26.414Z"}
{"level":"info","message":"::1 - - [02/Jul/2017:13:49:26 +0000] \"GET /modules/authentication/controllers.js HTTP/1.1\" 304 -\n","timestamp":"2017-07-02T13:49:26.415Z"}
{"level":"info","message":"::1 - - [02/Jul/2017:13:49:26 +0000] \"GET /modules/home/controllers.js HTTP/1.1\" 304 -\n","timestamp":"2017-07-02T13:49:26.418Z"}
{"level":"info","message":"::1 - - [02/Jul/2017:13:49:26 +0000] \"GET /dist/img/user2-160x160.jpg HTTP/1.1\" 304 -\n","timestamp":"2017-07-02T13:49:26.421Z"}
{"level":"info","message":"::1 - - [02/Jul/2017:13:49:26 +0000] \"GET /modules/authentication/views/login.html HTTP/1.1\" 200 1221\n","timestamp":"2017-07-02T13:49:26.942Z"}
{"level":"info","message":"::1 - - [02/Jul/2017:13:49:26 +0000] \"GET /assets/images/logo.PNG HTTP/1.1\" 304 -\n","timestamp":"2017-07-02T13:49:26.973Z"}
{"level":"info","message":"::1 - - [02/Jul/2017:13:49:26 +0000] \"GET /bootstrap/fonts/glyphicons-halflings-regular.woff2 HTTP/1.1\" 304 -\n","timestamp":"2017-07-02T13:49:26.992Z"}
{"level":"info","message":"::1 - - [02/Jul/2017:13:50:08 +0000] \"GET /index.html HTTP/1.1\" 304 -\n","timestamp":"2017-07-02T13:50:08.958Z"}
{"level":"info","message":"::1 - - [02/Jul/2017:13:50:08 +0000] \"GET /bootstrap/css/bootstrap.min.css HTTP/1.1\" 304 -\n","timestamp":"2017-07-02T13:50:08.999Z"}
{"level":"info","message":"::1 - - [02/Jul/2017:13:50:09 +0000] \"GET /assets/css/main.css HTTP/1.1\" 304 -\n","timestamp":"2017-07-02T13:50:09.002Z"}
{"level":"info","message":"::1 - - [02/Jul/2017:13:50:09 +0000] \"GET /dist/css/AdminLTE.min.css HTTP/1.1\" 304 -\n","timestamp":"2017-07-02T13:50:09.002Z"}
{"level":"info","message":"::1 - - [02/Jul/2017:13:50:09 +0000] \"GET /dist/css/skins/skin-blue.min.css HTTP/1.1\" 304 -\n","timestamp":"2017-07-02T13:50:09.003Z"}
{"level":"info","message":"::1 - - [02/Jul/2017:13:50:09 +0000] \"GET /plugins/jQuery/jquery-2.2.3.min.js HTTP/1.1\" 304 -\n","timestamp":"2017-07-02T13:50:09.014Z"}
{"level":"info","message":"::1 - - [02/Jul/2017:13:50:09 +0000] \"GET /bootstrap/js/bootstrap.min.js HTTP/1.1\" 304 -\n","timestamp":"2017-07-02T13:50:09.019Z"}
{"level":"info","message":"::1 - - [02/Jul/2017:13:50:09 +0000] \"GET /dist/js/app.min.js HTTP/1.1\" 304 -\n","timestamp":"2017-07-02T13:50:09.024Z"}
{"level":"info","message":"::1 - - [02/Jul/2017:13:50:09 +0000] \"GET /scripts/app.js HTTP/1.1\" 304 -\n","timestamp":"2017-07-02T13:50:09.135Z"}
{"level":"info","message":"::1 - - [02/Jul/2017:13:50:09 +0000] \"GET /modules/authentication/services.js HTTP/1.1\" 304 -\n","timestamp":"2017-07-02T13:50:09.135Z"}
{"level":"info","message":"::1 - - [02/Jul/2017:13:50:09 +0000] \"GET /modules/authentication/controllers.js HTTP/1.1\" 304 -\n","timestamp":"2017-07-02T13:50:09.137Z"}
{"level":"info","message":"::1 - - [02/Jul/2017:13:50:09 +0000] \"GET /modules/home/controllers.js HTTP/1.1\" 304 -\n","timestamp":"2017-07-02T13:50:09.139Z"}
{"level":"info","message":"::1 - - [02/Jul/2017:13:50:09 +0000] \"GET /dist/img/user2-160x160.jpg HTTP/1.1\" 304 -\n","timestamp":"2017-07-02T13:50:09.139Z"}
{"level":"info","message":"::1 - - [02/Jul/2017:13:50:09 +0000] \"GET /modules/authentication/views/login.html HTTP/1.1\" 200 1231\n","timestamp":"2017-07-02T13:50:09.646Z"}
{"level":"info","message":"::1 - - [02/Jul/2017:13:50:09 +0000] \"GET /assets/images/logo.PNG HTTP/1.1\" 304 -\n","timestamp":"2017-07-02T13:50:09.685Z"}
{"level":"info","message":"::1 - - [02/Jul/2017:13:50:09 +0000] \"GET /bootstrap/fonts/glyphicons-halflings-regular.woff2 HTTP/1.1\" 304 -\n","timestamp":"2017-07-02T13:50:09.707Z"}
{"level":"info","message":"::1 - - [02/Jul/2017:13:50:29 +0000] \"GET /index.html HTTP/1.1\" 304 -\n","timestamp":"2017-07-02T13:50:29.520Z"}
{"level":"info","message":"::1 - - [02/Jul/2017:13:50:29 +0000] \"GET /bootstrap/css/bootstrap.min.css HTTP/1.1\" 304 -\n","timestamp":"2017-07-02T13:50:29.558Z"}
{"level":"info","message":"::1 - - [02/Jul/2017:13:50:29 +0000] \"GET /assets/css/main.css HTTP/1.1\" 304 -\n","timestamp":"2017-07-02T13:50:29.560Z"}
{"level":"info","message":"::1 - - [02/Jul/2017:13:50:29 +0000] \"GET /dist/css/AdminLTE.min.css HTTP/1.1\" 304 -\n","timestamp":"2017-07-02T13:50:29.560Z"}
{"level":"info","message":"::1 - - [02/Jul/2017:13:50:29 +0000] \"GET /dist/css/skins/skin-blue.min.css HTTP/1.1\" 304 -\n","timestamp":"2017-07-02T13:50:29.561Z"}
{"level":"info","message":"::1 - - [02/Jul/2017:13:50:29 +0000] \"GET /plugins/jQuery/jquery-2.2.3.min.js HTTP/1.1\" 304 -\n","timestamp":"2017-07-02T13:50:29.572Z"}
{"level":"info","message":"::1 - - [02/Jul/2017:13:50:29 +0000] \"GET /bootstrap/js/bootstrap.min.js HTTP/1.1\" 304 -\n","timestamp":"2017-07-02T13:50:29.576Z"}
{"level":"info","message":"::1 - - [02/Jul/2017:13:50:29 +0000] \"GET /dist/js/app.min.js HTTP/1.1\" 304 -\n","timestamp":"2017-07-02T13:50:29.580Z"}
{"level":"info","message":"::1 - - [02/Jul/2017:13:50:29 +0000] \"GET /scripts/app.js HTTP/1.1\" 304 -\n","timestamp":"2017-07-02T13:50:29.675Z"}
{"level":"info","message":"::1 - - [02/Jul/2017:13:50:29 +0000] \"GET /modules/authentication/controllers.js HTTP/1.1\" 304 -\n","timestamp":"2017-07-02T13:50:29.676Z"}
{"level":"info","message":"::1 - - [02/Jul/2017:13:50:29 +0000] \"GET /modules/home/controllers.js HTTP/1.1\" 304 -\n","timestamp":"2017-07-02T13:50:29.676Z"}
{"level":"info","message":"::1 - - [02/Jul/2017:13:50:29 +0000] \"GET /dist/img/user2-160x160.jpg HTTP/1.1\" 304 -\n","timestamp":"2017-07-02T13:50:29.677Z"}
{"level":"info","message":"::1 - - [02/Jul/2017:13:50:29 +0000] \"GET /modules/authentication/services.js HTTP/1.1\" 304 -\n","timestamp":"2017-07-02T13:50:29.677Z"}
{"level":"info","message":"::1 - - [02/Jul/2017:13:50:30 +0000] \"GET /modules/authentication/views/login.html HTTP/1.1\" 200 1243\n","timestamp":"2017-07-02T13:50:30.166Z"}
{"level":"info","message":"::1 - - [02/Jul/2017:13:50:30 +0000] \"GET /assets/images/logo.PNG HTTP/1.1\" 304 -\n","timestamp":"2017-07-02T13:50:30.214Z"}
{"level":"info","message":"::1 - - [02/Jul/2017:13:50:30 +0000] \"GET /bootstrap/fonts/glyphicons-halflings-regular.woff2 HTTP/1.1\" 304 -\n","timestamp":"2017-07-02T13:50:30.230Z"}
{"level":"info","message":"::1 - - [02/Jul/2017:13:50:50 +0000] \"GET /bootstrap/css/bootstrap.min.css HTTP/1.1\" 304 -\n","timestamp":"2017-07-02T13:50:50.087Z"}
{"level":"info","message":"::1 - - [02/Jul/2017:13:50:50 +0000] \"GET /assets/css/main.css HTTP/1.1\" 304 -\n","timestamp":"2017-07-02T13:50:50.089Z"}
{"level":"info","message":"::1 - - [02/Jul/2017:13:50:50 +0000] \"GET /dist/css/AdminLTE.min.css HTTP/1.1\" 304 -\n","timestamp":"2017-07-02T13:50:50.095Z"}
{"level":"info","message":"::1 - - [02/Jul/2017:13:50:50 +0000] \"GET /dist/css/skins/skin-blue.min.css HTTP/1.1\" 304 -\n","timestamp":"2017-07-02T13:50:50.096Z"}
{"level":"info","message":"::1 - - [02/Jul/2017:13:50:50 +0000] \"GET /bootstrap/css/bootstrap.min.css.map HTTP/1.1\" 304 -\n","timestamp":"2017-07-02T13:50:50.267Z"}
{"level":"info","message":"::1 - - [02/Jul/2017:13:54:09 +0000] \"GET /index.html HTTP/1.1\" 304 -\n","timestamp":"2017-07-02T13:54:09.598Z"}
{"level":"info","message":"::1 - - [02/Jul/2017:13:54:09 +0000] \"GET /bootstrap/css/bootstrap.min.css HTTP/1.1\" 304 -\n","timestamp":"2017-07-02T13:54:09.642Z"}
{"level":"info","message":"::1 - - [02/Jul/2017:13:54:09 +0000] \"GET /assets/css/main.css HTTP/1.1\" 304 -\n","timestamp":"2017-07-02T13:54:09.643Z"}
{"level":"info","message":"::1 - - [02/Jul/2017:13:54:09 +0000] \"GET /dist/css/AdminLTE.min.css HTTP/1.1\" 304 -\n","timestamp":"2017-07-02T13:54:09.643Z"}
{"level":"info","message":"::1 - - [02/Jul/2017:13:54:09 +0000] \"GET /dist/css/skins/skin-blue.min.css HTTP/1.1\" 304 -\n","timestamp":"2017-07-02T13:54:09.646Z"}
{"level":"info","message":"::1 - - [02/Jul/2017:13:54:09 +0000] \"GET /plugins/jQuery/jquery-2.2.3.min.js HTTP/1.1\" 304 -\n","timestamp":"2017-07-02T13:54:09.656Z"}
{"level":"info","message":"::1 - - [02/Jul/2017:13:54:09 +0000] \"GET /bootstrap/js/bootstrap.min.js HTTP/1.1\" 304 -\n","timestamp":"2017-07-02T13:54:09.662Z"}
{"level":"info","message":"::1 - - [02/Jul/2017:13:54:09 +0000] \"GET /dist/js/app.min.js HTTP/1.1\" 304 -\n","timestamp":"2017-07-02T13:54:09.668Z"}
{"level":"info","message":"::1 - - [02/Jul/2017:13:54:09 +0000] \"GET /scripts/app.js HTTP/1.1\" 304 -\n","timestamp":"2017-07-02T13:54:09.810Z"}
{"level":"info","message":"::1 - - [02/Jul/2017:13:54:09 +0000] \"GET /modules/authentication/services.js HTTP/1.1\" 304 -\n","timestamp":"2017-07-02T13:54:09.811Z"}
{"level":"info","message":"::1 - - [02/Jul/2017:13:54:09 +0000] \"GET /modules/authentication/controllers.js HTTP/1.1\" 304 -\n","timestamp":"2017-07-02T13:54:09.812Z"}
{"level":"info","message":"::1 - - [02/Jul/2017:13:54:09 +0000] \"GET /modules/home/controllers.js HTTP/1.1\" 304 -\n","timestamp":"2017-07-02T13:54:09.813Z"}
{"level":"info","message":"::1 - - [02/Jul/2017:13:54:09 +0000] \"GET /dist/img/user2-160x160.jpg HTTP/1.1\" 304 -\n","timestamp":"2017-07-02T13:54:09.814Z"}
{"level":"info","message":"::1 - - [02/Jul/2017:13:54:10 +0000] \"GET /bootstrap/css/bootstrap.min.css.map HTTP/1.1\" 304 -\n","timestamp":"2017-07-02T13:54:10.142Z"}
{"level":"info","message":"::1 - - [02/Jul/2017:13:54:10 +0000] \"GET /modules/authentication/views/login.html HTTP/1.1\" 304 -\n","timestamp":"2017-07-02T13:54:10.337Z"}
{"level":"info","message":"::1 - - [02/Jul/2017:13:54:10 +0000] \"GET /assets/images/logo.PNG HTTP/1.1\" 200 4593\n","timestamp":"2017-07-02T13:54:10.382Z"}
{"level":"info","message":"::1 - - [02/Jul/2017:13:54:10 +0000] \"GET /bootstrap/fonts/glyphicons-halflings-regular.woff2 HTTP/1.1\" 304 -\n","timestamp":"2017-07-02T13:54:10.400Z"}
{"level":"info","message":"::1 - - [02/Jul/2017:13:54:22 +0000] \"GET /index.html HTTP/1.1\" 304 -\n","timestamp":"2017-07-02T13:54:22.149Z"}
{"level":"info","message":"::1 - - [02/Jul/2017:13:54:22 +0000] \"GET /bootstrap/css/bootstrap.min.css HTTP/1.1\" 304 -\n","timestamp":"2017-07-02T13:54:22.194Z"}
{"level":"info","message":"::1 - - [02/Jul/2017:13:54:22 +0000] \"GET /assets/css/main.css HTTP/1.1\" 304 -\n","timestamp":"2017-07-02T13:54:22.197Z"}
{"level":"info","message":"::1 - - [02/Jul/2017:13:54:22 +0000] \"GET /dist/css/AdminLTE.min.css HTTP/1.1\" 304 -\n","timestamp":"2017-07-02T13:54:22.198Z"}
{"level":"info","message":"::1 - - [02/Jul/2017:13:54:22 +0000] \"GET /dist/css/skins/skin-blue.min.css HTTP/1.1\" 304 -\n","timestamp":"2017-07-02T13:54:22.199Z"}
{"level":"info","message":"::1 - - [02/Jul/2017:13:54:22 +0000] \"GET /plugins/jQuery/jquery-2.2.3.min.js HTTP/1.1\" 304 -\n","timestamp":"2017-07-02T13:54:22.236Z"}
{"level":"info","message":"::1 - - [02/Jul/2017:13:54:22 +0000] \"GET /bootstrap/js/bootstrap.min.js HTTP/1.1\" 304 -\n","timestamp":"2017-07-02T13:54:22.243Z"}
{"level":"info","message":"::1 - - [02/Jul/2017:13:54:22 +0000] \"GET /dist/js/app.min.js HTTP/1.1\" 304 -\n","timestamp":"2017-07-02T13:54:22.249Z"}
{"level":"info","message":"::1 - - [02/Jul/2017:13:54:22 +0000] \"GET /scripts/app.js HTTP/1.1\" 304 -\n","timestamp":"2017-07-02T13:54:22.320Z"}
{"level":"info","message":"::1 - - [02/Jul/2017:13:54:22 +0000] \"GET /modules/authentication/services.js HTTP/1.1\" 304 -\n","timestamp":"2017-07-02T13:54:22.320Z"}
{"level":"info","message":"::1 - - [02/Jul/2017:13:54:22 +0000] \"GET /modules/authentication/controllers.js HTTP/1.1\" 304 -\n","timestamp":"2017-07-02T13:54:22.321Z"}
{"level":"info","message":"::1 - - [02/Jul/2017:13:54:22 +0000] \"GET /modules/home/controllers.js HTTP/1.1\" 304 -\n","timestamp":"2017-07-02T13:54:22.324Z"}
{"level":"info","message":"::1 - - [02/Jul/2017:13:54:22 +0000] \"GET /dist/img/user2-160x160.jpg HTTP/1.1\" 304 -\n","timestamp":"2017-07-02T13:54:22.326Z"}
{"level":"info","message":"::1 - - [02/Jul/2017:13:54:22 +0000] \"GET /bootstrap/css/bootstrap.min.css.map HTTP/1.1\" 304 -\n","timestamp":"2017-07-02T13:54:22.589Z"}
{"level":"info","message":"::1 - - [02/Jul/2017:13:54:22 +0000] \"GET /modules/authentication/views/login.html HTTP/1.1\" 304 -\n","timestamp":"2017-07-02T13:54:22.767Z"}
{"level":"info","message":"::1 - - [02/Jul/2017:13:54:22 +0000] \"GET /assets/images/logo.PNG HTTP/1.1\" 304 -\n","timestamp":"2017-07-02T13:54:22.797Z"}
{"level":"info","message":"::1 - - [02/Jul/2017:13:54:22 +0000] \"GET /bootstrap/fonts/glyphicons-halflings-regular.woff2 HTTP/1.1\" 304 -\n","timestamp":"2017-07-02T13:54:22.808Z"}
{"level":"info","message":"::1 - - [02/Jul/2017:13:55:57 +0000] \"GET /index.html HTTP/1.1\" 304 -\n","timestamp":"2017-07-02T13:55:57.020Z"}
{"level":"info","message":"::1 - - [02/Jul/2017:13:55:57 +0000] \"GET /bootstrap/css/bootstrap.min.css HTTP/1.1\" 304 -\n","timestamp":"2017-07-02T13:55:57.058Z"}
{"level":"info","message":"::1 - - [02/Jul/2017:13:55:57 +0000] \"GET /assets/css/main.css HTTP/1.1\" 304 -\n","timestamp":"2017-07-02T13:55:57.059Z"}
{"level":"info","message":"::1 - - [02/Jul/2017:13:55:57 +0000] \"GET /dist/css/AdminLTE.min.css HTTP/1.1\" 304 -\n","timestamp":"2017-07-02T13:55:57.059Z"}
{"level":"info","message":"::1 - - [02/Jul/2017:13:55:57 +0000] \"GET /dist/css/skins/skin-blue.min.css HTTP/1.1\" 304 -\n","timestamp":"2017-07-02T13:55:57.061Z"}
{"level":"info","message":"::1 - - [02/Jul/2017:13:55:57 +0000] \"GET /plugins/jQuery/jquery-2.2.3.min.js HTTP/1.1\" 304 -\n","timestamp":"2017-07-02T13:55:57.072Z"}
{"level":"info","message":"::1 - - [02/Jul/2017:13:55:57 +0000] \"GET /bootstrap/js/bootstrap.min.js HTTP/1.1\" 304 -\n","timestamp":"2017-07-02T13:55:57.077Z"}
{"level":"info","message":"::1 - - [02/Jul/2017:13:55:57 +0000] \"GET /dist/js/app.min.js HTTP/1.1\" 304 -\n","timestamp":"2017-07-02T13:55:57.082Z"}
{"level":"info","message":"::1 - - [02/Jul/2017:13:55:57 +0000] \"GET /scripts/app.js HTTP/1.1\" 304 -\n","timestamp":"2017-07-02T13:55:57.152Z"}
{"level":"info","message":"::1 - - [02/Jul/2017:13:55:57 +0000] \"GET /modules/authentication/services.js HTTP/1.1\" 304 -\n","timestamp":"2017-07-02T13:55:57.152Z"}
{"level":"info","message":"::1 - - [02/Jul/2017:13:55:57 +0000] \"GET /modules/authentication/controllers.js HTTP/1.1\" 304 -\n","timestamp":"2017-07-02T13:55:57.153Z"}
{"level":"info","message":"::1 - - [02/Jul/2017:13:55:57 +0000] \"GET /modules/home/controllers.js HTTP/1.1\" 304 -\n","timestamp":"2017-07-02T13:55:57.154Z"}
{"level":"info","message":"::1 - - [02/Jul/2017:13:55:57 +0000] \"GET /dist/img/user2-160x160.jpg HTTP/1.1\" 304 -\n","timestamp":"2017-07-02T13:55:57.156Z"}
{"level":"info","message":"::1 - - [02/Jul/2017:13:55:57 +0000] \"GET /modules/authentication/views/login.html HTTP/1.1\" 200 1239\n","timestamp":"2017-07-02T13:55:57.538Z"}
{"level":"info","message":"::1 - - [02/Jul/2017:13:55:57 +0000] \"GET /assets/images/logo.PNG HTTP/1.1\" 304 -\n","timestamp":"2017-07-02T13:55:57.578Z"}
{"level":"info","message":"::1 - - [02/Jul/2017:13:55:57 +0000] \"GET /bootstrap/fonts/glyphicons-halflings-regular.woff2 HTTP/1.1\" 304 -\n","timestamp":"2017-07-02T13:55:57.600Z"}
{"level":"info","message":"::1 - - [02/Jul/2017:13:56:50 +0000] \"GET /index.html HTTP/1.1\" 304 -\n","timestamp":"2017-07-02T13:56:50.958Z"}
{"level":"info","message":"::1 - - [02/Jul/2017:13:56:50 +0000] \"GET /bootstrap/css/bootstrap.min.css HTTP/1.1\" 304 -\n","timestamp":"2017-07-02T13:56:50.998Z"}
{"level":"info","message":"::1 - - [02/Jul/2017:13:56:51 +0000] \"GET /assets/css/main.css HTTP/1.1\" 304 -\n","timestamp":"2017-07-02T13:56:51.001Z"}
{"level":"info","message":"::1 - - [02/Jul/2017:13:56:51 +0000] \"GET /dist/css/AdminLTE.min.css HTTP/1.1\" 304 -\n","timestamp":"2017-07-02T13:56:51.002Z"}
{"level":"info","message":"::1 - - [02/Jul/2017:13:56:51 +0000] \"GET /dist/css/skins/skin-blue.min.css HTTP/1.1\" 304 -\n","timestamp":"2017-07-02T13:56:51.003Z"}
{"level":"info","message":"::1 - - [02/Jul/2017:13:56:51 +0000] \"GET /plugins/jQuery/jquery-2.2.3.min.js HTTP/1.1\" 304 -\n","timestamp":"2017-07-02T13:56:51.011Z"}
{"level":"info","message":"::1 - - [02/Jul/2017:13:56:51 +0000] \"GET /bootstrap/js/bootstrap.min.js HTTP/1.1\" 304 -\n","timestamp":"2017-07-02T13:56:51.014Z"}
{"level":"info","message":"::1 - - [02/Jul/2017:13:56:51 +0000] \"GET /dist/js/app.min.js HTTP/1.1\" 304 -\n","timestamp":"2017-07-02T13:56:51.021Z"}
{"level":"info","message":"::1 - - [02/Jul/2017:13:56:51 +0000] \"GET /scripts/app.js HTTP/1.1\" 304 -\n","timestamp":"2017-07-02T13:56:51.095Z"}
{"level":"info","message":"::1 - - [02/Jul/2017:13:56:51 +0000] \"GET /modules/authentication/services.js HTTP/1.1\" 304 -\n","timestamp":"2017-07-02T13:56:51.097Z"}
{"level":"info","message":"::1 - - [02/Jul/2017:13:56:51 +0000] \"GET /modules/authentication/controllers.js HTTP/1.1\" 304 -\n","timestamp":"2017-07-02T13:56:51.099Z"}
{"level":"info","message":"::1 - - [02/Jul/2017:13:56:51 +0000] \"GET /modules/home/controllers.js HTTP/1.1\" 304 -\n","timestamp":"2017-07-02T13:56:51.101Z"}
{"level":"info","message":"::1 - - [02/Jul/2017:13:56:51 +0000] \"GET /dist/img/user2-160x160.jpg HTTP/1.1\" 304 -\n","timestamp":"2017-07-02T13:56:51.102Z"}
{"level":"info","message":"::1 - - [02/Jul/2017:13:56:51 +0000] \"GET /modules/authentication/views/login.html HTTP/1.1\" 200 1221\n","timestamp":"2017-07-02T13:56:51.672Z"}
{"level":"info","message":"::1 - - [02/Jul/2017:13:56:51 +0000] \"GET /assets/images/logo.PNG HTTP/1.1\" 304 -\n","timestamp":"2017-07-02T13:56:51.716Z"}
{"level":"info","message":"::1 - - [02/Jul/2017:13:56:51 +0000] \"GET /bootstrap/fonts/glyphicons-halflings-regular.woff2 HTTP/1.1\" 304 -\n","timestamp":"2017-07-02T13:56:51.741Z"}
{"level":"info","message":"::1 - - [02/Jul/2017:13:56:53 +0000] \"GET /index.html HTTP/1.1\" 304 -\n","timestamp":"2017-07-02T13:56:53.801Z"}
{"level":"info","message":"::1 - - [02/Jul/2017:13:56:53 +0000] \"GET /bootstrap/css/bootstrap.min.css HTTP/1.1\" 304 -\n","timestamp":"2017-07-02T13:56:53.837Z"}
{"level":"info","message":"::1 - - [02/Jul/2017:13:56:53 +0000] \"GET /assets/css/main.css HTTP/1.1\" 304 -\n","timestamp":"2017-07-02T13:56:53.838Z"}
{"level":"info","message":"::1 - - [02/Jul/2017:13:56:53 +0000] \"GET /dist/css/AdminLTE.min.css HTTP/1.1\" 304 -\n","timestamp":"2017-07-02T13:56:53.838Z"}
{"level":"info","message":"::1 - - [02/Jul/2017:13:56:53 +0000] \"GET /dist/css/skins/skin-blue.min.css HTTP/1.1\" 304 -\n","timestamp":"2017-07-02T13:56:53.839Z"}
{"level":"info","message":"::1 - - [02/Jul/2017:13:56:53 +0000] \"GET /plugins/jQuery/jquery-2.2.3.min.js HTTP/1.1\" 304 -\n","timestamp":"2017-07-02T13:56:53.849Z"}
{"level":"info","message":"::1 - - [02/Jul/2017:13:56:53 +0000] \"GET /bootstrap/js/bootstrap.min.js HTTP/1.1\" 304 -\n","timestamp":"2017-07-02T13:56:53.853Z"}
{"level":"info","message":"::1 - - [02/Jul/2017:13:56:53 +0000] \"GET /dist/js/app.min.js HTTP/1.1\" 304 -\n","timestamp":"2017-07-02T13:56:53.857Z"}
{"level":"info","message":"::1 - - [02/Jul/2017:13:56:53 +0000] \"GET /scripts/app.js HTTP/1.1\" 304 -\n","timestamp":"2017-07-02T13:56:53.911Z"}
{"level":"info","message":"::1 - - [02/Jul/2017:13:56:53 +0000] \"GET /modules/authentication/services.js HTTP/1.1\" 304 -\n","timestamp":"2017-07-02T13:56:53.918Z"}
{"level":"info","message":"::1 - - [02/Jul/2017:13:56:53 +0000] \"GET /modules/authentication/controllers.js HTTP/1.1\" 304 -\n","timestamp":"2017-07-02T13:56:53.918Z"}
{"level":"info","message":"::1 - - [02/Jul/2017:13:56:53 +0000] \"GET /modules/home/controllers.js HTTP/1.1\" 304 -\n","timestamp":"2017-07-02T13:56:53.919Z"}
{"level":"info","message":"::1 - - [02/Jul/2017:13:56:53 +0000] \"GET /dist/img/user2-160x160.jpg HTTP/1.1\" 304 -\n","timestamp":"2017-07-02T13:56:53.919Z"}
{"level":"info","message":"::1 - - [02/Jul/2017:13:56:54 +0000] \"GET /modules/authentication/views/login.html HTTP/1.1\" 304 -\n","timestamp":"2017-07-02T13:56:54.415Z"}
{"level":"info","message":"::1 - - [02/Jul/2017:13:56:54 +0000] \"GET /assets/images/logo.PNG HTTP/1.1\" 304 -\n","timestamp":"2017-07-02T13:56:54.475Z"}
{"level":"info","message":"::1 - - [02/Jul/2017:13:56:54 +0000] \"GET /bootstrap/fonts/glyphicons-halflings-regular.woff2 HTTP/1.1\" 304 -\n","timestamp":"2017-07-02T13:56:54.485Z"}
{"level":"info","message":"::1 - - [02/Jul/2017:13:57:04 +0000] \"GET /index.html HTTP/1.1\" 304 -\n","timestamp":"2017-07-02T13:57:04.233Z"}
{"level":"info","message":"::1 - - [02/Jul/2017:13:57:04 +0000] \"GET /bootstrap/css/bootstrap.min.css HTTP/1.1\" 304 -\n","timestamp":"2017-07-02T13:57:04.263Z"}
{"level":"info","message":"::1 - - [02/Jul/2017:13:57:04 +0000] \"GET /assets/css/main.css HTTP/1.1\" 304 -\n","timestamp":"2017-07-02T13:57:04.269Z"}
{"level":"info","message":"::1 - - [02/Jul/2017:13:57:04 +0000] \"GET /dist/css/AdminLTE.min.css HTTP/1.1\" 304 -\n","timestamp":"2017-07-02T13:57:04.270Z"}
{"level":"info","message":"::1 - - [02/Jul/2017:13:57:04 +0000] \"GET /dist/css/skins/skin-blue.min.css HTTP/1.1\" 304 -\n","timestamp":"2017-07-02T13:57:04.271Z"}
{"level":"info","message":"::1 - - [02/Jul/2017:13:57:04 +0000] \"GET /plugins/jQuery/jquery-2.2.3.min.js HTTP/1.1\" 304 -\n","timestamp":"2017-07-02T13:57:04.280Z"}
{"level":"info","message":"::1 - - [02/Jul/2017:13:57:04 +0000] \"GET /bootstrap/js/bootstrap.min.js HTTP/1.1\" 304 -\n","timestamp":"2017-07-02T13:57:04.285Z"}
{"level":"info","message":"::1 - - [02/Jul/2017:13:57:04 +0000] \"GET /dist/js/app.min.js HTTP/1.1\" 304 -\n","timestamp":"2017-07-02T13:57:04.292Z"}
{"level":"info","message":"::1 - - [02/Jul/2017:13:57:04 +0000] \"GET /scripts/app.js HTTP/1.1\" 304 -\n","timestamp":"2017-07-02T13:57:04.338Z"}
{"level":"info","message":"::1 - - [02/Jul/2017:13:57:04 +0000] \"GET /modules/authentication/services.js HTTP/1.1\" 304 -\n","timestamp":"2017-07-02T13:57:04.339Z"}
{"level":"info","message":"::1 - - [02/Jul/2017:13:57:04 +0000] \"GET /modules/authentication/controllers.js HTTP/1.1\" 304 -\n","timestamp":"2017-07-02T13:57:04.341Z"}
{"level":"info","message":"::1 - - [02/Jul/2017:13:57:04 +0000] \"GET /modules/home/controllers.js HTTP/1.1\" 304 -\n","timestamp":"2017-07-02T13:57:04.344Z"}
{"level":"info","message":"::1 - - [02/Jul/2017:13:57:04 +0000] \"GET /dist/img/user2-160x160.jpg HTTP/1.1\" 304 -\n","timestamp":"2017-07-02T13:57:04.350Z"}
{"level":"info","message":"::1 - - [02/Jul/2017:13:57:05 +0000] \"GET /modules/authentication/views/login.html HTTP/1.1\" 200 1220\n","timestamp":"2017-07-02T13:57:05.014Z"}
{"level":"info","message":"::1 - - [02/Jul/2017:13:57:05 +0000] \"GET /assets/images/logo.PNG HTTP/1.1\" 304 -\n","timestamp":"2017-07-02T13:57:05.060Z"}
{"level":"info","message":"::1 - - [02/Jul/2017:13:57:05 +0000] \"GET /bootstrap/fonts/glyphicons-halflings-regular.woff2 HTTP/1.1\" 304 -\n","timestamp":"2017-07-02T13:57:05.080Z"}
{"level":"info","message":"::1 - - [02/Jul/2017:13:57:12 +0000] \"GET /index.html HTTP/1.1\" 304 -\n","timestamp":"2017-07-02T13:57:12.956Z"}
{"level":"info","message":"::1 - - [02/Jul/2017:13:57:12 +0000] \"GET /bootstrap/css/bootstrap.min.css HTTP/1.1\" 304 -\n","timestamp":"2017-07-02T13:57:12.989Z"}
{"level":"info","message":"::1 - - [02/Jul/2017:13:57:12 +0000] \"GET /assets/css/main.css HTTP/1.1\" 304 -\n","timestamp":"2017-07-02T13:57:12.991Z"}
{"level":"info","message":"::1 - - [02/Jul/2017:13:57:12 +0000] \"GET /dist/css/AdminLTE.min.css HTTP/1.1\" 304 -\n","timestamp":"2017-07-02T13:57:12.993Z"}
{"level":"info","message":"::1 - - [02/Jul/2017:13:57:12 +0000] \"GET /dist/css/skins/skin-blue.min.css HTTP/1.1\" 304 -\n","timestamp":"2017-07-02T13:57:12.995Z"}
{"level":"info","message":"::1 - - [02/Jul/2017:13:57:13 +0000] \"GET /plugins/jQuery/jquery-2.2.3.min.js HTTP/1.1\" 304 -\n","timestamp":"2017-07-02T13:57:13.001Z"}
{"level":"info","message":"::1 - - [02/Jul/2017:13:57:13 +0000] \"GET /bootstrap/js/bootstrap.min.js HTTP/1.1\" 304 -\n","timestamp":"2017-07-02T13:57:13.005Z"}
{"level":"info","message":"::1 - - [02/Jul/2017:13:57:13 +0000] \"GET /dist/js/app.min.js HTTP/1.1\" 304 -\n","timestamp":"2017-07-02T13:57:13.009Z"}
{"level":"info","message":"::1 - - [02/Jul/2017:13:57:13 +0000] \"GET /scripts/app.js HTTP/1.1\" 304 -\n","timestamp":"2017-07-02T13:57:13.064Z"}
{"level":"info","message":"::1 - - [02/Jul/2017:13:57:13 +0000] \"GET /modules/authentication/services.js HTTP/1.1\" 304 -\n","timestamp":"2017-07-02T13:57:13.065Z"}
{"level":"info","message":"::1 - - [02/Jul/2017:13:57:13 +0000] \"GET /modules/authentication/controllers.js HTTP/1.1\" 304 -\n","timestamp":"2017-07-02T13:57:13.068Z"}
{"level":"info","message":"::1 - - [02/Jul/2017:13:57:13 +0000] \"GET /modules/home/controllers.js HTTP/1.1\" 304 -\n","timestamp":"2017-07-02T13:57:13.069Z"}
{"level":"info","message":"::1 - - [02/Jul/2017:13:57:13 +0000] \"GET /dist/img/user2-160x160.jpg HTTP/1.1\" 304 -\n","timestamp":"2017-07-02T13:57:13.074Z"}
{"level":"info","message":"::1 - - [02/Jul/2017:13:57:13 +0000] \"GET /modules/authentication/views/login.html HTTP/1.1\" 200 1220\n","timestamp":"2017-07-02T13:57:13.570Z"}
{"level":"info","message":"::1 - - [02/Jul/2017:13:57:13 +0000] \"GET /assets/images/logo.PNG HTTP/1.1\" 304 -\n","timestamp":"2017-07-02T13:57:13.614Z"}
{"level":"info","message":"::1 - - [02/Jul/2017:13:57:13 +0000] \"GET /bootstrap/fonts/glyphicons-halflings-regular.woff2 HTTP/1.1\" 304 -\n","timestamp":"2017-07-02T13:57:13.657Z"}
{"level":"info","message":"::1 - - [02/Jul/2017:13:57:27 +0000] \"GET /index.html HTTP/1.1\" 304 -\n","timestamp":"2017-07-02T13:57:27.294Z"}
{"level":"info","message":"::1 - - [02/Jul/2017:13:57:27 +0000] \"GET /bootstrap/css/bootstrap.min.css HTTP/1.1\" 304 -\n","timestamp":"2017-07-02T13:57:27.344Z"}
{"level":"info","message":"::1 - - [02/Jul/2017:13:57:27 +0000] \"GET /assets/css/main.css HTTP/1.1\" 304 -\n","timestamp":"2017-07-02T13:57:27.347Z"}
{"level":"info","message":"::1 - - [02/Jul/2017:13:57:27 +0000] \"GET /dist/css/AdminLTE.min.css HTTP/1.1\" 304 -\n","timestamp":"2017-07-02T13:57:27.348Z"}
{"level":"info","message":"::1 - - [02/Jul/2017:13:57:27 +0000] \"GET /dist/css/skins/skin-blue.min.css HTTP/1.1\" 304 -\n","timestamp":"2017-07-02T13:57:27.351Z"}
{"level":"info","message":"::1 - - [02/Jul/2017:13:57:27 +0000] \"GET /plugins/jQuery/jquery-2.2.3.min.js HTTP/1.1\" 304 -\n","timestamp":"2017-07-02T13:57:27.355Z"}
{"level":"info","message":"::1 - - [02/Jul/2017:13:57:27 +0000] \"GET /bootstrap/js/bootstrap.min.js HTTP/1.1\" 304 -\n","timestamp":"2017-07-02T13:57:27.360Z"}
{"level":"info","message":"::1 - - [02/Jul/2017:13:57:27 +0000] \"GET /dist/js/app.min.js HTTP/1.1\" 304 -\n","timestamp":"2017-07-02T13:57:27.365Z"}
{"level":"info","message":"::1 - - [02/Jul/2017:13:57:27 +0000] \"GET /scripts/app.js HTTP/1.1\" 304 -\n","timestamp":"2017-07-02T13:57:27.460Z"}
{"level":"info","message":"::1 - - [02/Jul/2017:13:57:27 +0000] \"GET /modules/authentication/services.js HTTP/1.1\" 304 -\n","timestamp":"2017-07-02T13:57:27.461Z"}
{"level":"info","message":"::1 - - [02/Jul/2017:13:57:27 +0000] \"GET /modules/authentication/controllers.js HTTP/1.1\" 304 -\n","timestamp":"2017-07-02T13:57:27.463Z"}
{"level":"info","message":"::1 - - [02/Jul/2017:13:57:27 +0000] \"GET /modules/home/controllers.js HTTP/1.1\" 304 -\n","timestamp":"2017-07-02T13:57:27.464Z"}
{"level":"info","message":"::1 - - [02/Jul/2017:13:57:27 +0000] \"GET /dist/img/user2-160x160.jpg HTTP/1.1\" 304 -\n","timestamp":"2017-07-02T13:57:27.465Z"}
{"level":"info","message":"::1 - - [02/Jul/2017:13:57:28 +0000] \"GET /modules/authentication/views/login.html HTTP/1.1\" 200 1220\n","timestamp":"2017-07-02T13:57:28.071Z"}
{"level":"info","message":"::1 - - [02/Jul/2017:13:57:28 +0000] \"GET /assets/images/logo.PNG HTTP/1.1\" 304 -\n","timestamp":"2017-07-02T13:57:28.125Z"}
{"level":"info","message":"::1 - - [02/Jul/2017:13:57:28 +0000] \"GET /bootstrap/fonts/glyphicons-halflings-regular.woff2 HTTP/1.1\" 304 -\n","timestamp":"2017-07-02T13:57:28.134Z"}
{"level":"info","message":"::1 - - [02/Jul/2017:13:57:35 +0000] \"GET /index.html HTTP/1.1\" 304 -\n","timestamp":"2017-07-02T13:57:35.578Z"}
{"level":"info","message":"::1 - - [02/Jul/2017:13:57:35 +0000] \"GET /bootstrap/css/bootstrap.min.css HTTP/1.1\" 304 -\n","timestamp":"2017-07-02T13:57:35.632Z"}
{"level":"info","message":"::1 - - [02/Jul/2017:13:57:35 +0000] \"GET /assets/css/main.css HTTP/1.1\" 304 -\n","timestamp":"2017-07-02T13:57:35.632Z"}
{"level":"info","message":"::1 - - [02/Jul/2017:13:57:35 +0000] \"GET /dist/css/AdminLTE.min.css HTTP/1.1\" 304 -\n","timestamp":"2017-07-02T13:57:35.633Z"}
{"level":"info","message":"::1 - - [02/Jul/2017:13:57:35 +0000] \"GET /dist/css/skins/skin-blue.min.css HTTP/1.1\" 304 -\n","timestamp":"2017-07-02T13:57:35.633Z"}
{"level":"info","message":"::1 - - [02/Jul/2017:13:57:35 +0000] \"GET /plugins/jQuery/jquery-2.2.3.min.js HTTP/1.1\" 304 -\n","timestamp":"2017-07-02T13:57:35.645Z"}
{"level":"info","message":"::1 - - [02/Jul/2017:13:57:35 +0000] \"GET /bootstrap/js/bootstrap.min.js HTTP/1.1\" 304 -\n","timestamp":"2017-07-02T13:57:35.649Z"}
{"level":"info","message":"::1 - - [02/Jul/2017:13:57:35 +0000] \"GET /dist/js/app.min.js HTTP/1.1\" 304 -\n","timestamp":"2017-07-02T13:57:35.654Z"}
{"level":"info","message":"::1 - - [02/Jul/2017:13:57:35 +0000] \"GET /scripts/app.js HTTP/1.1\" 304 -\n","timestamp":"2017-07-02T13:57:35.733Z"}
{"level":"info","message":"::1 - - [02/Jul/2017:13:57:35 +0000] \"GET /modules/authentication/services.js HTTP/1.1\" 304 -\n","timestamp":"2017-07-02T13:57:35.733Z"}
{"level":"info","message":"::1 - - [02/Jul/2017:13:57:35 +0000] \"GET /modules/authentication/controllers.js HTTP/1.1\" 304 -\n","timestamp":"2017-07-02T13:57:35.736Z"}
{"level":"info","message":"::1 - - [02/Jul/2017:13:57:35 +0000] \"GET /modules/home/controllers.js HTTP/1.1\" 304 -\n","timestamp":"2017-07-02T13:57:35.738Z"}
{"level":"info","message":"::1 - - [02/Jul/2017:13:57:35 +0000] \"GET /dist/img/user2-160x160.jpg HTTP/1.1\" 304 -\n","timestamp":"2017-07-02T13:57:35.741Z"}
{"level":"info","message":"::1 - - [02/Jul/2017:13:57:36 +0000] \"GET /modules/authentication/views/login.html HTTP/1.1\" 200 1207\n","timestamp":"2017-07-02T13:57:36.188Z"}
{"level":"info","message":"::1 - - [02/Jul/2017:13:57:36 +0000] \"GET /assets/images/logo.PNG HTTP/1.1\" 304 -\n","timestamp":"2017-07-02T13:57:36.243Z"}
{"level":"info","message":"::1 - - [02/Jul/2017:13:57:36 +0000] \"GET /bootstrap/fonts/glyphicons-halflings-regular.woff2 HTTP/1.1\" 304 -\n","timestamp":"2017-07-02T13:57:36.276Z"}
{"level":"info","message":"::1 - - [02/Jul/2017:13:57:40 +0000] \"GET /bootstrap/css/bootstrap.min.css HTTP/1.1\" 304 -\n","timestamp":"2017-07-02T13:57:40.962Z"}
{"level":"info","message":"::1 - - [02/Jul/2017:13:57:40 +0000] \"GET /assets/css/main.css HTTP/1.1\" 304 -\n","timestamp":"2017-07-02T13:57:40.963Z"}
{"level":"info","message":"::1 - - [02/Jul/2017:13:57:40 +0000] \"GET /dist/css/AdminLTE.min.css HTTP/1.1\" 304 -\n","timestamp":"2017-07-02T13:57:40.964Z"}
{"level":"info","message":"::1 - - [02/Jul/2017:13:57:40 +0000] \"GET /dist/css/skins/skin-blue.min.css HTTP/1.1\" 304 -\n","timestamp":"2017-07-02T13:57:40.966Z"}
{"level":"info","message":"::1 - - [02/Jul/2017:13:57:41 +0000] \"GET /bootstrap/css/bootstrap.min.css.map HTTP/1.1\" 304 -\n","timestamp":"2017-07-02T13:57:41.176Z"}
{"level":"info","message":"::1 - - [02/Jul/2017:13:57:53 +0000] \"GET /index.html HTTP/1.1\" 304 -\n","timestamp":"2017-07-02T13:57:53.717Z"}
{"level":"info","message":"::1 - - [02/Jul/2017:13:57:53 +0000] \"GET /bootstrap/css/bootstrap.min.css HTTP/1.1\" 304 -\n","timestamp":"2017-07-02T13:57:53.753Z"}
{"level":"info","message":"::1 - - [02/Jul/2017:13:57:53 +0000] \"GET /assets/css/main.css HTTP/1.1\" 304 -\n","timestamp":"2017-07-02T13:57:53.753Z"}
{"level":"info","message":"::1 - - [02/Jul/2017:13:57:53 +0000] \"GET /dist/css/AdminLTE.min.css HTTP/1.1\" 304 -\n","timestamp":"2017-07-02T13:57:53.754Z"}
{"level":"info","message":"::1 - - [02/Jul/2017:13:57:53 +0000] \"GET /dist/css/skins/skin-blue.min.css HTTP/1.1\" 304 -\n","timestamp":"2017-07-02T13:57:53.754Z"}
{"level":"info","message":"::1 - - [02/Jul/2017:13:57:53 +0000] \"GET /plugins/jQuery/jquery-2.2.3.min.js HTTP/1.1\" 304 -\n","timestamp":"2017-07-02T13:57:53.764Z"}
{"level":"info","message":"::1 - - [02/Jul/2017:13:57:53 +0000] \"GET /bootstrap/js/bootstrap.min.js HTTP/1.1\" 304 -\n","timestamp":"2017-07-02T13:57:53.769Z"}
{"level":"info","message":"::1 - - [02/Jul/2017:13:57:53 +0000] \"GET /dist/js/app.min.js HTTP/1.1\" 304 -\n","timestamp":"2017-07-02T13:57:53.773Z"}
{"level":"info","message":"::1 - - [02/Jul/2017:13:57:53 +0000] \"GET /scripts/app.js HTTP/1.1\" 304 -\n","timestamp":"2017-07-02T13:57:53.832Z"}
{"level":"info","message":"::1 - - [02/Jul/2017:13:57:53 +0000] \"GET /modules/authentication/services.js HTTP/1.1\" 304 -\n","timestamp":"2017-07-02T13:57:53.837Z"}
{"level":"info","message":"::1 - - [02/Jul/2017:13:57:53 +0000] \"GET /modules/authentication/controllers.js HTTP/1.1\" 304 -\n","timestamp":"2017-07-02T13:57:53.839Z"}
{"level":"info","message":"::1 - - [02/Jul/2017:13:57:53 +0000] \"GET /modules/home/controllers.js HTTP/1.1\" 304 -\n","timestamp":"2017-07-02T13:57:53.839Z"}
{"level":"info","message":"::1 - - [02/Jul/2017:13:57:53 +0000] \"GET /dist/img/user2-160x160.jpg HTTP/1.1\" 304 -\n","timestamp":"2017-07-02T13:57:53.840Z"}
{"level":"info","message":"::1 - - [02/Jul/2017:13:57:54 +0000] \"GET /modules/authentication/views/login.html HTTP/1.1\" 304 -\n","timestamp":"2017-07-02T13:57:54.204Z"}
{"level":"info","message":"::1 - - [02/Jul/2017:13:57:54 +0000] \"GET /assets/images/logo.PNG HTTP/1.1\" 304 -\n","timestamp":"2017-07-02T13:57:54.237Z"}
{"level":"info","message":"::1 - - [02/Jul/2017:13:57:54 +0000] \"GET /bootstrap/fonts/glyphicons-halflings-regular.woff2 HTTP/1.1\" 304 -\n","timestamp":"2017-07-02T13:57:54.273Z"}
{"level":"info","message":"::1 - - [02/Jul/2017:14:52:22 +0000] \"GET /index.html HTTP/1.1\" 304 -\n","timestamp":"2017-07-02T14:52:22.143Z"}
{"level":"info","message":"::1 - - [02/Jul/2017:14:52:22 +0000] \"GET /bootstrap/css/bootstrap.min.css HTTP/1.1\" 304 -\n","timestamp":"2017-07-02T14:52:22.184Z"}
{"level":"info","message":"::1 - - [02/Jul/2017:14:52:22 +0000] \"GET /assets/css/main.css HTTP/1.1\" 304 -\n","timestamp":"2017-07-02T14:52:22.184Z"}
{"level":"info","message":"::1 - - [02/Jul/2017:14:52:22 +0000] \"GET /dist/css/AdminLTE.min.css HTTP/1.1\" 304 -\n","timestamp":"2017-07-02T14:52:22.191Z"}
{"level":"info","message":"::1 - - [02/Jul/2017:14:52:22 +0000] \"GET /dist/css/skins/skin-blue.min.css HTTP/1.1\" 304 -\n","timestamp":"2017-07-02T14:52:22.192Z"}
{"level":"info","message":"::1 - - [02/Jul/2017:14:52:22 +0000] \"GET /plugins/jQuery/jquery-2.2.3.min.js HTTP/1.1\" 304 -\n","timestamp":"2017-07-02T14:52:22.209Z"}
{"level":"info","message":"::1 - - [02/Jul/2017:14:52:22 +0000] \"GET /bootstrap/js/bootstrap.min.js HTTP/1.1\" 304 -\n","timestamp":"2017-07-02T14:52:22.215Z"}
{"level":"info","message":"::1 - - [02/Jul/2017:14:52:22 +0000] \"GET /dist/js/app.min.js HTTP/1.1\" 304 -\n","timestamp":"2017-07-02T14:52:22.221Z"}
{"level":"info","message":"::1 - - [02/Jul/2017:14:52:22 +0000] \"GET /scripts/app.js HTTP/1.1\" 304 -\n","timestamp":"2017-07-02T14:52:22.299Z"}
{"level":"info","message":"::1 - - [02/Jul/2017:14:52:22 +0000] \"GET /modules/authentication/services.js HTTP/1.1\" 304 -\n","timestamp":"2017-07-02T14:52:22.302Z"}
{"level":"info","message":"::1 - - [02/Jul/2017:14:52:22 +0000] \"GET /modules/authentication/controllers.js HTTP/1.1\" 304 -\n","timestamp":"2017-07-02T14:52:22.303Z"}
{"level":"info","message":"::1 - - [02/Jul/2017:14:52:22 +0000] \"GET /modules/home/controllers.js HTTP/1.1\" 304 -\n","timestamp":"2017-07-02T14:52:22.304Z"}
{"level":"info","message":"::1 - - [02/Jul/2017:14:52:22 +0000] \"GET /dist/img/user2-160x160.jpg HTTP/1.1\" 304 -\n","timestamp":"2017-07-02T14:52:22.305Z"}
{"level":"info","message":"::1 - - [02/Jul/2017:14:52:22 +0000] \"GET /modules/authentication/views/login.html HTTP/1.1\" 200 1344\n","timestamp":"2017-07-02T14:52:22.741Z"}
{"level":"info","message":"::1 - - [02/Jul/2017:14:52:22 +0000] \"GET /assets/images/logo.PNG HTTP/1.1\" 304 -\n","timestamp":"2017-07-02T14:52:22.793Z"}
{"level":"info","message":"::1 - - [02/Jul/2017:14:52:22 +0000] \"GET /bootstrap/fonts/glyphicons-halflings-regular.woff2 HTTP/1.1\" 304 -\n","timestamp":"2017-07-02T14:52:22.794Z"}
{"level":"info","message":"::1 - - [02/Jul/2017:14:53:46 +0000] \"GET /bootstrap/css/bootstrap.min.css HTTP/1.1\" 304 -\n","timestamp":"2017-07-02T14:53:46.262Z"}
{"level":"info","message":"::1 - - [02/Jul/2017:14:53:46 +0000] \"GET /assets/css/main.css HTTP/1.1\" 304 -\n","timestamp":"2017-07-02T14:53:46.262Z"}
{"level":"info","message":"::1 - - [02/Jul/2017:14:53:46 +0000] \"GET /dist/css/AdminLTE.min.css HTTP/1.1\" 304 -\n","timestamp":"2017-07-02T14:53:46.266Z"}
{"level":"info","message":"::1 - - [02/Jul/2017:14:53:46 +0000] \"GET /dist/css/skins/skin-blue.min.css HTTP/1.1\" 304 -\n","timestamp":"2017-07-02T14:53:46.266Z"}
{"level":"info","message":"::1 - - [02/Jul/2017:14:53:46 +0000] \"GET /bootstrap/css/bootstrap.min.css.map HTTP/1.1\" 304 -\n","timestamp":"2017-07-02T14:53:46.442Z"}
{"level":"info","message":"::1 - - [02/Jul/2017:14:54:20 +0000] \"GET /index.html HTTP/1.1\" 304 -\n","timestamp":"2017-07-02T14:54:20.140Z"}
{"level":"info","message":"::1 - - [02/Jul/2017:14:54:20 +0000] \"GET /bootstrap/css/bootstrap.min.css HTTP/1.1\" 304 -\n","timestamp":"2017-07-02T14:54:20.183Z"}
{"level":"info","message":"::1 - - [02/Jul/2017:14:54:20 +0000] \"GET /assets/css/main.css HTTP/1.1\" 304 -\n","timestamp":"2017-07-02T14:54:20.183Z"}
{"level":"info","message":"::1 - - [02/Jul/2017:14:54:20 +0000] \"GET /dist/css/AdminLTE.min.css HTTP/1.1\" 304 -\n","timestamp":"2017-07-02T14:54:20.184Z"}
{"level":"info","message":"::1 - - [02/Jul/2017:14:54:20 +0000] \"GET /dist/css/skins/skin-blue.min.css HTTP/1.1\" 304 -\n","timestamp":"2017-07-02T14:54:20.184Z"}
{"level":"info","message":"::1 - - [02/Jul/2017:14:54:20 +0000] \"GET /plugins/jQuery/jquery-2.2.3.min.js HTTP/1.1\" 304 -\n","timestamp":"2017-07-02T14:54:20.194Z"}
{"level":"info","message":"::1 - - [02/Jul/2017:14:54:20 +0000] \"GET /bootstrap/js/bootstrap.min.js HTTP/1.1\" 304 -\n","timestamp":"2017-07-02T14:54:20.198Z"}
{"level":"info","message":"::1 - - [02/Jul/2017:14:54:20 +0000] \"GET /dist/js/app.min.js HTTP/1.1\" 304 -\n","timestamp":"2017-07-02T14:54:20.203Z"}
{"level":"info","message":"::1 - - [02/Jul/2017:14:54:20 +0000] \"GET /modules/authentication/services.js HTTP/1.1\" 304 -\n","timestamp":"2017-07-02T14:54:20.313Z"}
{"level":"info","message":"::1 - - [02/Jul/2017:14:54:20 +0000] \"GET /modules/authentication/controllers.js HTTP/1.1\" 304 -\n","timestamp":"2017-07-02T14:54:20.313Z"}
{"level":"info","message":"::1 - - [02/Jul/2017:14:54:20 +0000] \"GET /scripts/app.js HTTP/1.1\" 304 -\n","timestamp":"2017-07-02T14:54:20.314Z"}
{"level":"info","message":"::1 - - [02/Jul/2017:14:54:20 +0000] \"GET /modules/home/controllers.js HTTP/1.1\" 304 -\n","timestamp":"2017-07-02T14:54:20.316Z"}
{"level":"info","message":"::1 - - [02/Jul/2017:14:54:20 +0000] \"GET /dist/img/user2-160x160.jpg HTTP/1.1\" 304 -\n","timestamp":"2017-07-02T14:54:20.319Z"}
{"level":"info","message":"::1 - - [02/Jul/2017:14:54:20 +0000] \"GET /bootstrap/css/bootstrap.min.css.map HTTP/1.1\" 304 -\n","timestamp":"2017-07-02T14:54:20.644Z"}
{"level":"info","message":"::1 - - [02/Jul/2017:14:54:20 +0000] \"GET /modules/authentication/views/login.html HTTP/1.1\" 304 -\n","timestamp":"2017-07-02T14:54:20.842Z"}
{"level":"info","message":"::1 - - [02/Jul/2017:14:54:20 +0000] \"GET /assets/images/logo.PNG HTTP/1.1\" 304 -\n","timestamp":"2017-07-02T14:54:20.868Z"}
{"level":"info","message":"::1 - - [02/Jul/2017:14:54:20 +0000] \"GET /bootstrap/fonts/glyphicons-halflings-regular.woff2 HTTP/1.1\" 304 -\n","timestamp":"2017-07-02T14:54:20.918Z"}
{"level":"info","message":"::1 - - [02/Jul/2017:14:54:37 +0000] \"GET /index.html HTTP/1.1\" 304 -\n","timestamp":"2017-07-02T14:54:37.272Z"}
{"level":"info","message":"::1 - - [02/Jul/2017:14:54:37 +0000] \"GET /bootstrap/css/bootstrap.min.css HTTP/1.1\" 304 -\n","timestamp":"2017-07-02T14:54:37.319Z"}
{"level":"info","message":"::1 - - [02/Jul/2017:14:54:37 +0000] \"GET /assets/css/main.css HTTP/1.1\" 304 -\n","timestamp":"2017-07-02T14:54:37.319Z"}
{"level":"info","message":"::1 - - [02/Jul/2017:14:54:37 +0000] \"GET /dist/css/AdminLTE.min.css HTTP/1.1\" 304 -\n","timestamp":"2017-07-02T14:54:37.320Z"}
{"level":"info","message":"::1 - - [02/Jul/2017:14:54:37 +0000] \"GET /dist/css/skins/skin-blue.min.css HTTP/1.1\" 304 -\n","timestamp":"2017-07-02T14:54:37.321Z"}
{"level":"info","message":"::1 - - [02/Jul/2017:14:54:37 +0000] \"GET /plugins/jQuery/jquery-2.2.3.min.js HTTP/1.1\" 304 -\n","timestamp":"2017-07-02T14:54:37.330Z"}
{"level":"info","message":"::1 - - [02/Jul/2017:14:54:37 +0000] \"GET /bootstrap/js/bootstrap.min.js HTTP/1.1\" 304 -\n","timestamp":"2017-07-02T14:54:37.333Z"}
{"level":"info","message":"::1 - - [02/Jul/2017:14:54:37 +0000] \"GET /dist/js/app.min.js HTTP/1.1\" 304 -\n","timestamp":"2017-07-02T14:54:37.336Z"}
{"level":"info","message":"::1 - - [02/Jul/2017:14:54:37 +0000] \"GET /scripts/app.js HTTP/1.1\" 304 -\n","timestamp":"2017-07-02T14:54:37.469Z"}
{"level":"info","message":"::1 - - [02/Jul/2017:14:54:37 +0000] \"GET /modules/authentication/services.js HTTP/1.1\" 304 -\n","timestamp":"2017-07-02T14:54:37.470Z"}
{"level":"info","message":"::1 - - [02/Jul/2017:14:54:37 +0000] \"GET /modules/authentication/controllers.js HTTP/1.1\" 304 -\n","timestamp":"2017-07-02T14:54:37.470Z"}
{"level":"info","message":"::1 - - [02/Jul/2017:14:54:37 +0000] \"GET /modules/home/controllers.js HTTP/1.1\" 304 -\n","timestamp":"2017-07-02T14:54:37.472Z"}
{"level":"info","message":"::1 - - [02/Jul/2017:14:54:37 +0000] \"GET /dist/img/user2-160x160.jpg HTTP/1.1\" 304 -\n","timestamp":"2017-07-02T14:54:37.474Z"}
{"level":"info","message":"::1 - - [02/Jul/2017:14:54:37 +0000] \"GET /bootstrap/css/bootstrap.min.css.map HTTP/1.1\" 304 -\n","timestamp":"2017-07-02T14:54:37.872Z"}
{"level":"info","message":"::1 - - [02/Jul/2017:14:54:38 +0000] \"GET /modules/authentication/views/login.html HTTP/1.1\" 200 1343\n","timestamp":"2017-07-02T14:54:38.333Z"}
{"level":"info","message":"::1 - - [02/Jul/2017:14:54:38 +0000] \"GET /assets/images/logo.PNG HTTP/1.1\" 304 -\n","timestamp":"2017-07-02T14:54:38.397Z"}
{"level":"info","message":"::1 - - [02/Jul/2017:14:54:38 +0000] \"GET /bootstrap/fonts/glyphicons-halflings-regular.woff2 HTTP/1.1\" 304 -\n","timestamp":"2017-07-02T14:54:38.433Z"}
{"level":"info","message":"::1 - - [02/Jul/2017:14:56:05 +0000] \"GET /bootstrap/css/bootstrap.min.css HTTP/1.1\" 304 -\n","timestamp":"2017-07-02T14:56:05.510Z"}
{"level":"info","message":"::1 - - [02/Jul/2017:14:56:05 +0000] \"GET /assets/css/main.css HTTP/1.1\" 304 -\n","timestamp":"2017-07-02T14:56:05.514Z"}
{"level":"info","message":"::1 - - [02/Jul/2017:14:56:05 +0000] \"GET /dist/css/AdminLTE.min.css HTTP/1.1\" 304 -\n","timestamp":"2017-07-02T14:56:05.518Z"}
{"level":"info","message":"::1 - - [02/Jul/2017:14:56:05 +0000] \"GET /dist/css/skins/skin-blue.min.css HTTP/1.1\" 304 -\n","timestamp":"2017-07-02T14:56:05.518Z"}
{"level":"info","message":"::1 - - [02/Jul/2017:14:56:05 +0000] \"GET /bootstrap/css/bootstrap.min.css.map HTTP/1.1\" 304 -\n","timestamp":"2017-07-02T14:56:05.750Z"}
{"level":"info","message":"::1 - - [02/Jul/2017:14:58:26 +0000] \"GET /index.html HTTP/1.1\" 304 -\n","timestamp":"2017-07-02T14:58:26.726Z"}
{"level":"info","message":"::1 - - [02/Jul/2017:14:58:26 +0000] \"GET /bootstrap/css/bootstrap.min.css HTTP/1.1\" 304 -\n","timestamp":"2017-07-02T14:58:26.767Z"}
{"level":"info","message":"::1 - - [02/Jul/2017:14:58:26 +0000] \"GET /assets/css/main.css HTTP/1.1\" 304 -\n","timestamp":"2017-07-02T14:58:26.768Z"}
{"level":"info","message":"::1 - - [02/Jul/2017:14:58:26 +0000] \"GET /dist/css/AdminLTE.min.css HTTP/1.1\" 304 -\n","timestamp":"2017-07-02T14:58:26.769Z"}
{"level":"info","message":"::1 - - [02/Jul/2017:14:58:26 +0000] \"GET /dist/css/skins/skin-blue.min.css HTTP/1.1\" 304 -\n","timestamp":"2017-07-02T14:58:26.770Z"}
{"level":"info","message":"::1 - - [02/Jul/2017:14:58:26 +0000] \"GET /plugins/jQuery/jquery-2.2.3.min.js HTTP/1.1\" 304 -\n","timestamp":"2017-07-02T14:58:26.775Z"}
{"level":"info","message":"::1 - - [02/Jul/2017:14:58:26 +0000] \"GET /bootstrap/js/bootstrap.min.js HTTP/1.1\" 304 -\n","timestamp":"2017-07-02T14:58:26.778Z"}
{"level":"info","message":"::1 - - [02/Jul/2017:14:58:26 +0000] \"GET /dist/js/app.min.js HTTP/1.1\" 304 -\n","timestamp":"2017-07-02T14:58:26.782Z"}
{"level":"info","message":"::1 - - [02/Jul/2017:14:58:26 +0000] \"GET /scripts/app.js HTTP/1.1\" 304 -\n","timestamp":"2017-07-02T14:58:26.849Z"}
{"level":"info","message":"::1 - - [02/Jul/2017:14:58:26 +0000] \"GET /modules/authentication/services.js HTTP/1.1\" 304 -\n","timestamp":"2017-07-02T14:58:26.850Z"}
{"level":"info","message":"::1 - - [02/Jul/2017:14:58:26 +0000] \"GET /modules/home/controllers.js HTTP/1.1\" 304 -\n","timestamp":"2017-07-02T14:58:26.853Z"}
{"level":"info","message":"::1 - - [02/Jul/2017:14:58:26 +0000] \"GET /modules/authentication/controllers.js HTTP/1.1\" 200 844\n","timestamp":"2017-07-02T14:58:26.854Z"}
{"level":"info","message":"::1 - - [02/Jul/2017:14:58:26 +0000] \"GET /dist/img/user2-160x160.jpg HTTP/1.1\" 304 -\n","timestamp":"2017-07-02T14:58:26.857Z"}
{"level":"info","message":"::1 - - [02/Jul/2017:14:58:27 +0000] \"GET /modules/authentication/views/login.html HTTP/1.1\" 200 1355\n","timestamp":"2017-07-02T14:58:27.216Z"}
{"level":"info","message":"::1 - - [02/Jul/2017:14:58:27 +0000] \"GET /assets/images/logo.PNG HTTP/1.1\" 304 -\n","timestamp":"2017-07-02T14:58:27.254Z"}
{"level":"info","message":"::1 - - [02/Jul/2017:14:58:27 +0000] \"GET /bootstrap/fonts/glyphicons-halflings-regular.woff2 HTTP/1.1\" 304 -\n","timestamp":"2017-07-02T14:58:27.290Z"}
{"level":"info","message":"::1 - - [02/Jul/2017:15:02:14 +0000] \"GET /bootstrap/css/bootstrap.min.css HTTP/1.1\" 304 -\n","timestamp":"2017-07-02T15:02:14.544Z"}
{"level":"info","message":"::1 - - [02/Jul/2017:15:02:14 +0000] \"GET /assets/css/main.css HTTP/1.1\" 304 -\n","timestamp":"2017-07-02T15:02:14.546Z"}
{"level":"info","message":"::1 - - [02/Jul/2017:15:02:14 +0000] \"GET /dist/css/AdminLTE.min.css HTTP/1.1\" 304 -\n","timestamp":"2017-07-02T15:02:14.547Z"}
{"level":"info","message":"::1 - - [02/Jul/2017:15:02:14 +0000] \"GET /dist/css/skins/skin-blue.min.css HTTP/1.1\" 304 -\n","timestamp":"2017-07-02T15:02:14.547Z"}
{"level":"info","message":"::1 - - [02/Jul/2017:15:02:14 +0000] \"GET /bootstrap/css/bootstrap.min.css.map HTTP/1.1\" 304 -\n","timestamp":"2017-07-02T15:02:14.759Z"}
{"level":"info","message":"::1 - - [02/Jul/2017:15:03:20 +0000] \"GET /index.html HTTP/1.1\" 304 -\n","timestamp":"2017-07-02T15:03:20.692Z"}
{"level":"info","message":"::1 - - [02/Jul/2017:15:03:20 +0000] \"GET /bootstrap/css/bootstrap.min.css HTTP/1.1\" 304 -\n","timestamp":"2017-07-02T15:03:20.737Z"}
{"level":"info","message":"::1 - - [02/Jul/2017:15:03:20 +0000] \"GET /assets/css/main.css HTTP/1.1\" 304 -\n","timestamp":"2017-07-02T15:03:20.739Z"}
{"level":"info","message":"::1 - - [02/Jul/2017:15:03:20 +0000] \"GET /dist/css/AdminLTE.min.css HTTP/1.1\" 304 -\n","timestamp":"2017-07-02T15:03:20.740Z"}
{"level":"info","message":"::1 - - [02/Jul/2017:15:03:20 +0000] \"GET /dist/css/skins/skin-blue.min.css HTTP/1.1\" 304 -\n","timestamp":"2017-07-02T15:03:20.741Z"}
{"level":"info","message":"::1 - - [02/Jul/2017:15:03:20 +0000] \"GET /plugins/jQuery/jquery-2.2.3.min.js HTTP/1.1\" 304 -\n","timestamp":"2017-07-02T15:03:20.750Z"}
{"level":"info","message":"::1 - - [02/Jul/2017:15:03:20 +0000] \"GET /bootstrap/js/bootstrap.min.js HTTP/1.1\" 304 -\n","timestamp":"2017-07-02T15:03:20.755Z"}
{"level":"info","message":"::1 - - [02/Jul/2017:15:03:20 +0000] \"GET /dist/js/app.min.js HTTP/1.1\" 304 -\n","timestamp":"2017-07-02T15:03:20.759Z"}
{"level":"info","message":"::1 - - [02/Jul/2017:15:03:20 +0000] \"GET /scripts/app.js HTTP/1.1\" 304 -\n","timestamp":"2017-07-02T15:03:20.955Z"}
{"level":"info","message":"::1 - - [02/Jul/2017:15:03:20 +0000] \"GET /modules/authentication/controllers.js HTTP/1.1\" 304 -\n","timestamp":"2017-07-02T15:03:20.956Z"}
{"level":"info","message":"::1 - - [02/Jul/2017:15:03:20 +0000] \"GET /modules/home/controllers.js HTTP/1.1\" 304 -\n","timestamp":"2017-07-02T15:03:20.956Z"}
{"level":"info","message":"::1 - - [02/Jul/2017:15:03:20 +0000] \"GET /dist/img/user2-160x160.jpg HTTP/1.1\" 304 -\n","timestamp":"2017-07-02T15:03:20.957Z"}
{"level":"info","message":"::1 - - [02/Jul/2017:15:03:20 +0000] \"GET /modules/authentication/services.js HTTP/1.1\" 200 4399\n","timestamp":"2017-07-02T15:03:20.959Z"}
{"level":"info","message":"::1 - - [02/Jul/2017:15:03:21 +0000] \"GET /bootstrap/css/bootstrap.min.css.map HTTP/1.1\" 304 -\n","timestamp":"2017-07-02T15:03:21.359Z"}
{"level":"info","message":"::1 - - [02/Jul/2017:15:03:21 +0000] \"GET /modules/authentication/views/login.html HTTP/1.1\" 304 -\n","timestamp":"2017-07-02T15:03:21.680Z"}
{"level":"info","message":"::1 - - [02/Jul/2017:15:03:21 +0000] \"GET /assets/images/logo.PNG HTTP/1.1\" 304 -\n","timestamp":"2017-07-02T15:03:21.731Z"}
{"level":"info","message":"::1 - - [02/Jul/2017:15:03:21 +0000] \"GET /bootstrap/fonts/glyphicons-halflings-regular.woff2 HTTP/1.1\" 304 -\n","timestamp":"2017-07-02T15:03:21.785Z"}
{"level":"info","message":"::1 - - [02/Jul/2017:15:03:38 +0000] \"POST /api/usuarios/autenticarUsuario HTTP/1.1\" 404 170\n","timestamp":"2017-07-02T15:03:38.445Z"}
{"level":"info","message":"::1 - - [02/Jul/2017:15:07:40 +0000] \"GET /usuarios HTTP/1.1\" 200 3\n","timestamp":"2017-07-02T15:07:40.410Z"}
{"level":"info","message":"::1 - - [02/Jul/2017:15:07:53 +0000] \"GET /api/usuarios HTTP/1.1\" 404 151\n","timestamp":"2017-07-02T15:07:53.395Z"}
{"level":"info","message":"::1 - - [02/Jul/2017:15:08:30 +0000] \"GET /api/usuarios HTTP/1.1\" 200 3\n","timestamp":"2017-07-02T15:08:30.355Z"}
{"level":"info","message":"::1 - - [02/Jul/2017:15:08:46 +0000] \"POST /api/usuarios/autenticarUsuario HTTP/1.1\" 401 -\n","timestamp":"2017-07-02T15:08:46.050Z"}
{"level":"info","message":"::1 - - [02/Jul/2017:15:09:49 +0000] \"POST /api/usuarios/autenticarUsuario HTTP/1.1\" 401 -\n","timestamp":"2017-07-02T15:09:49.079Z"}
{"level":"info","message":"::1 - - [02/Jul/2017:15:10:04 +0000] \"GET /index.html HTTP/1.1\" 304 -\n","timestamp":"2017-07-02T15:10:04.984Z"}
{"level":"info","message":"::1 - - [02/Jul/2017:15:10:05 +0000] \"GET /bootstrap/css/bootstrap.min.css HTTP/1.1\" 304 -\n","timestamp":"2017-07-02T15:10:05.038Z"}
{"level":"info","message":"::1 - - [02/Jul/2017:15:10:05 +0000] \"GET /assets/css/main.css HTTP/1.1\" 304 -\n","timestamp":"2017-07-02T15:10:05.042Z"}
{"level":"info","message":"::1 - - [02/Jul/2017:15:10:05 +0000] \"GET /dist/css/AdminLTE.min.css HTTP/1.1\" 304 -\n","timestamp":"2017-07-02T15:10:05.043Z"}
{"level":"info","message":"::1 - - [02/Jul/2017:15:10:05 +0000] \"GET /dist/css/skins/skin-blue.min.css HTTP/1.1\" 304 -\n","timestamp":"2017-07-02T15:10:05.043Z"}
{"level":"info","message":"::1 - - [02/Jul/2017:15:10:05 +0000] \"GET /plugins/jQuery/jquery-2.2.3.min.js HTTP/1.1\" 304 -\n","timestamp":"2017-07-02T15:10:05.061Z"}
{"level":"info","message":"::1 - - [02/Jul/2017:15:10:05 +0000] \"GET /bootstrap/js/bootstrap.min.js HTTP/1.1\" 304 -\n","timestamp":"2017-07-02T15:10:05.069Z"}
{"level":"info","message":"::1 - - [02/Jul/2017:15:10:05 +0000] \"GET /dist/js/app.min.js HTTP/1.1\" 304 -\n","timestamp":"2017-07-02T15:10:05.077Z"}
{"level":"info","message":"::1 - - [02/Jul/2017:15:10:05 +0000] \"GET /scripts/app.js HTTP/1.1\" 304 -\n","timestamp":"2017-07-02T15:10:05.184Z"}
{"level":"info","message":"::1 - - [02/Jul/2017:15:10:05 +0000] \"GET /modules/authentication/controllers.js HTTP/1.1\" 304 -\n","timestamp":"2017-07-02T15:10:05.189Z"}
{"level":"info","message":"::1 - - [02/Jul/2017:15:10:05 +0000] \"GET /modules/home/controllers.js HTTP/1.1\" 304 -\n","timestamp":"2017-07-02T15:10:05.198Z"}
{"level":"info","message":"::1 - - [02/Jul/2017:15:10:05 +0000] \"GET /dist/img/user2-160x160.jpg HTTP/1.1\" 304 -\n","timestamp":"2017-07-02T15:10:05.199Z"}
{"level":"info","message":"::1 - - [02/Jul/2017:15:10:05 +0000] \"GET /modules/authentication/services.js HTTP/1.1\" 200 4402\n","timestamp":"2017-07-02T15:10:05.202Z"}
{"level":"info","message":"::1 - - [02/Jul/2017:15:10:05 +0000] \"GET /bootstrap/css/bootstrap.min.css.map HTTP/1.1\" 304 -\n","timestamp":"2017-07-02T15:10:05.569Z"}
{"level":"info","message":"::1 - - [02/Jul/2017:15:10:05 +0000] \"GET /modules/authentication/views/login.html HTTP/1.1\" 304 -\n","timestamp":"2017-07-02T15:10:05.769Z"}
{"level":"info","message":"::1 - - [02/Jul/2017:15:10:05 +0000] \"GET /assets/images/logo.PNG HTTP/1.1\" 304 -\n","timestamp":"2017-07-02T15:10:05.818Z"}
{"level":"info","message":"::1 - - [02/Jul/2017:15:10:05 +0000] \"GET /bootstrap/fonts/glyphicons-halflings-regular.woff2 HTTP/1.1\" 304 -\n","timestamp":"2017-07-02T15:10:05.858Z"}
{"level":"info","message":"::1 - - [02/Jul/2017:15:10:17 +0000] \"POST /api/usuarios/autenticarUsuario HTTP/1.1\" 401 -\n","timestamp":"2017-07-02T15:10:17.207Z"}
{"level":"info","message":"::1 - - [02/Jul/2017:15:15:53 +0000] \"GET /index.html HTTP/1.1\" 200 15829\n","timestamp":"2017-07-02T15:15:53.845Z"}
{"level":"info","message":"::1 - - [02/Jul/2017:15:15:53 +0000] \"GET /assets/css/main.css HTTP/1.1\" 200 54\n","timestamp":"2017-07-02T15:15:53.947Z"}
{"level":"info","message":"::1 - - [02/Jul/2017:15:15:53 +0000] \"GET /bootstrap/css/bootstrap.min.css HTTP/1.1\" 200 121205\n","timestamp":"2017-07-02T15:15:53.959Z"}
{"level":"info","message":"::1 - - [02/Jul/2017:15:15:53 +0000] \"GET /dist/css/AdminLTE.min.css HTTP/1.1\" 200 90396\n","timestamp":"2017-07-02T15:15:53.963Z"}
{"level":"info","message":"::1 - - [02/Jul/2017:15:15:53 +0000] \"GET /dist/css/skins/skin-blue.min.css HTTP/1.1\" 200 3037\n","timestamp":"2017-07-02T15:15:53.968Z"}
{"level":"info","message":"::1 - - [02/Jul/2017:15:15:54 +0000] \"GET /plugins/jQuery/jquery-2.2.3.min.js HTTP/1.1\" 200 85663\n","timestamp":"2017-07-02T15:15:54.123Z"}
{"level":"info","message":"::1 - - [02/Jul/2017:15:15:54 +0000] \"GET /modules/authentication/services.js HTTP/1.1\" 200 4478\n","timestamp":"2017-07-02T15:15:54.194Z"}
{"level":"info","message":"::1 - - [02/Jul/2017:15:15:54 +0000] \"GET /bootstrap/js/bootstrap.min.js HTTP/1.1\" 200 37051\n","timestamp":"2017-07-02T15:15:54.196Z"}
{"level":"info","message":"::1 - - [02/Jul/2017:15:15:54 +0000] \"GET /dist/js/app.min.js HTTP/1.1\" 200 9935\n","timestamp":"2017-07-02T15:15:54.196Z"}
{"level":"info","message":"::1 - - [02/Jul/2017:15:15:54 +0000] \"GET /modules/home/controllers.js HTTP/1.1\" 200 -\n","timestamp":"2017-07-02T15:15:54.197Z"}
{"level":"info","message":"::1 - - [02/Jul/2017:15:15:54 +0000] \"GET /scripts/app.js HTTP/1.1\" 200 1371\n","timestamp":"2017-07-02T15:15:54.200Z"}
{"level":"info","message":"::1 - - [02/Jul/2017:15:15:54 +0000] \"GET /modules/authentication/controllers.js HTTP/1.1\" 200 844\n","timestamp":"2017-07-02T15:15:54.203Z"}
{"level":"info","message":"::1 - - [02/Jul/2017:15:15:54 +0000] \"GET /dist/img/user2-160x160.jpg HTTP/1.1\" 200 7070\n","timestamp":"2017-07-02T15:15:54.218Z"}
{"level":"info","message":"::1 - - [02/Jul/2017:15:15:54 +0000] \"GET /bootstrap/css/bootstrap.min.css.map HTTP/1.1\" 304 -\n","timestamp":"2017-07-02T15:15:54.632Z"}
{"level":"info","message":"::1 - - [02/Jul/2017:15:15:58 +0000] \"GET /modules/authentication/views/login.html HTTP/1.1\" 200 1355\n","timestamp":"2017-07-02T15:15:58.761Z"}
{"level":"info","message":"::1 - - [02/Jul/2017:15:15:58 +0000] \"GET /assets/images/logo.PNG HTTP/1.1\" 304 -\n","timestamp":"2017-07-02T15:15:58.826Z"}
{"level":"info","message":"::1 - - [02/Jul/2017:15:15:58 +0000] \"GET /bootstrap/fonts/glyphicons-halflings-regular.woff2 HTTP/1.1\" 200 18028\n","timestamp":"2017-07-02T15:15:58.864Z"}
{"level":"info","message":"::1 - - [02/Jul/2017:15:16:10 +0000] \"POST /api/usuarios/autenticarUsuario HTTP/1.1\" 401 -\n","timestamp":"2017-07-02T15:16:10.311Z"}
{"level":"info","message":"::1 - - [02/Jul/2017:15:30:41 +0000] \"GET /index.html HTTP/1.1\" 200 15933\n","timestamp":"2017-07-02T15:30:41.537Z"}
{"level":"info","message":"::1 - - [02/Jul/2017:15:30:41 +0000] \"GET /bootstrap/css/bootstrap.min.css HTTP/1.1\" 304 -\n","timestamp":"2017-07-02T15:30:41.580Z"}
{"level":"info","message":"::1 - - [02/Jul/2017:15:30:41 +0000] \"GET /assets/css/main.css HTTP/1.1\" 200 422\n","timestamp":"2017-07-02T15:30:41.583Z"}
{"level":"info","message":"::1 - - [02/Jul/2017:15:30:41 +0000] \"GET /dist/css/AdminLTE.min.css HTTP/1.1\" 304 -\n","timestamp":"2017-07-02T15:30:41.589Z"}
{"level":"info","message":"::1 - - [02/Jul/2017:15:30:41 +0000] \"GET /dist/css/skins/skin-blue.min.css HTTP/1.1\" 304 -\n","timestamp":"2017-07-02T15:30:41.592Z"}
{"level":"info","message":"::1 - - [02/Jul/2017:15:30:41 +0000] \"GET /plugins/jQuery/jquery-2.2.3.min.js HTTP/1.1\" 304 -\n","timestamp":"2017-07-02T15:30:41.595Z"}
{"level":"info","message":"::1 - - [02/Jul/2017:15:30:41 +0000] \"GET /bootstrap/js/bootstrap.min.js HTTP/1.1\" 304 -\n","timestamp":"2017-07-02T15:30:41.600Z"}
{"level":"info","message":"::1 - - [02/Jul/2017:15:30:41 +0000] \"GET /dist/js/app.min.js HTTP/1.1\" 304 -\n","timestamp":"2017-07-02T15:30:41.605Z"}
{"level":"info","message":"::1 - - [02/Jul/2017:15:30:41 +0000] \"GET /scripts/app.js HTTP/1.1\" 304 -\n","timestamp":"2017-07-02T15:30:41.711Z"}
{"level":"info","message":"::1 - - [02/Jul/2017:15:30:41 +0000] \"GET /modules/authentication/services.js HTTP/1.1\" 304 -\n","timestamp":"2017-07-02T15:30:41.714Z"}
{"level":"info","message":"::1 - - [02/Jul/2017:15:30:41 +0000] \"GET /modules/authentication/controllers.js HTTP/1.1\" 304 -\n","timestamp":"2017-07-02T15:30:41.719Z"}
{"level":"info","message":"::1 - - [02/Jul/2017:15:30:41 +0000] \"GET /modules/home/controllers.js HTTP/1.1\" 304 -\n","timestamp":"2017-07-02T15:30:41.719Z"}
{"level":"info","message":"::1 - - [02/Jul/2017:15:30:41 +0000] \"GET /dist/img/user2-160x160.jpg HTTP/1.1\" 304 -\n","timestamp":"2017-07-02T15:30:41.720Z"}
{"level":"info","message":"::1 - - [02/Jul/2017:15:30:41 +0000] \"GET /lib/jQuery/images/ajax-loader.gif HTTP/1.1\" 404 172\n","timestamp":"2017-07-02T15:30:41.724Z"}
{"level":"info","message":"::1 - - [02/Jul/2017:15:30:42 +0000] \"GET /bootstrap/css/bootstrap.min.css.map HTTP/1.1\" 304 -\n","timestamp":"2017-07-02T15:30:42.141Z"}
{"level":"info","message":"::1 - - [02/Jul/2017:15:30:42 +0000] \"GET /modules/authentication/views/login.html HTTP/1.1\" 304 -\n","timestamp":"2017-07-02T15:30:42.457Z"}
{"level":"info","message":"::1 - - [02/Jul/2017:15:30:42 +0000] \"GET /lib/jQuery/images/ajax-loader.gif HTTP/1.1\" 404 172\n","timestamp":"2017-07-02T15:30:42.463Z"}
{"level":"info","message":"::1 - - [02/Jul/2017:15:30:42 +0000] \"GET /assets/images/logo.PNG HTTP/1.1\" 304 -\n","timestamp":"2017-07-02T15:30:42.484Z"}
{"level":"info","message":"::1 - - [02/Jul/2017:15:30:42 +0000] \"GET /bootstrap/fonts/glyphicons-halflings-regular.woff2 HTTP/1.1\" 304 -\n","timestamp":"2017-07-02T15:30:42.541Z"}
{"level":"info","message":"::1 - - [02/Jul/2017:15:32:34 +0000] \"GET /index.html HTTP/1.1\" 200 15929\n","timestamp":"2017-07-02T15:32:34.259Z"}
{"level":"info","message":"::1 - - [02/Jul/2017:15:32:34 +0000] \"GET /bootstrap/css/bootstrap.min.css HTTP/1.1\" 304 -\n","timestamp":"2017-07-02T15:32:34.299Z"}
{"level":"info","message":"::1 - - [02/Jul/2017:15:32:34 +0000] \"GET /assets/css/main.css HTTP/1.1\" 304 -\n","timestamp":"2017-07-02T15:32:34.300Z"}
{"level":"info","message":"::1 - - [02/Jul/2017:15:32:34 +0000] \"GET /dist/css/AdminLTE.min.css HTTP/1.1\" 304 -\n","timestamp":"2017-07-02T15:32:34.301Z"}
{"level":"info","message":"::1 - - [02/Jul/2017:15:32:34 +0000] \"GET /dist/css/skins/skin-blue.min.css HTTP/1.1\" 304 -\n","timestamp":"2017-07-02T15:32:34.302Z"}
{"level":"info","message":"::1 - - [02/Jul/2017:15:32:34 +0000] \"GET /plugins/jQuery/jquery-2.2.3.min.js HTTP/1.1\" 304 -\n","timestamp":"2017-07-02T15:32:34.308Z"}
{"level":"info","message":"::1 - - [02/Jul/2017:15:32:34 +0000] \"GET /bootstrap/js/bootstrap.min.js HTTP/1.1\" 304 -\n","timestamp":"2017-07-02T15:32:34.313Z"}
{"level":"info","message":"::1 - - [02/Jul/2017:15:32:34 +0000] \"GET /dist/js/app.min.js HTTP/1.1\" 304 -\n","timestamp":"2017-07-02T15:32:34.322Z"}
{"level":"info","message":"::1 - - [02/Jul/2017:15:32:34 +0000] \"GET /scripts/app.js HTTP/1.1\" 304 -\n","timestamp":"2017-07-02T15:32:34.444Z"}
{"level":"info","message":"::1 - - [02/Jul/2017:15:32:34 +0000] \"GET /modules/authentication/services.js HTTP/1.1\" 304 -\n","timestamp":"2017-07-02T15:32:34.447Z"}
{"level":"info","message":"::1 - - [02/Jul/2017:15:32:34 +0000] \"GET /modules/authentication/controllers.js HTTP/1.1\" 304 -\n","timestamp":"2017-07-02T15:32:34.448Z"}
{"level":"info","message":"::1 - - [02/Jul/2017:15:32:34 +0000] \"GET /modules/home/controllers.js HTTP/1.1\" 304 -\n","timestamp":"2017-07-02T15:32:34.448Z"}
{"level":"info","message":"::1 - - [02/Jul/2017:15:32:34 +0000] \"GET /dist/img/user2-160x160.jpg HTTP/1.1\" 304 -\n","timestamp":"2017-07-02T15:32:34.453Z"}
{"level":"info","message":"::1 - - [02/Jul/2017:15:32:34 +0000] \"GET /assets/images/ajax-loader.gif HTTP/1.1\" 200 47932\n","timestamp":"2017-07-02T15:32:34.475Z"}
{"level":"info","message":"::1 - - [02/Jul/2017:15:32:34 +0000] \"GET /bootstrap/css/bootstrap.min.css.map HTTP/1.1\" 304 -\n","timestamp":"2017-07-02T15:32:34.893Z"}
{"level":"info","message":"::1 - - [02/Jul/2017:15:32:35 +0000] \"GET /modules/authentication/views/login.html HTTP/1.1\" 304 -\n","timestamp":"2017-07-02T15:32:35.283Z"}
{"level":"info","message":"::1 - - [02/Jul/2017:15:32:35 +0000] \"GET /assets/images/logo.PNG HTTP/1.1\" 304 -\n","timestamp":"2017-07-02T15:32:35.368Z"}
{"level":"info","message":"::1 - - [02/Jul/2017:15:32:35 +0000] \"GET /bootstrap/fonts/glyphicons-halflings-regular.woff2 HTTP/1.1\" 304 -\n","timestamp":"2017-07-02T15:32:35.435Z"}
{"level":"info","message":"::1 - - [02/Jul/2017:15:33:55 +0000] \"GET /index.html HTTP/1.1\" 304 -\n","timestamp":"2017-07-02T15:33:55.080Z"}
{"level":"info","message":"::1 - - [02/Jul/2017:15:33:55 +0000] \"GET /bootstrap/css/bootstrap.min.css HTTP/1.1\" 304 -\n","timestamp":"2017-07-02T15:33:55.120Z"}
{"level":"info","message":"::1 - - [02/Jul/2017:15:33:55 +0000] \"GET /assets/css/main.css HTTP/1.1\" 304 -\n","timestamp":"2017-07-02T15:33:55.123Z"}
{"level":"info","message":"::1 - - [02/Jul/2017:15:33:55 +0000] \"GET /dist/css/AdminLTE.min.css HTTP/1.1\" 304 -\n","timestamp":"2017-07-02T15:33:55.124Z"}
{"level":"info","message":"::1 - - [02/Jul/2017:15:33:55 +0000] \"GET /dist/css/skins/skin-blue.min.css HTTP/1.1\" 304 -\n","timestamp":"2017-07-02T15:33:55.124Z"}
{"level":"info","message":"::1 - - [02/Jul/2017:15:33:55 +0000] \"GET /plugins/jQuery/jquery-2.2.3.min.js HTTP/1.1\" 304 -\n","timestamp":"2017-07-02T15:33:55.135Z"}
{"level":"info","message":"::1 - - [02/Jul/2017:15:33:55 +0000] \"GET /bootstrap/js/bootstrap.min.js HTTP/1.1\" 304 -\n","timestamp":"2017-07-02T15:33:55.142Z"}
{"level":"info","message":"::1 - - [02/Jul/2017:15:33:55 +0000] \"GET /dist/js/app.min.js HTTP/1.1\" 304 -\n","timestamp":"2017-07-02T15:33:55.152Z"}
{"level":"info","message":"::1 - - [02/Jul/2017:15:33:55 +0000] \"GET /scripts/app.js HTTP/1.1\" 304 -\n","timestamp":"2017-07-02T15:33:55.227Z"}
{"level":"info","message":"::1 - - [02/Jul/2017:15:33:55 +0000] \"GET /modules/authentication/services.js HTTP/1.1\" 304 -\n","timestamp":"2017-07-02T15:33:55.229Z"}
{"level":"info","message":"::1 - - [02/Jul/2017:15:33:55 +0000] \"GET /modules/authentication/controllers.js HTTP/1.1\" 304 -\n","timestamp":"2017-07-02T15:33:55.233Z"}
{"level":"info","message":"::1 - - [02/Jul/2017:15:33:55 +0000] \"GET /modules/home/controllers.js HTTP/1.1\" 304 -\n","timestamp":"2017-07-02T15:33:55.234Z"}
{"level":"info","message":"::1 - - [02/Jul/2017:15:33:55 +0000] \"GET /dist/img/user2-160x160.jpg HTTP/1.1\" 304 -\n","timestamp":"2017-07-02T15:33:55.237Z"}
{"level":"info","message":"::1 - - [02/Jul/2017:15:33:55 +0000] \"GET /assets/images/ajax-loader.gif HTTP/1.1\" 200 37060\n","timestamp":"2017-07-02T15:33:55.239Z"}
{"level":"info","message":"::1 - - [02/Jul/2017:15:33:55 +0000] \"GET /modules/authentication/views/login.html HTTP/1.1\" 304 -\n","timestamp":"2017-07-02T15:33:55.659Z"}
{"level":"info","message":"::1 - - [02/Jul/2017:15:33:55 +0000] \"GET /assets/images/logo.PNG HTTP/1.1\" 304 -\n","timestamp":"2017-07-02T15:33:55.722Z"}
{"level":"info","message":"::1 - - [02/Jul/2017:15:33:55 +0000] \"GET /bootstrap/fonts/glyphicons-halflings-regular.woff2 HTTP/1.1\" 304 -\n","timestamp":"2017-07-02T15:33:55.735Z"}
{"level":"info","message":"::1 - - [02/Jul/2017:15:34:39 +0000] \"GET /index.html HTTP/1.1\" 304 -\n","timestamp":"2017-07-02T15:34:39.218Z"}
{"level":"info","message":"::1 - - [02/Jul/2017:15:34:39 +0000] \"GET /bootstrap/css/bootstrap.min.css HTTP/1.1\" 304 -\n","timestamp":"2017-07-02T15:34:39.259Z"}
{"level":"info","message":"::1 - - [02/Jul/2017:15:34:39 +0000] \"GET /assets/css/main.css HTTP/1.1\" 304 -\n","timestamp":"2017-07-02T15:34:39.259Z"}
{"level":"info","message":"::1 - - [02/Jul/2017:15:34:39 +0000] \"GET /dist/css/AdminLTE.min.css HTTP/1.1\" 304 -\n","timestamp":"2017-07-02T15:34:39.260Z"}
{"level":"info","message":"::1 - - [02/Jul/2017:15:34:39 +0000] \"GET /dist/css/skins/skin-blue.min.css HTTP/1.1\" 304 -\n","timestamp":"2017-07-02T15:34:39.261Z"}
{"level":"info","message":"::1 - - [02/Jul/2017:15:34:39 +0000] \"GET /plugins/jQuery/jquery-2.2.3.min.js HTTP/1.1\" 304 -\n","timestamp":"2017-07-02T15:34:39.269Z"}
{"level":"info","message":"::1 - - [02/Jul/2017:15:34:39 +0000] \"GET /bootstrap/js/bootstrap.min.js HTTP/1.1\" 304 -\n","timestamp":"2017-07-02T15:34:39.273Z"}
{"level":"info","message":"::1 - - [02/Jul/2017:15:34:39 +0000] \"GET /dist/js/app.min.js HTTP/1.1\" 304 -\n","timestamp":"2017-07-02T15:34:39.277Z"}
{"level":"info","message":"::1 - - [02/Jul/2017:15:34:39 +0000] \"GET /scripts/app.js HTTP/1.1\" 304 -\n","timestamp":"2017-07-02T15:34:39.325Z"}
{"level":"info","message":"::1 - - [02/Jul/2017:15:34:39 +0000] \"GET /modules/authentication/services.js HTTP/1.1\" 304 -\n","timestamp":"2017-07-02T15:34:39.325Z"}
{"level":"info","message":"::1 - - [02/Jul/2017:15:34:39 +0000] \"GET /modules/authentication/controllers.js HTTP/1.1\" 304 -\n","timestamp":"2017-07-02T15:34:39.329Z"}
{"level":"info","message":"::1 - - [02/Jul/2017:15:34:39 +0000] \"GET /modules/home/controllers.js HTTP/1.1\" 304 -\n","timestamp":"2017-07-02T15:34:39.329Z"}
{"level":"info","message":"::1 - - [02/Jul/2017:15:34:39 +0000] \"GET /dist/img/user2-160x160.jpg HTTP/1.1\" 304 -\n","timestamp":"2017-07-02T15:34:39.329Z"}
{"level":"info","message":"::1 - - [02/Jul/2017:15:34:39 +0000] \"GET /assets/images/ajax-loader.gif HTTP/1.1\" 200 256611\n","timestamp":"2017-07-02T15:34:39.344Z"}
{"level":"info","message":"::1 - - [02/Jul/2017:15:34:39 +0000] \"GET /modules/authentication/views/login.html HTTP/1.1\" 304 -\n","timestamp":"2017-07-02T15:34:39.605Z"}
{"level":"info","message":"::1 - - [02/Jul/2017:15:34:39 +0000] \"GET /assets/images/logo.PNG HTTP/1.1\" 304 -\n","timestamp":"2017-07-02T15:34:39.632Z"}
{"level":"info","message":"::1 - - [02/Jul/2017:15:34:39 +0000] \"GET /bootstrap/fonts/glyphicons-halflings-regular.woff2 HTTP/1.1\" 304 -\n","timestamp":"2017-07-02T15:34:39.669Z"}
{"level":"info","message":"::1 - - [02/Jul/2017:15:37:22 +0000] \"GET /index.html HTTP/1.1\" 304 -\n","timestamp":"2017-07-02T15:37:22.610Z"}
{"level":"info","message":"::1 - - [02/Jul/2017:15:37:22 +0000] \"GET /bootstrap/css/bootstrap.min.css HTTP/1.1\" 304 -\n","timestamp":"2017-07-02T15:37:22.644Z"}
{"level":"info","message":"::1 - - [02/Jul/2017:15:37:22 +0000] \"GET /assets/css/main.css HTTP/1.1\" 304 -\n","timestamp":"2017-07-02T15:37:22.650Z"}
{"level":"info","message":"::1 - - [02/Jul/2017:15:37:22 +0000] \"GET /dist/css/AdminLTE.min.css HTTP/1.1\" 304 -\n","timestamp":"2017-07-02T15:37:22.654Z"}
{"level":"info","message":"::1 - - [02/Jul/2017:15:37:22 +0000] \"GET /dist/css/skins/skin-blue.min.css HTTP/1.1\" 304 -\n","timestamp":"2017-07-02T15:37:22.654Z"}
{"level":"info","message":"::1 - - [02/Jul/2017:15:37:22 +0000] \"GET /plugins/jQuery/jquery-2.2.3.min.js HTTP/1.1\" 304 -\n","timestamp":"2017-07-02T15:37:22.661Z"}
{"level":"info","message":"::1 - - [02/Jul/2017:15:37:22 +0000] \"GET /bootstrap/js/bootstrap.min.js HTTP/1.1\" 304 -\n","timestamp":"2017-07-02T15:37:22.666Z"}
{"level":"info","message":"::1 - - [02/Jul/2017:15:37:22 +0000] \"GET /dist/js/app.min.js HTTP/1.1\" 304 -\n","timestamp":"2017-07-02T15:37:22.671Z"}
{"level":"info","message":"::1 - - [02/Jul/2017:15:37:22 +0000] \"GET /scripts/app.js HTTP/1.1\" 304 -\n","timestamp":"2017-07-02T15:37:22.757Z"}
{"level":"info","message":"::1 - - [02/Jul/2017:15:37:22 +0000] \"GET /modules/authentication/services.js HTTP/1.1\" 304 -\n","timestamp":"2017-07-02T15:37:22.762Z"}
{"level":"info","message":"::1 - - [02/Jul/2017:15:37:22 +0000] \"GET /modules/authentication/controllers.js HTTP/1.1\" 304 -\n","timestamp":"2017-07-02T15:37:22.764Z"}
{"level":"info","message":"::1 - - [02/Jul/2017:15:37:22 +0000] \"GET /modules/home/controllers.js HTTP/1.1\" 304 -\n","timestamp":"2017-07-02T15:37:22.765Z"}
{"level":"info","message":"::1 - - [02/Jul/2017:15:37:22 +0000] \"GET /dist/img/user2-160x160.jpg HTTP/1.1\" 304 -\n","timestamp":"2017-07-02T15:37:22.767Z"}
{"level":"info","message":"::1 - - [02/Jul/2017:15:37:22 +0000] \"GET /assets/images/ajax-loader.gif HTTP/1.1\" 200 25391\n","timestamp":"2017-07-02T15:37:22.769Z"}
{"level":"info","message":"::1 - - [02/Jul/2017:15:37:23 +0000] \"GET /modules/authentication/views/login.html HTTP/1.1\" 304 -\n","timestamp":"2017-07-02T15:37:23.229Z"}
{"level":"info","message":"::1 - - [02/Jul/2017:15:37:23 +0000] \"GET /assets/images/logo.PNG HTTP/1.1\" 304 -\n","timestamp":"2017-07-02T15:37:23.280Z"}
{"level":"info","message":"::1 - - [02/Jul/2017:15:37:23 +0000] \"GET /bootstrap/fonts/glyphicons-halflings-regular.woff2 HTTP/1.1\" 304 -\n","timestamp":"2017-07-02T15:37:23.329Z"}
{"level":"info","message":"::1 - - [02/Jul/2017:15:38:01 +0000] \"GET /index.html HTTP/1.1\" 304 -\n","timestamp":"2017-07-02T15:38:01.693Z"}
{"level":"info","message":"::1 - - [02/Jul/2017:15:38:01 +0000] \"GET /bootstrap/css/bootstrap.min.css HTTP/1.1\" 304 -\n","timestamp":"2017-07-02T15:38:01.753Z"}
