{"level":"info","message":"::1 - - [02/Jul/2017:15:38:01 +0000] \"GET /assets/css/main.css HTTP/1.1\" 304 -\n","timestamp":"2017-07-02T15:38:01.754Z"}
{"level":"info","message":"::1 - - [02/Jul/2017:15:38:01 +0000] \"GET /dist/css/AdminLTE.min.css HTTP/1.1\" 304 -\n","timestamp":"2017-07-02T15:38:01.757Z"}
{"level":"info","message":"::1 - - [02/Jul/2017:15:38:01 +0000] \"GET /dist/css/skins/skin-blue.min.css HTTP/1.1\" 304 -\n","timestamp":"2017-07-02T15:38:01.757Z"}
{"level":"info","message":"::1 - - [02/Jul/2017:15:38:01 +0000] \"GET /plugins/jQuery/jquery-2.2.3.min.js HTTP/1.1\" 304 -\n","timestamp":"2017-07-02T15:38:01.768Z"}
{"level":"info","message":"::1 - - [02/Jul/2017:15:38:01 +0000] \"GET /bootstrap/js/bootstrap.min.js HTTP/1.1\" 304 -\n","timestamp":"2017-07-02T15:38:01.772Z"}
{"level":"info","message":"::1 - - [02/Jul/2017:15:38:01 +0000] \"GET /dist/js/app.min.js HTTP/1.1\" 304 -\n","timestamp":"2017-07-02T15:38:01.777Z"}
{"level":"info","message":"::1 - - [02/Jul/2017:15:38:01 +0000] \"GET /scripts/app.js HTTP/1.1\" 304 -\n","timestamp":"2017-07-02T15:38:01.874Z"}
{"level":"info","message":"::1 - - [02/Jul/2017:15:38:01 +0000] \"GET /modules/authentication/services.js HTTP/1.1\" 304 -\n","timestamp":"2017-07-02T15:38:01.875Z"}
{"level":"info","message":"::1 - - [02/Jul/2017:15:38:01 +0000] \"GET /modules/authentication/controllers.js HTTP/1.1\" 304 -\n","timestamp":"2017-07-02T15:38:01.883Z"}
{"level":"info","message":"::1 - - [02/Jul/2017:15:38:01 +0000] \"GET /modules/home/controllers.js HTTP/1.1\" 304 -\n","timestamp":"2017-07-02T15:38:01.886Z"}
{"level":"info","message":"::1 - - [02/Jul/2017:15:38:01 +0000] \"GET /dist/img/user2-160x160.jpg HTTP/1.1\" 304 -\n","timestamp":"2017-07-02T15:38:01.889Z"}
{"level":"info","message":"::1 - - [02/Jul/2017:15:38:01 +0000] \"GET /assets/images/ajax-loader.gif HTTP/1.1\" 200 47932\n","timestamp":"2017-07-02T15:38:01.893Z"}
{"level":"info","message":"::1 - - [02/Jul/2017:15:38:02 +0000] \"GET /modules/authentication/views/login.html HTTP/1.1\" 304 -\n","timestamp":"2017-07-02T15:38:02.321Z"}
{"level":"info","message":"::1 - - [02/Jul/2017:15:38:02 +0000] \"GET /assets/images/logo.PNG HTTP/1.1\" 304 -\n","timestamp":"2017-07-02T15:38:02.351Z"}
{"level":"info","message":"::1 - - [02/Jul/2017:15:38:02 +0000] \"GET /bootstrap/fonts/glyphicons-halflings-regular.woff2 HTTP/1.1\" 304 -\n","timestamp":"2017-07-02T15:38:02.386Z"}
{"level":"info","message":"::1 - - [02/Jul/2017:15:42:16 +0000] \"GET /index.html HTTP/1.1\" 304 -\n","timestamp":"2017-07-02T15:42:16.216Z"}
{"level":"info","message":"::1 - - [02/Jul/2017:15:42:16 +0000] \"GET /bootstrap/css/bootstrap.min.css HTTP/1.1\" 304 -\n","timestamp":"2017-07-02T15:42:16.257Z"}
{"level":"info","message":"::1 - - [02/Jul/2017:15:42:16 +0000] \"GET /assets/css/main.css HTTP/1.1\" 304 -\n","timestamp":"2017-07-02T15:42:16.258Z"}
{"level":"info","message":"::1 - - [02/Jul/2017:15:42:16 +0000] \"GET /dist/css/AdminLTE.min.css HTTP/1.1\" 304 -\n","timestamp":"2017-07-02T15:42:16.258Z"}
{"level":"info","message":"::1 - - [02/Jul/2017:15:42:16 +0000] \"GET /dist/css/skins/skin-blue.min.css HTTP/1.1\" 304 -\n","timestamp":"2017-07-02T15:42:16.259Z"}
{"level":"info","message":"::1 - - [02/Jul/2017:15:42:16 +0000] \"GET /plugins/jQuery/jquery-2.2.3.min.js HTTP/1.1\" 304 -\n","timestamp":"2017-07-02T15:42:16.265Z"}
{"level":"info","message":"::1 - - [02/Jul/2017:15:42:16 +0000] \"GET /bootstrap/js/bootstrap.min.js HTTP/1.1\" 304 -\n","timestamp":"2017-07-02T15:42:16.270Z"}
{"level":"info","message":"::1 - - [02/Jul/2017:15:42:16 +0000] \"GET /dist/js/app.min.js HTTP/1.1\" 304 -\n","timestamp":"2017-07-02T15:42:16.275Z"}
{"level":"info","message":"::1 - - [02/Jul/2017:15:42:16 +0000] \"GET /modules/authentication/services.js HTTP/1.1\" 304 -\n","timestamp":"2017-07-02T15:42:16.345Z"}
{"level":"info","message":"::1 - - [02/Jul/2017:15:42:16 +0000] \"GET /scripts/app.js HTTP/1.1\" 200 2304\n","timestamp":"2017-07-02T15:42:16.345Z"}
{"level":"info","message":"::1 - - [02/Jul/2017:15:42:16 +0000] \"GET /modules/home/controllers.js HTTP/1.1\" 304 -\n","timestamp":"2017-07-02T15:42:16.351Z"}
{"level":"info","message":"::1 - - [02/Jul/2017:15:42:16 +0000] \"GET /dist/img/user2-160x160.jpg HTTP/1.1\" 304 -\n","timestamp":"2017-07-02T15:42:16.352Z"}
{"level":"info","message":"::1 - - [02/Jul/2017:15:42:16 +0000] \"GET /assets/images/ajax-loader.gif HTTP/1.1\" 304 -\n","timestamp":"2017-07-02T15:42:16.353Z"}
{"level":"info","message":"::1 - - [02/Jul/2017:15:42:16 +0000] \"GET /modules/authentication/controllers.js HTTP/1.1\" 200 850\n","timestamp":"2017-07-02T15:42:16.354Z"}
{"level":"info","message":"::1 - - [02/Jul/2017:15:42:21 +0000] \"GET /bootstrap/css/bootstrap.min.css HTTP/1.1\" 304 -\n","timestamp":"2017-07-02T15:42:21.262Z"}
{"level":"info","message":"::1 - - [02/Jul/2017:15:42:21 +0000] \"GET /assets/css/main.css HTTP/1.1\" 304 -\n","timestamp":"2017-07-02T15:42:21.263Z"}
{"level":"info","message":"::1 - - [02/Jul/2017:15:42:21 +0000] \"GET /dist/css/AdminLTE.min.css HTTP/1.1\" 304 -\n","timestamp":"2017-07-02T15:42:21.264Z"}
{"level":"info","message":"::1 - - [02/Jul/2017:15:42:21 +0000] \"GET /dist/css/skins/skin-blue.min.css HTTP/1.1\" 304 -\n","timestamp":"2017-07-02T15:42:21.266Z"}
{"level":"info","message":"::1 - - [02/Jul/2017:15:42:21 +0000] \"GET /bootstrap/css/bootstrap.min.css.map HTTP/1.1\" 304 -\n","timestamp":"2017-07-02T15:42:21.466Z"}
{"level":"info","message":"::1 - - [02/Jul/2017:15:44:39 +0000] \"GET /index.html HTTP/1.1\" 304 -\n","timestamp":"2017-07-02T15:44:39.957Z"}
{"level":"info","message":"::1 - - [02/Jul/2017:15:44:40 +0000] \"GET /bootstrap/css/bootstrap.min.css HTTP/1.1\" 304 -\n","timestamp":"2017-07-02T15:44:40.007Z"}
{"level":"info","message":"::1 - - [02/Jul/2017:15:44:40 +0000] \"GET /assets/css/main.css HTTP/1.1\" 304 -\n","timestamp":"2017-07-02T15:44:40.010Z"}
{"level":"info","message":"::1 - - [02/Jul/2017:15:44:40 +0000] \"GET /dist/css/AdminLTE.min.css HTTP/1.1\" 304 -\n","timestamp":"2017-07-02T15:44:40.011Z"}
{"level":"info","message":"::1 - - [02/Jul/2017:15:44:40 +0000] \"GET /dist/css/skins/skin-blue.min.css HTTP/1.1\" 304 -\n","timestamp":"2017-07-02T15:44:40.013Z"}
{"level":"info","message":"::1 - - [02/Jul/2017:15:44:40 +0000] \"GET /plugins/jQuery/jquery-2.2.3.min.js HTTP/1.1\" 304 -\n","timestamp":"2017-07-02T15:44:40.024Z"}
{"level":"info","message":"::1 - - [02/Jul/2017:15:44:40 +0000] \"GET /bootstrap/js/bootstrap.min.js HTTP/1.1\" 304 -\n","timestamp":"2017-07-02T15:44:40.028Z"}
{"level":"info","message":"::1 - - [02/Jul/2017:15:44:40 +0000] \"GET /dist/js/app.min.js HTTP/1.1\" 304 -\n","timestamp":"2017-07-02T15:44:40.036Z"}
{"level":"info","message":"::1 - - [02/Jul/2017:15:44:40 +0000] \"GET /modules/authentication/services.js HTTP/1.1\" 304 -\n","timestamp":"2017-07-02T15:44:40.124Z"}
{"level":"info","message":"::1 - - [02/Jul/2017:15:44:40 +0000] \"GET /scripts/app.js HTTP/1.1\" 200 2287\n","timestamp":"2017-07-02T15:44:40.128Z"}
{"level":"info","message":"::1 - - [02/Jul/2017:15:44:40 +0000] \"GET /modules/authentication/controllers.js HTTP/1.1\" 304 -\n","timestamp":"2017-07-02T15:44:40.128Z"}
{"level":"info","message":"::1 - - [02/Jul/2017:15:44:40 +0000] \"GET /modules/home/controllers.js HTTP/1.1\" 304 -\n","timestamp":"2017-07-02T15:44:40.132Z"}
{"level":"info","message":"::1 - - [02/Jul/2017:15:44:40 +0000] \"GET /dist/img/user2-160x160.jpg HTTP/1.1\" 304 -\n","timestamp":"2017-07-02T15:44:40.132Z"}
{"level":"info","message":"::1 - - [02/Jul/2017:15:44:40 +0000] \"GET /assets/images/ajax-loader.gif HTTP/1.1\" 304 -\n","timestamp":"2017-07-02T15:44:40.132Z"}
{"level":"info","message":"::1 - - [02/Jul/2017:15:44:40 +0000] \"GET /bootstrap/css/bootstrap.min.css.map HTTP/1.1\" 304 -\n","timestamp":"2017-07-02T15:44:40.379Z"}
{"level":"info","message":"::1 - - [02/Jul/2017:15:45:35 +0000] \"GET /index.html HTTP/1.1\" 304 -\n","timestamp":"2017-07-02T15:45:35.245Z"}
{"level":"info","message":"::1 - - [02/Jul/2017:15:45:35 +0000] \"GET /bootstrap/css/bootstrap.min.css HTTP/1.1\" 304 -\n","timestamp":"2017-07-02T15:45:35.289Z"}
{"level":"info","message":"::1 - - [02/Jul/2017:15:45:35 +0000] \"GET /assets/css/main.css HTTP/1.1\" 304 -\n","timestamp":"2017-07-02T15:45:35.290Z"}
{"level":"info","message":"::1 - - [02/Jul/2017:15:45:35 +0000] \"GET /dist/css/AdminLTE.min.css HTTP/1.1\" 304 -\n","timestamp":"2017-07-02T15:45:35.290Z"}
{"level":"info","message":"::1 - - [02/Jul/2017:15:45:35 +0000] \"GET /dist/css/skins/skin-blue.min.css HTTP/1.1\" 304 -\n","timestamp":"2017-07-02T15:45:35.291Z"}
{"level":"info","message":"::1 - - [02/Jul/2017:15:45:35 +0000] \"GET /plugins/jQuery/jquery-2.2.3.min.js HTTP/1.1\" 304 -\n","timestamp":"2017-07-02T15:45:35.304Z"}
{"level":"info","message":"::1 - - [02/Jul/2017:15:45:35 +0000] \"GET /bootstrap/js/bootstrap.min.js HTTP/1.1\" 304 -\n","timestamp":"2017-07-02T15:45:35.309Z"}
{"level":"info","message":"::1 - - [02/Jul/2017:15:45:35 +0000] \"GET /dist/js/app.min.js HTTP/1.1\" 304 -\n","timestamp":"2017-07-02T15:45:35.315Z"}
{"level":"info","message":"::1 - - [02/Jul/2017:15:45:35 +0000] \"GET /modules/authentication/services.js HTTP/1.1\" 304 -\n","timestamp":"2017-07-02T15:45:35.424Z"}
{"level":"info","message":"::1 - - [02/Jul/2017:15:45:35 +0000] \"GET /scripts/app.js HTTP/1.1\" 200 2304\n","timestamp":"2017-07-02T15:45:35.425Z"}
{"level":"info","message":"::1 - - [02/Jul/2017:15:45:35 +0000] \"GET /modules/authentication/controllers.js HTTP/1.1\" 304 -\n","timestamp":"2017-07-02T15:45:35.428Z"}
{"level":"info","message":"::1 - - [02/Jul/2017:15:45:35 +0000] \"GET /modules/home/controllers.js HTTP/1.1\" 304 -\n","timestamp":"2017-07-02T15:45:35.428Z"}
{"level":"info","message":"::1 - - [02/Jul/2017:15:45:35 +0000] \"GET /dist/img/user2-160x160.jpg HTTP/1.1\" 304 -\n","timestamp":"2017-07-02T15:45:35.429Z"}
{"level":"info","message":"::1 - - [02/Jul/2017:15:45:35 +0000] \"GET /assets/images/ajax-loader.gif HTTP/1.1\" 304 -\n","timestamp":"2017-07-02T15:45:35.433Z"}
{"level":"info","message":"::1 - - [02/Jul/2017:15:45:36 +0000] \"GET /bootstrap/css/bootstrap.min.css.map HTTP/1.1\" 304 -\n","timestamp":"2017-07-02T15:45:36.188Z"}
{"level":"info","message":"::1 - - [02/Jul/2017:15:45:56 +0000] \"GET /index.html HTTP/1.1\" 200 15950\n","timestamp":"2017-07-02T15:45:56.860Z"}
{"level":"info","message":"::1 - - [02/Jul/2017:15:45:56 +0000] \"GET /bootstrap/css/bootstrap.min.css HTTP/1.1\" 304 -\n","timestamp":"2017-07-02T15:45:56.907Z"}
{"level":"info","message":"::1 - - [02/Jul/2017:15:45:56 +0000] \"GET /assets/css/main.css HTTP/1.1\" 304 -\n","timestamp":"2017-07-02T15:45:56.908Z"}
{"level":"info","message":"::1 - - [02/Jul/2017:15:45:56 +0000] \"GET /dist/css/AdminLTE.min.css HTTP/1.1\" 304 -\n","timestamp":"2017-07-02T15:45:56.909Z"}
{"level":"info","message":"::1 - - [02/Jul/2017:15:45:56 +0000] \"GET /dist/css/skins/skin-blue.min.css HTTP/1.1\" 304 -\n","timestamp":"2017-07-02T15:45:56.909Z"}
{"level":"info","message":"::1 - - [02/Jul/2017:15:45:56 +0000] \"GET /plugins/jQuery/jquery-2.2.3.min.js HTTP/1.1\" 304 -\n","timestamp":"2017-07-02T15:45:56.918Z"}
{"level":"info","message":"::1 - - [02/Jul/2017:15:45:56 +0000] \"GET /bootstrap/js/bootstrap.min.js HTTP/1.1\" 304 -\n","timestamp":"2017-07-02T15:45:56.922Z"}
{"level":"info","message":"::1 - - [02/Jul/2017:15:45:56 +0000] \"GET /dist/js/app.min.js HTTP/1.1\" 304 -\n","timestamp":"2017-07-02T15:45:56.927Z"}
{"level":"info","message":"::1 - - [02/Jul/2017:15:45:57 +0000] \"GET /scripts/app.js HTTP/1.1\" 304 -\n","timestamp":"2017-07-02T15:45:57.078Z"}
{"level":"info","message":"::1 - - [02/Jul/2017:15:45:57 +0000] \"GET /modules/authentication/services.js HTTP/1.1\" 304 -\n","timestamp":"2017-07-02T15:45:57.079Z"}
{"level":"info","message":"::1 - - [02/Jul/2017:15:45:57 +0000] \"GET /modules/authentication/controllers.js HTTP/1.1\" 304 -\n","timestamp":"2017-07-02T15:45:57.080Z"}
{"level":"info","message":"::1 - - [02/Jul/2017:15:45:57 +0000] \"GET /modules/home/controllers.js HTTP/1.1\" 304 -\n","timestamp":"2017-07-02T15:45:57.083Z"}
{"level":"info","message":"::1 - - [02/Jul/2017:15:45:57 +0000] \"GET /dist/img/user2-160x160.jpg HTTP/1.1\" 304 -\n","timestamp":"2017-07-02T15:45:57.084Z"}
{"level":"info","message":"::1 - - [02/Jul/2017:15:45:57 +0000] \"GET /assets/images/ajax-loader.gif HTTP/1.1\" 304 -\n","timestamp":"2017-07-02T15:45:57.085Z"}
{"level":"info","message":"::1 - - [02/Jul/2017:15:45:57 +0000] \"GET /bootstrap/css/bootstrap.min.css.map HTTP/1.1\" 304 -\n","timestamp":"2017-07-02T15:45:57.860Z"}
{"level":"info","message":"::1 - - [02/Jul/2017:15:46:15 +0000] \"GET /index.html HTTP/1.1\" 304 -\n","timestamp":"2017-07-02T15:46:15.515Z"}
{"level":"info","message":"::1 - - [02/Jul/2017:15:46:15 +0000] \"GET /bootstrap/css/bootstrap.min.css HTTP/1.1\" 304 -\n","timestamp":"2017-07-02T15:46:15.566Z"}
{"level":"info","message":"::1 - - [02/Jul/2017:15:46:15 +0000] \"GET /assets/css/main.css HTTP/1.1\" 304 -\n","timestamp":"2017-07-02T15:46:15.569Z"}
{"level":"info","message":"::1 - - [02/Jul/2017:15:46:15 +0000] \"GET /dist/css/AdminLTE.min.css HTTP/1.1\" 304 -\n","timestamp":"2017-07-02T15:46:15.571Z"}
{"level":"info","message":"::1 - - [02/Jul/2017:15:46:15 +0000] \"GET /dist/css/skins/skin-blue.min.css HTTP/1.1\" 304 -\n","timestamp":"2017-07-02T15:46:15.571Z"}
{"level":"info","message":"::1 - - [02/Jul/2017:15:46:15 +0000] \"GET /plugins/jQuery/jquery-2.2.3.min.js HTTP/1.1\" 304 -\n","timestamp":"2017-07-02T15:46:15.580Z"}
{"level":"info","message":"::1 - - [02/Jul/2017:15:46:15 +0000] \"GET /bootstrap/js/bootstrap.min.js HTTP/1.1\" 304 -\n","timestamp":"2017-07-02T15:46:15.588Z"}
{"level":"info","message":"::1 - - [02/Jul/2017:15:46:15 +0000] \"GET /dist/js/app.min.js HTTP/1.1\" 304 -\n","timestamp":"2017-07-02T15:46:15.592Z"}
{"level":"info","message":"::1 - - [02/Jul/2017:15:46:15 +0000] \"GET /scripts/app.js HTTP/1.1\" 304 -\n","timestamp":"2017-07-02T15:46:15.731Z"}
{"level":"info","message":"::1 - - [02/Jul/2017:15:46:15 +0000] \"GET /modules/authentication/services.js HTTP/1.1\" 304 -\n","timestamp":"2017-07-02T15:46:15.731Z"}
{"level":"info","message":"::1 - - [02/Jul/2017:15:46:15 +0000] \"GET /modules/authentication/controllers.js HTTP/1.1\" 304 -\n","timestamp":"2017-07-02T15:46:15.732Z"}
{"level":"info","message":"::1 - - [02/Jul/2017:15:46:15 +0000] \"GET /modules/home/controllers.js HTTP/1.1\" 304 -\n","timestamp":"2017-07-02T15:46:15.733Z"}
{"level":"info","message":"::1 - - [02/Jul/2017:15:46:15 +0000] \"GET /dist/img/user2-160x160.jpg HTTP/1.1\" 304 -\n","timestamp":"2017-07-02T15:46:15.733Z"}
{"level":"info","message":"::1 - - [02/Jul/2017:15:46:15 +0000] \"GET /assets/images/ajax-loader.gif HTTP/1.1\" 304 -\n","timestamp":"2017-07-02T15:46:15.734Z"}
{"level":"info","message":"::1 - - [02/Jul/2017:15:46:16 +0000] \"GET /bootstrap/css/bootstrap.min.css.map HTTP/1.1\" 304 -\n","timestamp":"2017-07-02T15:46:16.059Z"}
{"level":"info","message":"::1 - - [02/Jul/2017:15:53:55 +0000] \"GET /index.html HTTP/1.1\" 200 16010\n","timestamp":"2017-07-02T15:53:55.929Z"}
{"level":"info","message":"::1 - - [02/Jul/2017:15:53:56 +0000] \"GET /bootstrap/css/bootstrap.min.css HTTP/1.1\" 304 -\n","timestamp":"2017-07-02T15:53:56.239Z"}
{"level":"info","message":"::1 - - [02/Jul/2017:15:53:56 +0000] \"GET /assets/css/main.css HTTP/1.1\" 304 -\n","timestamp":"2017-07-02T15:53:56.241Z"}
{"level":"info","message":"::1 - - [02/Jul/2017:15:53:56 +0000] \"GET /dist/css/AdminLTE.min.css HTTP/1.1\" 304 -\n","timestamp":"2017-07-02T15:53:56.244Z"}
{"level":"info","message":"::1 - - [02/Jul/2017:15:53:56 +0000] \"GET /dist/css/skins/skin-blue.min.css HTTP/1.1\" 304 -\n","timestamp":"2017-07-02T15:53:56.244Z"}
{"level":"info","message":"::1 - - [02/Jul/2017:15:53:56 +0000] \"GET /plugins/jQuery/jquery-2.2.3.min.js HTTP/1.1\" 304 -\n","timestamp":"2017-07-02T15:53:56.248Z"}
{"level":"info","message":"::1 - - [02/Jul/2017:15:53:56 +0000] \"GET /bootstrap/js/bootstrap.min.js HTTP/1.1\" 304 -\n","timestamp":"2017-07-02T15:53:56.252Z"}
{"level":"info","message":"::1 - - [02/Jul/2017:15:53:56 +0000] \"GET /dist/js/app.min.js HTTP/1.1\" 304 -\n","timestamp":"2017-07-02T15:53:56.256Z"}
{"level":"info","message":"::1 - - [02/Jul/2017:15:53:56 +0000] \"GET /scripts/app.js HTTP/1.1\" 200 1425\n","timestamp":"2017-07-02T15:53:56.426Z"}
{"level":"info","message":"::1 - - [02/Jul/2017:15:53:56 +0000] \"GET /modules/authentication/services.js HTTP/1.1\" 304 -\n","timestamp":"2017-07-02T15:53:56.428Z"}
{"level":"info","message":"::1 - - [02/Jul/2017:15:53:56 +0000] \"GET /modules/authentication/controllers.js HTTP/1.1\" 304 -\n","timestamp":"2017-07-02T15:53:56.429Z"}
{"level":"info","message":"::1 - - [02/Jul/2017:15:53:56 +0000] \"GET /scripts/directives.js HTTP/1.1\" 200 629\n","timestamp":"2017-07-02T15:53:56.429Z"}
{"level":"info","message":"::1 - - [02/Jul/2017:15:53:56 +0000] \"GET /modules/home/controllers.js HTTP/1.1\" 304 -\n","timestamp":"2017-07-02T15:53:56.432Z"}
{"level":"info","message":"::1 - - [02/Jul/2017:15:53:56 +0000] \"GET /dist/img/user2-160x160.jpg HTTP/1.1\" 304 -\n","timestamp":"2017-07-02T15:53:56.433Z"}
{"level":"info","message":"::1 - - [02/Jul/2017:15:53:56 +0000] \"GET /assets/images/ajax-loader.gif HTTP/1.1\" 304 -\n","timestamp":"2017-07-02T15:53:56.464Z"}
{"level":"info","message":"::1 - - [02/Jul/2017:15:53:56 +0000] \"GET /bootstrap/css/bootstrap.min.css.map HTTP/1.1\" 304 -\n","timestamp":"2017-07-02T15:53:56.949Z"}
{"level":"info","message":"::1 - - [02/Jul/2017:15:54:16 +0000] \"GET /index.html HTTP/1.1\" 304 -\n","timestamp":"2017-07-02T15:54:16.620Z"}
{"level":"info","message":"::1 - - [02/Jul/2017:15:54:16 +0000] \"GET /modules/authentication/views/login.html HTTP/1.1\" 304 -\n","timestamp":"2017-07-02T15:54:16.720Z"}
{"level":"info","message":"::1 - - [02/Jul/2017:15:54:16 +0000] \"GET /bootstrap/css/bootstrap.min.css HTTP/1.1\" 304 -\n","timestamp":"2017-07-02T15:54:16.810Z"}
{"level":"info","message":"::1 - - [02/Jul/2017:15:54:16 +0000] \"GET /assets/css/main.css HTTP/1.1\" 304 -\n","timestamp":"2017-07-02T15:54:16.810Z"}
{"level":"info","message":"::1 - - [02/Jul/2017:15:54:16 +0000] \"GET /dist/css/AdminLTE.min.css HTTP/1.1\" 304 -\n","timestamp":"2017-07-02T15:54:16.810Z"}
{"level":"info","message":"::1 - - [02/Jul/2017:15:54:16 +0000] \"GET /dist/css/skins/skin-blue.min.css HTTP/1.1\" 304 -\n","timestamp":"2017-07-02T15:54:16.810Z"}
{"level":"info","message":"::1 - - [02/Jul/2017:15:54:16 +0000] \"GET /plugins/jQuery/jquery-2.2.3.min.js HTTP/1.1\" 304 -\n","timestamp":"2017-07-02T15:54:16.817Z"}
{"level":"info","message":"::1 - - [02/Jul/2017:15:54:16 +0000] \"GET /bootstrap/js/bootstrap.min.js HTTP/1.1\" 304 -\n","timestamp":"2017-07-02T15:54:16.824Z"}
{"level":"info","message":"::1 - - [02/Jul/2017:15:54:16 +0000] \"GET /dist/js/app.min.js HTTP/1.1\" 304 -\n","timestamp":"2017-07-02T15:54:16.831Z"}
{"level":"info","message":"::1 - - [02/Jul/2017:15:54:17 +0000] \"GET /scripts/directives.js HTTP/1.1\" 304 -\n","timestamp":"2017-07-02T15:54:17.017Z"}
{"level":"info","message":"::1 - - [02/Jul/2017:15:54:17 +0000] \"GET /scripts/app.js HTTP/1.1\" 304 -\n","timestamp":"2017-07-02T15:54:17.018Z"}
{"level":"info","message":"::1 - - [02/Jul/2017:15:54:17 +0000] \"GET /modules/authentication/controllers.js HTTP/1.1\" 304 -\n","timestamp":"2017-07-02T15:54:17.018Z"}
{"level":"info","message":"::1 - - [02/Jul/2017:15:54:17 +0000] \"GET /modules/authentication/services.js HTTP/1.1\" 304 -\n","timestamp":"2017-07-02T15:54:17.019Z"}
{"level":"info","message":"::1 - - [02/Jul/2017:15:54:17 +0000] \"GET /modules/home/controllers.js HTTP/1.1\" 304 -\n","timestamp":"2017-07-02T15:54:17.019Z"}
{"level":"info","message":"::1 - - [02/Jul/2017:15:54:17 +0000] \"GET /dist/img/user2-160x160.jpg HTTP/1.1\" 304 -\n","timestamp":"2017-07-02T15:54:17.020Z"}
{"level":"info","message":"::1 - - [02/Jul/2017:15:54:17 +0000] \"GET /assets/images/ajax-loader.gif HTTP/1.1\" 304 -\n","timestamp":"2017-07-02T15:54:17.049Z"}
{"level":"info","message":"::1 - - [02/Jul/2017:15:54:17 +0000] \"GET /bootstrap/css/bootstrap.min.css.map HTTP/1.1\" 304 -\n","timestamp":"2017-07-02T15:54:17.468Z"}
{"level":"info","message":"::1 - - [02/Jul/2017:15:54:17 +0000] \"GET /modules/authentication/views/login.html HTTP/1.1\" 304 -\n","timestamp":"2017-07-02T15:54:17.687Z"}
{"level":"info","message":"::1 - - [02/Jul/2017:15:54:17 +0000] \"GET /bootstrap/fonts/glyphicons-halflings-regular.woff2 HTTP/1.1\" 304 -\n","timestamp":"2017-07-02T15:54:17.736Z"}
{"level":"info","message":"::1 - - [02/Jul/2017:15:54:17 +0000] \"GET /assets/images/logo.PNG HTTP/1.1\" 304 -\n","timestamp":"2017-07-02T15:54:17.743Z"}
{"level":"info","message":"::1 - - [02/Jul/2017:15:54:40 +0000] \"GET /index.html HTTP/1.1\" 304 -\n","timestamp":"2017-07-02T15:54:40.905Z"}
{"level":"info","message":"::1 - - [02/Jul/2017:15:54:40 +0000] \"GET /bootstrap/css/bootstrap.min.css HTTP/1.1\" 304 -\n","timestamp":"2017-07-02T15:54:40.974Z"}
{"level":"info","message":"::1 - - [02/Jul/2017:15:54:40 +0000] \"GET /assets/css/main.css HTTP/1.1\" 304 -\n","timestamp":"2017-07-02T15:54:40.974Z"}
{"level":"info","message":"::1 - - [02/Jul/2017:15:54:40 +0000] \"GET /dist/css/AdminLTE.min.css HTTP/1.1\" 304 -\n","timestamp":"2017-07-02T15:54:40.984Z"}
{"level":"info","message":"::1 - - [02/Jul/2017:15:54:40 +0000] \"GET /dist/css/skins/skin-blue.min.css HTTP/1.1\" 304 -\n","timestamp":"2017-07-02T15:54:40.987Z"}
{"level":"info","message":"::1 - - [02/Jul/2017:15:54:40 +0000] \"GET /plugins/jQuery/jquery-2.2.3.min.js HTTP/1.1\" 304 -\n","timestamp":"2017-07-02T15:54:40.988Z"}
{"level":"info","message":"::1 - - [02/Jul/2017:15:54:40 +0000] \"GET /bootstrap/js/bootstrap.min.js HTTP/1.1\" 304 -\n","timestamp":"2017-07-02T15:54:40.994Z"}
{"level":"info","message":"::1 - - [02/Jul/2017:15:54:40 +0000] \"GET /dist/js/app.min.js HTTP/1.1\" 304 -\n","timestamp":"2017-07-02T15:54:40.998Z"}
{"level":"info","message":"::1 - - [02/Jul/2017:15:54:41 +0000] \"GET /scripts/app.js HTTP/1.1\" 304 -\n","timestamp":"2017-07-02T15:54:41.044Z"}
{"level":"info","message":"::1 - - [02/Jul/2017:15:54:41 +0000] \"GET /scripts/directives.js HTTP/1.1\" 304 -\n","timestamp":"2017-07-02T15:54:41.045Z"}
{"level":"info","message":"::1 - - [02/Jul/2017:15:54:41 +0000] \"GET /modules/authentication/services.js HTTP/1.1\" 304 -\n","timestamp":"2017-07-02T15:54:41.047Z"}
{"level":"info","message":"::1 - - [02/Jul/2017:15:54:41 +0000] \"GET /modules/authentication/controllers.js HTTP/1.1\" 304 -\n","timestamp":"2017-07-02T15:54:41.049Z"}
{"level":"info","message":"::1 - - [02/Jul/2017:15:54:41 +0000] \"GET /modules/home/controllers.js HTTP/1.1\" 304 -\n","timestamp":"2017-07-02T15:54:41.050Z"}
{"level":"info","message":"::1 - - [02/Jul/2017:15:54:41 +0000] \"GET /dist/img/user2-160x160.jpg HTTP/1.1\" 304 -\n","timestamp":"2017-07-02T15:54:41.051Z"}
{"level":"info","message":"::1 - - [02/Jul/2017:15:54:41 +0000] \"GET /assets/images/ajax-loader.gif HTTP/1.1\" 304 -\n","timestamp":"2017-07-02T15:54:41.060Z"}
{"level":"info","message":"::1 - - [02/Jul/2017:15:54:41 +0000] \"GET /modules/authentication/views/login.html HTTP/1.1\" 304 -\n","timestamp":"2017-07-02T15:54:41.465Z"}
{"level":"info","message":"::1 - - [02/Jul/2017:15:54:41 +0000] \"GET /bootstrap/fonts/glyphicons-halflings-regular.woff2 HTTP/1.1\" 304 -\n","timestamp":"2017-07-02T15:54:41.522Z"}
{"level":"info","message":"::1 - - [02/Jul/2017:15:54:41 +0000] \"GET /assets/images/logo.PNG HTTP/1.1\" 304 -\n","timestamp":"2017-07-02T15:54:41.528Z"}
{"level":"info","message":"::1 - - [02/Jul/2017:15:55:16 +0000] \"GET /bootstrap/css/bootstrap.min.css HTTP/1.1\" 304 -\n","timestamp":"2017-07-02T15:55:16.583Z"}
{"level":"info","message":"::1 - - [02/Jul/2017:15:55:16 +0000] \"GET /assets/css/main.css HTTP/1.1\" 304 -\n","timestamp":"2017-07-02T15:55:16.586Z"}
{"level":"info","message":"::1 - - [02/Jul/2017:15:55:16 +0000] \"GET /dist/css/AdminLTE.min.css HTTP/1.1\" 304 -\n","timestamp":"2017-07-02T15:55:16.586Z"}
{"level":"info","message":"::1 - - [02/Jul/2017:15:55:16 +0000] \"GET /dist/css/skins/skin-blue.min.css HTTP/1.1\" 304 -\n","timestamp":"2017-07-02T15:55:16.587Z"}
{"level":"info","message":"::1 - - [02/Jul/2017:15:55:16 +0000] \"GET /bootstrap/css/bootstrap.min.css.map HTTP/1.1\" 304 -\n","timestamp":"2017-07-02T15:55:16.730Z"}
{"level":"info","message":"::1 - - [02/Jul/2017:15:55:47 +0000] \"GET /index.html HTTP/1.1\" 304 -\n","timestamp":"2017-07-02T15:55:47.118Z"}
{"level":"info","message":"::1 - - [02/Jul/2017:15:55:47 +0000] \"GET /bootstrap/css/bootstrap.min.css HTTP/1.1\" 304 -\n","timestamp":"2017-07-02T15:55:47.166Z"}
{"level":"info","message":"::1 - - [02/Jul/2017:15:55:47 +0000] \"GET /assets/css/main.css HTTP/1.1\" 304 -\n","timestamp":"2017-07-02T15:55:47.169Z"}
{"level":"info","message":"::1 - - [02/Jul/2017:15:55:47 +0000] \"GET /dist/css/AdminLTE.min.css HTTP/1.1\" 304 -\n","timestamp":"2017-07-02T15:55:47.183Z"}
{"level":"info","message":"::1 - - [02/Jul/2017:15:55:47 +0000] \"GET /dist/css/skins/skin-blue.min.css HTTP/1.1\" 304 -\n","timestamp":"2017-07-02T15:55:47.184Z"}
{"level":"info","message":"::1 - - [02/Jul/2017:15:55:47 +0000] \"GET /plugins/jQuery/jquery-2.2.3.min.js HTTP/1.1\" 304 -\n","timestamp":"2017-07-02T15:55:47.189Z"}
{"level":"info","message":"::1 - - [02/Jul/2017:15:55:47 +0000] \"GET /bootstrap/js/bootstrap.min.js HTTP/1.1\" 304 -\n","timestamp":"2017-07-02T15:55:47.201Z"}
{"level":"info","message":"::1 - - [02/Jul/2017:15:55:47 +0000] \"GET /dist/js/app.min.js HTTP/1.1\" 304 -\n","timestamp":"2017-07-02T15:55:47.205Z"}
{"level":"info","message":"::1 - - [02/Jul/2017:15:55:47 +0000] \"GET /scripts/app.js HTTP/1.1\" 304 -\n","timestamp":"2017-07-02T15:55:47.382Z"}
{"level":"info","message":"::1 - - [02/Jul/2017:15:55:47 +0000] \"GET /scripts/directives.js HTTP/1.1\" 304 -\n","timestamp":"2017-07-02T15:55:47.382Z"}
{"level":"info","message":"::1 - - [02/Jul/2017:15:55:47 +0000] \"GET /modules/authentication/services.js HTTP/1.1\" 304 -\n","timestamp":"2017-07-02T15:55:47.386Z"}
{"level":"info","message":"::1 - - [02/Jul/2017:15:55:47 +0000] \"GET /modules/authentication/controllers.js HTTP/1.1\" 304 -\n","timestamp":"2017-07-02T15:55:47.386Z"}
{"level":"info","message":"::1 - - [02/Jul/2017:15:55:47 +0000] \"GET /modules/home/controllers.js HTTP/1.1\" 304 -\n","timestamp":"2017-07-02T15:55:47.390Z"}
{"level":"info","message":"::1 - - [02/Jul/2017:15:55:47 +0000] \"GET /dist/img/user2-160x160.jpg HTTP/1.1\" 304 -\n","timestamp":"2017-07-02T15:55:47.390Z"}
{"level":"info","message":"::1 - - [02/Jul/2017:15:55:47 +0000] \"GET /assets/images/ajax-loader.gif HTTP/1.1\" 304 -\n","timestamp":"2017-07-02T15:55:47.412Z"}
{"level":"info","message":"::1 - - [02/Jul/2017:15:55:47 +0000] \"GET /bootstrap/css/bootstrap.min.css.map HTTP/1.1\" 304 -\n","timestamp":"2017-07-02T15:55:47.757Z"}
{"level":"info","message":"::1 - - [02/Jul/2017:15:55:48 +0000] \"GET /modules/authentication/views/login.html HTTP/1.1\" 304 -\n","timestamp":"2017-07-02T15:55:48.104Z"}
{"level":"info","message":"::1 - - [02/Jul/2017:15:55:48 +0000] \"GET /bootstrap/fonts/glyphicons-halflings-regular.woff2 HTTP/1.1\" 304 -\n","timestamp":"2017-07-02T15:55:48.195Z"}
{"level":"info","message":"::1 - - [02/Jul/2017:15:55:48 +0000] \"GET /assets/images/logo.PNG HTTP/1.1\" 304 -\n","timestamp":"2017-07-02T15:55:48.209Z"}
{"level":"info","message":"::1 - - [02/Jul/2017:15:55:55 +0000] \"POST /api/usuarios/autenticarUsuario HTTP/1.1\" 401 -\n","timestamp":"2017-07-02T15:55:55.720Z"}
{"level":"info","message":"::1 - - [02/Jul/2017:15:56:57 +0000] \"POST /api/usuarios/autenticarUsuario HTTP/1.1\" 401 -\n","timestamp":"2017-07-02T15:56:57.340Z"}
{"level":"info","message":"::1 - - [03/Jul/2017:01:00:34 +0000] \"GET /index.html HTTP/1.1\" 200 16691\n","timestamp":"2017-07-03T01:00:34.275Z"}
{"level":"info","message":"::1 - - [03/Jul/2017:01:00:34 +0000] \"GET /bootstrap/css/bootstrap.min.css HTTP/1.1\" 304 -\n","timestamp":"2017-07-03T01:00:34.367Z"}
{"level":"info","message":"::1 - - [03/Jul/2017:01:00:34 +0000] \"GET /assets/css/main.css HTTP/1.1\" 304 -\n","timestamp":"2017-07-03T01:00:34.369Z"}
{"level":"info","message":"::1 - - [03/Jul/2017:01:00:34 +0000] \"GET /dist/css/AdminLTE.min.css HTTP/1.1\" 304 -\n","timestamp":"2017-07-03T01:00:34.370Z"}
{"level":"info","message":"::1 - - [03/Jul/2017:01:00:34 +0000] \"GET /dist/css/skins/skin-blue.min.css HTTP/1.1\" 304 -\n","timestamp":"2017-07-03T01:00:34.370Z"}
{"level":"info","message":"::1 - - [03/Jul/2017:01:00:34 +0000] \"GET /plugins/jQuery/jquery-2.2.3.min.js HTTP/1.1\" 304 -\n","timestamp":"2017-07-03T01:00:34.453Z"}
{"level":"info","message":"::1 - - [03/Jul/2017:01:00:34 +0000] \"GET /bootstrap/js/bootstrap.min.js HTTP/1.1\" 304 -\n","timestamp":"2017-07-03T01:00:34.462Z"}
{"level":"info","message":"::1 - - [03/Jul/2017:01:00:34 +0000] \"GET /dist/js/app.min.js HTTP/1.1\" 304 -\n","timestamp":"2017-07-03T01:00:34.477Z"}
{"level":"info","message":"::1 - - [03/Jul/2017:01:00:34 +0000] \"GET /scripts/app.js HTTP/1.1\" 200 1446\n","timestamp":"2017-07-03T01:00:34.532Z"}
{"level":"info","message":"::1 - - [03/Jul/2017:01:00:34 +0000] \"GET /scripts/directives.js HTTP/1.1\" 304 -\n","timestamp":"2017-07-03T01:00:34.534Z"}
{"level":"info","message":"::1 - - [03/Jul/2017:01:00:34 +0000] \"GET /modules/authentication/services.js HTTP/1.1\" 304 -\n","timestamp":"2017-07-03T01:00:34.536Z"}
{"level":"info","message":"::1 - - [03/Jul/2017:01:00:34 +0000] \"GET /modules/home/controllers.js HTTP/1.1\" 304 -\n","timestamp":"2017-07-03T01:00:34.544Z"}
{"level":"info","message":"::1 - - [03/Jul/2017:01:00:34 +0000] \"GET /dist/img/user2-160x160.jpg HTTP/1.1\" 304 -\n","timestamp":"2017-07-03T01:00:34.545Z"}
{"level":"info","message":"::1 - - [03/Jul/2017:01:00:34 +0000] \"GET /assets/images/ajax-loader.gif HTTP/1.1\" 304 -\n","timestamp":"2017-07-03T01:00:34.547Z"}
{"level":"info","message":"::1 - - [03/Jul/2017:01:00:34 +0000] \"GET /modules/authentication/controllers.js HTTP/1.1\" 200 816\n","timestamp":"2017-07-03T01:00:34.658Z"}
{"level":"info","message":"::1 - - [03/Jul/2017:01:00:34 +0000] \"GET /plugins/uiBootstrap/ui-bootstrap-tpls-2.5.0.min.js HTTP/1.1\" 200 125728\n","timestamp":"2017-07-03T01:00:34.669Z"}
{"level":"info","message":"::1 - - [03/Jul/2017:01:00:36 +0000] \"GET /modules/authentication/views/login.html HTTP/1.1\" 200 1405\n","timestamp":"2017-07-03T01:00:36.145Z"}
{"level":"info","message":"::1 - - [03/Jul/2017:01:00:36 +0000] \"GET /bootstrap/fonts/glyphicons-halflings-regular.woff2 HTTP/1.1\" 304 -\n","timestamp":"2017-07-03T01:00:36.210Z"}
{"level":"info","message":"::1 - - [03/Jul/2017:01:00:36 +0000] \"GET /assets/images/logo.PNG HTTP/1.1\" 304 -\n","timestamp":"2017-07-03T01:00:36.226Z"}
{"level":"info","message":"::1 - - [03/Jul/2017:01:01:11 +0000] \"GET /index.html HTTP/1.1\" 304 -\n","timestamp":"2017-07-03T01:01:11.814Z"}
{"level":"info","message":"::1 - - [03/Jul/2017:01:01:11 +0000] \"GET /bootstrap/css/bootstrap.min.css HTTP/1.1\" 304 -\n","timestamp":"2017-07-03T01:01:11.899Z"}
{"level":"info","message":"::1 - - [03/Jul/2017:01:01:11 +0000] \"GET /assets/css/main.css HTTP/1.1\" 304 -\n","timestamp":"2017-07-03T01:01:11.901Z"}
{"level":"info","message":"::1 - - [03/Jul/2017:01:01:11 +0000] \"GET /dist/css/AdminLTE.min.css HTTP/1.1\" 304 -\n","timestamp":"2017-07-03T01:01:11.903Z"}
{"level":"info","message":"::1 - - [03/Jul/2017:01:01:11 +0000] \"GET /dist/css/skins/skin-blue.min.css HTTP/1.1\" 304 -\n","timestamp":"2017-07-03T01:01:11.904Z"}
{"level":"info","message":"::1 - - [03/Jul/2017:01:01:11 +0000] \"GET /plugins/jQuery/jquery-2.2.3.min.js HTTP/1.1\" 304 -\n","timestamp":"2017-07-03T01:01:11.913Z"}
{"level":"info","message":"::1 - - [03/Jul/2017:01:01:11 +0000] \"GET /bootstrap/js/bootstrap.min.js HTTP/1.1\" 304 -\n","timestamp":"2017-07-03T01:01:11.918Z"}
{"level":"info","message":"::1 - - [03/Jul/2017:01:01:11 +0000] \"GET /dist/js/app.min.js HTTP/1.1\" 304 -\n","timestamp":"2017-07-03T01:01:11.924Z"}
{"level":"info","message":"::1 - - [03/Jul/2017:01:01:12 +0000] \"GET /plugins/uiBootstrap/ui-bootstrap-tpls-2.5.0.min.js HTTP/1.1\" 304 -\n","timestamp":"2017-07-03T01:01:12.037Z"}
{"level":"info","message":"::1 - - [03/Jul/2017:01:01:12 +0000] \"GET /scripts/app.js HTTP/1.1\" 304 -\n","timestamp":"2017-07-03T01:01:12.038Z"}
{"level":"info","message":"::1 - - [03/Jul/2017:01:01:12 +0000] \"GET /scripts/directives.js HTTP/1.1\" 304 -\n","timestamp":"2017-07-03T01:01:12.038Z"}
{"level":"info","message":"::1 - - [03/Jul/2017:01:01:12 +0000] \"GET /modules/authentication/services.js HTTP/1.1\" 304 -\n","timestamp":"2017-07-03T01:01:12.039Z"}
{"level":"info","message":"::1 - - [03/Jul/2017:01:01:12 +0000] \"GET /modules/authentication/controllers.js HTTP/1.1\" 304 -\n","timestamp":"2017-07-03T01:01:12.039Z"}
{"level":"info","message":"::1 - - [03/Jul/2017:01:01:12 +0000] \"GET /modules/home/controllers.js HTTP/1.1\" 304 -\n","timestamp":"2017-07-03T01:01:12.044Z"}
{"level":"info","message":"::1 - - [03/Jul/2017:01:01:12 +0000] \"GET /dist/img/user2-160x160.jpg HTTP/1.1\" 304 -\n","timestamp":"2017-07-03T01:01:12.045Z"}
{"level":"info","message":"::1 - - [03/Jul/2017:01:01:12 +0000] \"GET /assets/images/ajax-loader.gif HTTP/1.1\" 304 -\n","timestamp":"2017-07-03T01:01:12.057Z"}
{"level":"info","message":"::1 - - [03/Jul/2017:01:01:12 +0000] \"GET /modules/authentication/views/login.html HTTP/1.1\" 200 1452\n","timestamp":"2017-07-03T01:01:12.639Z"}
{"level":"info","message":"::1 - - [03/Jul/2017:01:01:12 +0000] \"GET /bootstrap/fonts/glyphicons-halflings-regular.woff2 HTTP/1.1\" 304 -\n","timestamp":"2017-07-03T01:01:12.696Z"}
{"level":"info","message":"::1 - - [03/Jul/2017:01:01:12 +0000] \"GET /assets/images/logo.PNG HTTP/1.1\" 304 -\n","timestamp":"2017-07-03T01:01:12.701Z"}
{"level":"info","message":"::1 - - [03/Jul/2017:01:02:06 +0000] \"GET /index.html HTTP/1.1\" 304 -\n","timestamp":"2017-07-03T01:02:06.496Z"}
{"level":"info","message":"::1 - - [03/Jul/2017:01:02:06 +0000] \"GET /bootstrap/css/bootstrap.min.css HTTP/1.1\" 304 -\n","timestamp":"2017-07-03T01:02:06.534Z"}
{"level":"info","message":"::1 - - [03/Jul/2017:01:02:06 +0000] \"GET /assets/css/main.css HTTP/1.1\" 304 -\n","timestamp":"2017-07-03T01:02:06.535Z"}
{"level":"info","message":"::1 - - [03/Jul/2017:01:02:06 +0000] \"GET /dist/css/AdminLTE.min.css HTTP/1.1\" 304 -\n","timestamp":"2017-07-03T01:02:06.535Z"}
{"level":"info","message":"::1 - - [03/Jul/2017:01:02:06 +0000] \"GET /dist/css/skins/skin-blue.min.css HTTP/1.1\" 304 -\n","timestamp":"2017-07-03T01:02:06.536Z"}
{"level":"info","message":"::1 - - [03/Jul/2017:01:02:06 +0000] \"GET /plugins/jQuery/jquery-2.2.3.min.js HTTP/1.1\" 304 -\n","timestamp":"2017-07-03T01:02:06.548Z"}
{"level":"info","message":"::1 - - [03/Jul/2017:01:02:06 +0000] \"GET /bootstrap/js/bootstrap.min.js HTTP/1.1\" 304 -\n","timestamp":"2017-07-03T01:02:06.553Z"}
{"level":"info","message":"::1 - - [03/Jul/2017:01:02:06 +0000] \"GET /dist/js/app.min.js HTTP/1.1\" 304 -\n","timestamp":"2017-07-03T01:02:06.557Z"}
{"level":"info","message":"::1 - - [03/Jul/2017:01:02:06 +0000] \"GET /plugins/uiBootstrap/ui-bootstrap-tpls-2.5.0.min.js HTTP/1.1\" 304 -\n","timestamp":"2017-07-03T01:02:06.633Z"}
{"level":"info","message":"::1 - - [03/Jul/2017:01:02:06 +0000] \"GET /scripts/app.js HTTP/1.1\" 304 -\n","timestamp":"2017-07-03T01:02:06.635Z"}
{"level":"info","message":"::1 - - [03/Jul/2017:01:02:06 +0000] \"GET /scripts/directives.js HTTP/1.1\" 304 -\n","timestamp":"2017-07-03T01:02:06.635Z"}
{"level":"info","message":"::1 - - [03/Jul/2017:01:02:06 +0000] \"GET /modules/authentication/services.js HTTP/1.1\" 304 -\n","timestamp":"2017-07-03T01:02:06.637Z"}
{"level":"info","message":"::1 - - [03/Jul/2017:01:02:06 +0000] \"GET /modules/authentication/controllers.js HTTP/1.1\" 304 -\n","timestamp":"2017-07-03T01:02:06.638Z"}
{"level":"info","message":"::1 - - [03/Jul/2017:01:02:06 +0000] \"GET /modules/home/controllers.js HTTP/1.1\" 304 -\n","timestamp":"2017-07-03T01:02:06.644Z"}
{"level":"info","message":"::1 - - [03/Jul/2017:01:02:06 +0000] \"GET /dist/img/user2-160x160.jpg HTTP/1.1\" 304 -\n","timestamp":"2017-07-03T01:02:06.645Z"}
{"level":"info","message":"::1 - - [03/Jul/2017:01:02:06 +0000] \"GET /assets/images/ajax-loader.gif HTTP/1.1\" 304 -\n","timestamp":"2017-07-03T01:02:06.647Z"}
{"level":"info","message":"::1 - - [03/Jul/2017:01:02:07 +0000] \"GET /modules/authentication/views/login.html HTTP/1.1\" 200 1355\n","timestamp":"2017-07-03T01:02:07.358Z"}
{"level":"info","message":"::1 - - [03/Jul/2017:01:02:07 +0000] \"GET /assets/images/logo.PNG HTTP/1.1\" 304 -\n","timestamp":"2017-07-03T01:02:07.401Z"}
{"level":"info","message":"::1 - - [03/Jul/2017:01:02:07 +0000] \"GET /bootstrap/fonts/glyphicons-halflings-regular.woff2 HTTP/1.1\" 304 -\n","timestamp":"2017-07-03T01:02:07.426Z"}
{"level":"info","message":"::1 - - [03/Jul/2017:01:10:36 +0000] \"GET /index.html HTTP/1.1\" 304 -\n","timestamp":"2017-07-03T01:10:36.486Z"}
{"level":"info","message":"::1 - - [03/Jul/2017:01:10:36 +0000] \"GET /bootstrap/css/bootstrap.min.css HTTP/1.1\" 304 -\n","timestamp":"2017-07-03T01:10:36.533Z"}
{"level":"info","message":"::1 - - [03/Jul/2017:01:10:36 +0000] \"GET /assets/css/main.css HTTP/1.1\" 304 -\n","timestamp":"2017-07-03T01:10:36.534Z"}
{"level":"info","message":"::1 - - [03/Jul/2017:01:10:36 +0000] \"GET /dist/css/AdminLTE.min.css HTTP/1.1\" 304 -\n","timestamp":"2017-07-03T01:10:36.536Z"}
{"level":"info","message":"::1 - - [03/Jul/2017:01:10:36 +0000] \"GET /dist/css/skins/skin-blue.min.css HTTP/1.1\" 304 -\n","timestamp":"2017-07-03T01:10:36.536Z"}
{"level":"info","message":"::1 - - [03/Jul/2017:01:10:36 +0000] \"GET /plugins/jQuery/jquery-2.2.3.min.js HTTP/1.1\" 304 -\n","timestamp":"2017-07-03T01:10:36.541Z"}
{"level":"info","message":"::1 - - [03/Jul/2017:01:10:36 +0000] \"GET /bootstrap/js/bootstrap.min.js HTTP/1.1\" 304 -\n","timestamp":"2017-07-03T01:10:36.546Z"}
{"level":"info","message":"::1 - - [03/Jul/2017:01:10:36 +0000] \"GET /dist/js/app.min.js HTTP/1.1\" 304 -\n","timestamp":"2017-07-03T01:10:36.551Z"}
{"level":"info","message":"::1 - - [03/Jul/2017:01:10:36 +0000] \"GET /plugins/uiBootstrap/ui-bootstrap-tpls-2.5.0.min.js HTTP/1.1\" 304 -\n","timestamp":"2017-07-03T01:10:36.622Z"}
{"level":"info","message":"::1 - - [03/Jul/2017:01:10:36 +0000] \"GET /scripts/app.js HTTP/1.1\" 304 -\n","timestamp":"2017-07-03T01:10:36.624Z"}
{"level":"info","message":"::1 - - [03/Jul/2017:01:10:36 +0000] \"GET /scripts/directives.js HTTP/1.1\" 304 -\n","timestamp":"2017-07-03T01:10:36.625Z"}
{"level":"info","message":"::1 - - [03/Jul/2017:01:10:36 +0000] \"GET /modules/authentication/services.js HTTP/1.1\" 304 -\n","timestamp":"2017-07-03T01:10:36.626Z"}
{"level":"info","message":"::1 - - [03/Jul/2017:01:10:36 +0000] \"GET /modules/authentication/controllers.js HTTP/1.1\" 200 1059\n","timestamp":"2017-07-03T01:10:36.629Z"}
{"level":"info","message":"::1 - - [03/Jul/2017:01:10:36 +0000] \"GET /modules/home/controllers.js HTTP/1.1\" 304 -\n","timestamp":"2017-07-03T01:10:36.633Z"}
{"level":"info","message":"::1 - - [03/Jul/2017:01:10:36 +0000] \"GET /dist/img/user2-160x160.jpg HTTP/1.1\" 304 -\n","timestamp":"2017-07-03T01:10:36.637Z"}
{"level":"info","message":"::1 - - [03/Jul/2017:01:10:36 +0000] \"GET /assets/images/ajax-loader.gif HTTP/1.1\" 304 -\n","timestamp":"2017-07-03T01:10:36.640Z"}
{"level":"info","message":"::1 - - [03/Jul/2017:01:10:37 +0000] \"GET /modules/authentication/views/login.html HTTP/1.1\" 304 -\n","timestamp":"2017-07-03T01:10:37.091Z"}
{"level":"info","message":"::1 - - [03/Jul/2017:01:10:37 +0000] \"GET /assets/images/logo.PNG HTTP/1.1\" 304 -\n","timestamp":"2017-07-03T01:10:37.125Z"}
{"level":"info","message":"::1 - - [03/Jul/2017:01:10:37 +0000] \"GET /bootstrap/fonts/glyphicons-halflings-regular.woff2 HTTP/1.1\" 304 -\n","timestamp":"2017-07-03T01:10:37.148Z"}
{"level":"info","message":"::1 - - [03/Jul/2017:01:10:48 +0000] \"POST /api/usuarios/autenticarUsuario HTTP/1.1\" 401 -\n","timestamp":"2017-07-03T01:10:48.041Z"}
{"level":"info","message":"::1 - - [03/Jul/2017:01:10:53 +0000] \"GET /bootstrap/css/bootstrap.min.css HTTP/1.1\" 304 -\n","timestamp":"2017-07-03T01:10:53.745Z"}
{"level":"info","message":"::1 - - [03/Jul/2017:01:10:53 +0000] \"GET /assets/css/main.css HTTP/1.1\" 304 -\n","timestamp":"2017-07-03T01:10:53.745Z"}
{"level":"info","message":"::1 - - [03/Jul/2017:01:10:53 +0000] \"GET /dist/css/AdminLTE.min.css HTTP/1.1\" 304 -\n","timestamp":"2017-07-03T01:10:53.748Z"}
{"level":"info","message":"::1 - - [03/Jul/2017:01:10:53 +0000] \"GET /dist/css/skins/skin-blue.min.css HTTP/1.1\" 304 -\n","timestamp":"2017-07-03T01:10:53.749Z"}
{"level":"info","message":"::1 - - [03/Jul/2017:01:10:53 +0000] \"GET /bootstrap/css/bootstrap.min.css.map HTTP/1.1\" 304 -\n","timestamp":"2017-07-03T01:10:53.922Z"}
{"level":"info","message":"::1 - - [03/Jul/2017:01:11:31 +0000] \"GET /index.html HTTP/1.1\" 304 -\n","timestamp":"2017-07-03T01:11:31.415Z"}
{"level":"info","message":"::1 - - [03/Jul/2017:01:11:31 +0000] \"GET /bootstrap/css/bootstrap.min.css HTTP/1.1\" 304 -\n","timestamp":"2017-07-03T01:11:31.464Z"}
{"level":"info","message":"::1 - - [03/Jul/2017:01:11:31 +0000] \"GET /assets/css/main.css HTTP/1.1\" 304 -\n","timestamp":"2017-07-03T01:11:31.466Z"}
{"level":"info","message":"::1 - - [03/Jul/2017:01:11:31 +0000] \"GET /dist/css/AdminLTE.min.css HTTP/1.1\" 304 -\n","timestamp":"2017-07-03T01:11:31.467Z"}
{"level":"info","message":"::1 - - [03/Jul/2017:01:11:31 +0000] \"GET /dist/css/skins/skin-blue.min.css HTTP/1.1\" 304 -\n","timestamp":"2017-07-03T01:11:31.467Z"}
{"level":"info","message":"::1 - - [03/Jul/2017:01:11:31 +0000] \"GET /plugins/jQuery/jquery-2.2.3.min.js HTTP/1.1\" 304 -\n","timestamp":"2017-07-03T01:11:31.483Z"}
{"level":"info","message":"::1 - - [03/Jul/2017:01:11:31 +0000] \"GET /bootstrap/js/bootstrap.min.js HTTP/1.1\" 304 -\n","timestamp":"2017-07-03T01:11:31.490Z"}
{"level":"info","message":"::1 - - [03/Jul/2017:01:11:31 +0000] \"GET /dist/js/app.min.js HTTP/1.1\" 304 -\n","timestamp":"2017-07-03T01:11:31.495Z"}
{"level":"info","message":"::1 - - [03/Jul/2017:01:11:31 +0000] \"GET /plugins/uiBootstrap/ui-bootstrap-tpls-2.5.0.min.js HTTP/1.1\" 304 -\n","timestamp":"2017-07-03T01:11:31.695Z"}
{"level":"info","message":"::1 - - [03/Jul/2017:01:11:31 +0000] \"GET /modules/authentication/services.js HTTP/1.1\" 304 -\n","timestamp":"2017-07-03T01:11:31.698Z"}
{"level":"info","message":"::1 - - [03/Jul/2017:01:11:31 +0000] \"GET /scripts/directives.js HTTP/1.1\" 304 -\n","timestamp":"2017-07-03T01:11:31.699Z"}
{"level":"info","message":"::1 - - [03/Jul/2017:01:11:31 +0000] \"GET /scripts/app.js HTTP/1.1\" 304 -\n","timestamp":"2017-07-03T01:11:31.700Z"}
{"level":"info","message":"::1 - - [03/Jul/2017:01:11:31 +0000] \"GET /modules/authentication/controllers.js HTTP/1.1\" 200 1083\n","timestamp":"2017-07-03T01:11:31.702Z"}
{"level":"info","message":"::1 - - [03/Jul/2017:01:11:31 +0000] \"GET /modules/home/controllers.js HTTP/1.1\" 304 -\n","timestamp":"2017-07-03T01:11:31.706Z"}
{"level":"info","message":"::1 - - [03/Jul/2017:01:11:31 +0000] \"GET /dist/img/user2-160x160.jpg HTTP/1.1\" 304 -\n","timestamp":"2017-07-03T01:11:31.709Z"}
{"level":"info","message":"::1 - - [03/Jul/2017:01:11:31 +0000] \"GET /assets/images/ajax-loader.gif HTTP/1.1\" 304 -\n","timestamp":"2017-07-03T01:11:31.713Z"}
{"level":"info","message":"::1 - - [03/Jul/2017:01:11:32 +0000] \"GET /bootstrap/css/bootstrap.min.css.map HTTP/1.1\" 304 -\n","timestamp":"2017-07-03T01:11:32.195Z"}
{"level":"info","message":"::1 - - [03/Jul/2017:01:11:32 +0000] \"GET /modules/authentication/views/login.html HTTP/1.1\" 304 -\n","timestamp":"2017-07-03T01:11:32.766Z"}
{"level":"info","message":"::1 - - [03/Jul/2017:01:11:32 +0000] \"GET /assets/images/logo.PNG HTTP/1.1\" 304 -\n","timestamp":"2017-07-03T01:11:32.842Z"}
{"level":"info","message":"::1 - - [03/Jul/2017:01:11:32 +0000] \"GET /bootstrap/fonts/glyphicons-halflings-regular.woff2 HTTP/1.1\" 304 -\n","timestamp":"2017-07-03T01:11:32.875Z"}
{"level":"info","message":"::1 - - [03/Jul/2017:01:11:43 +0000] \"POST /api/usuarios/autenticarUsuario HTTP/1.1\" 401 -\n","timestamp":"2017-07-03T01:11:43.158Z"}
{"level":"info","message":"::1 - - [03/Jul/2017:01:12:28 +0000] \"GET /index.html HTTP/1.1\" 304 -\n","timestamp":"2017-07-03T01:12:28.637Z"}
{"level":"info","message":"::1 - - [03/Jul/2017:01:12:28 +0000] \"GET /bootstrap/css/bootstrap.min.css HTTP/1.1\" 304 -\n","timestamp":"2017-07-03T01:12:28.687Z"}
{"level":"info","message":"::1 - - [03/Jul/2017:01:12:28 +0000] \"GET /assets/css/main.css HTTP/1.1\" 304 -\n","timestamp":"2017-07-03T01:12:28.688Z"}
{"level":"info","message":"::1 - - [03/Jul/2017:01:12:28 +0000] \"GET /dist/css/AdminLTE.min.css HTTP/1.1\" 304 -\n","timestamp":"2017-07-03T01:12:28.690Z"}
{"level":"info","message":"::1 - - [03/Jul/2017:01:12:28 +0000] \"GET /dist/css/skins/skin-blue.min.css HTTP/1.1\" 304 -\n","timestamp":"2017-07-03T01:12:28.690Z"}
{"level":"info","message":"::1 - - [03/Jul/2017:01:12:28 +0000] \"GET /plugins/jQuery/jquery-2.2.3.min.js HTTP/1.1\" 304 -\n","timestamp":"2017-07-03T01:12:28.697Z"}
{"level":"info","message":"::1 - - [03/Jul/2017:01:12:28 +0000] \"GET /bootstrap/js/bootstrap.min.js HTTP/1.1\" 304 -\n","timestamp":"2017-07-03T01:12:28.705Z"}
{"level":"info","message":"::1 - - [03/Jul/2017:01:12:28 +0000] \"GET /dist/js/app.min.js HTTP/1.1\" 304 -\n","timestamp":"2017-07-03T01:12:28.710Z"}
{"level":"info","message":"::1 - - [03/Jul/2017:01:12:28 +0000] \"GET /plugins/uiBootstrap/ui-bootstrap-tpls-2.5.0.min.js HTTP/1.1\" 304 -\n","timestamp":"2017-07-03T01:12:28.837Z"}
{"level":"info","message":"::1 - - [03/Jul/2017:01:12:28 +0000] \"GET /scripts/app.js HTTP/1.1\" 304 -\n","timestamp":"2017-07-03T01:12:28.838Z"}
{"level":"info","message":"::1 - - [03/Jul/2017:01:12:28 +0000] \"GET /scripts/directives.js HTTP/1.1\" 304 -\n","timestamp":"2017-07-03T01:12:28.839Z"}
{"level":"info","message":"::1 - - [03/Jul/2017:01:12:28 +0000] \"GET /modules/authentication/services.js HTTP/1.1\" 304 -\n","timestamp":"2017-07-03T01:12:28.839Z"}
{"level":"info","message":"::1 - - [03/Jul/2017:01:12:28 +0000] \"GET /modules/authentication/controllers.js HTTP/1.1\" 200 1038\n","timestamp":"2017-07-03T01:12:28.842Z"}
{"level":"info","message":"::1 - - [03/Jul/2017:01:12:28 +0000] \"GET /modules/home/controllers.js HTTP/1.1\" 304 -\n","timestamp":"2017-07-03T01:12:28.846Z"}
{"level":"info","message":"::1 - - [03/Jul/2017:01:12:28 +0000] \"GET /dist/img/user2-160x160.jpg HTTP/1.1\" 304 -\n","timestamp":"2017-07-03T01:12:28.847Z"}
{"level":"info","message":"::1 - - [03/Jul/2017:01:12:28 +0000] \"GET /assets/images/ajax-loader.gif HTTP/1.1\" 304 -\n","timestamp":"2017-07-03T01:12:28.851Z"}
{"level":"info","message":"::1 - - [03/Jul/2017:01:12:29 +0000] \"GET /bootstrap/css/bootstrap.min.css.map HTTP/1.1\" 304 -\n","timestamp":"2017-07-03T01:12:29.380Z"}
{"level":"info","message":"::1 - - [03/Jul/2017:01:12:29 +0000] \"GET /modules/authentication/views/login.html HTTP/1.1\" 304 -\n","timestamp":"2017-07-03T01:12:29.958Z"}
{"level":"info","message":"::1 - - [03/Jul/2017:01:12:30 +0000] \"GET /assets/images/logo.PNG HTTP/1.1\" 304 -\n","timestamp":"2017-07-03T01:12:30.043Z"}
{"level":"info","message":"::1 - - [03/Jul/2017:01:12:30 +0000] \"GET /bootstrap/fonts/glyphicons-halflings-regular.woff2 HTTP/1.1\" 304 -\n","timestamp":"2017-07-03T01:12:30.088Z"}
{"level":"info","message":"::1 - - [03/Jul/2017:01:12:37 +0000] \"POST /api/usuarios/autenticarUsuario HTTP/1.1\" 401 -\n","timestamp":"2017-07-03T01:12:37.693Z"}
{"level":"info","message":"::1 - - [03/Jul/2017:01:13:02 +0000] \"POST /api/usuarios/autenticarUsuario HTTP/1.1\" 401 -\n","timestamp":"2017-07-03T01:13:02.423Z"}
{"level":"info","message":"::1 - - [03/Jul/2017:01:14:26 +0000] \"GET /index.html HTTP/1.1\" 200 16662\n","timestamp":"2017-07-03T01:14:26.058Z"}
{"level":"info","message":"::1 - - [03/Jul/2017:01:14:26 +0000] \"GET /bootstrap/css/bootstrap.min.css HTTP/1.1\" 304 -\n","timestamp":"2017-07-03T01:14:26.100Z"}
{"level":"info","message":"::1 - - [03/Jul/2017:01:14:26 +0000] \"GET /assets/css/main.css HTTP/1.1\" 304 -\n","timestamp":"2017-07-03T01:14:26.101Z"}
{"level":"info","message":"::1 - - [03/Jul/2017:01:14:26 +0000] \"GET /dist/css/AdminLTE.min.css HTTP/1.1\" 304 -\n","timestamp":"2017-07-03T01:14:26.102Z"}
{"level":"info","message":"::1 - - [03/Jul/2017:01:14:26 +0000] \"GET /dist/css/skins/skin-blue.min.css HTTP/1.1\" 304 -\n","timestamp":"2017-07-03T01:14:26.103Z"}
{"level":"info","message":"::1 - - [03/Jul/2017:01:14:26 +0000] \"GET /plugins/jQuery/jquery-2.2.3.min.js HTTP/1.1\" 304 -\n","timestamp":"2017-07-03T01:14:26.109Z"}
{"level":"info","message":"::1 - - [03/Jul/2017:01:14:26 +0000] \"GET /bootstrap/js/bootstrap.min.js HTTP/1.1\" 304 -\n","timestamp":"2017-07-03T01:14:26.113Z"}
{"level":"info","message":"::1 - - [03/Jul/2017:01:14:26 +0000] \"GET /dist/js/app.min.js HTTP/1.1\" 304 -\n","timestamp":"2017-07-03T01:14:26.118Z"}
{"level":"info","message":"::1 - - [03/Jul/2017:01:14:26 +0000] \"GET /plugins/uiBootstrap/ui-bootstrap-tpls-2.5.0.min.js HTTP/1.1\" 304 -\n","timestamp":"2017-07-03T01:14:26.227Z"}
{"level":"info","message":"::1 - - [03/Jul/2017:01:14:26 +0000] \"GET /scripts/app.js HTTP/1.1\" 304 -\n","timestamp":"2017-07-03T01:14:26.228Z"}
{"level":"info","message":"::1 - - [03/Jul/2017:01:14:26 +0000] \"GET /scripts/directives.js HTTP/1.1\" 304 -\n","timestamp":"2017-07-03T01:14:26.229Z"}
{"level":"info","message":"::1 - - [03/Jul/2017:01:14:26 +0000] \"GET /modules/authentication/services.js HTTP/1.1\" 304 -\n","timestamp":"2017-07-03T01:14:26.231Z"}
{"level":"info","message":"::1 - - [03/Jul/2017:01:14:26 +0000] \"GET /modules/authentication/controllers.js HTTP/1.1\" 304 -\n","timestamp":"2017-07-03T01:14:26.232Z"}
{"level":"info","message":"::1 - - [03/Jul/2017:01:14:26 +0000] \"GET /modules/home/controllers.js HTTP/1.1\" 304 -\n","timestamp":"2017-07-03T01:14:26.238Z"}
{"level":"info","message":"::1 - - [03/Jul/2017:01:14:26 +0000] \"GET /dist/img/user2-160x160.jpg HTTP/1.1\" 304 -\n","timestamp":"2017-07-03T01:14:26.239Z"}
{"level":"info","message":"::1 - - [03/Jul/2017:01:14:26 +0000] \"GET /assets/images/ajax-loader.gif HTTP/1.1\" 304 -\n","timestamp":"2017-07-03T01:14:26.264Z"}
{"level":"info","message":"::1 - - [03/Jul/2017:01:14:26 +0000] \"GET /modules/authentication/views/login.html HTTP/1.1\" 304 -\n","timestamp":"2017-07-03T01:14:26.995Z"}
{"level":"info","message":"::1 - - [03/Jul/2017:01:14:27 +0000] \"GET /assets/images/logo.PNG HTTP/1.1\" 304 -\n","timestamp":"2017-07-03T01:14:27.054Z"}
{"level":"info","message":"::1 - - [03/Jul/2017:01:14:27 +0000] \"GET /bootstrap/fonts/glyphicons-halflings-regular.woff2 HTTP/1.1\" 304 -\n","timestamp":"2017-07-03T01:14:27.080Z"}
{"level":"info","message":"::1 - - [03/Jul/2017:01:14:29 +0000] \"POST /api/usuarios/autenticarUsuario HTTP/1.1\" 401 -\n","timestamp":"2017-07-03T01:14:29.196Z"}
{"level":"info","message":"::1 - - [03/Jul/2017:01:15:27 +0000] \"GET /index.html HTTP/1.1\" 304 -\n","timestamp":"2017-07-03T01:15:27.994Z"}
{"level":"info","message":"::1 - - [03/Jul/2017:01:15:28 +0000] \"GET /bootstrap/css/bootstrap.min.css HTTP/1.1\" 304 -\n","timestamp":"2017-07-03T01:15:28.042Z"}
{"level":"info","message":"::1 - - [03/Jul/2017:01:15:28 +0000] \"GET /assets/css/main.css HTTP/1.1\" 304 -\n","timestamp":"2017-07-03T01:15:28.043Z"}
{"level":"info","message":"::1 - - [03/Jul/2017:01:15:28 +0000] \"GET /dist/css/AdminLTE.min.css HTTP/1.1\" 304 -\n","timestamp":"2017-07-03T01:15:28.046Z"}
{"level":"info","message":"::1 - - [03/Jul/2017:01:15:28 +0000] \"GET /dist/css/skins/skin-blue.min.css HTTP/1.1\" 304 -\n","timestamp":"2017-07-03T01:15:28.047Z"}
{"level":"info","message":"::1 - - [03/Jul/2017:01:15:28 +0000] \"GET /plugins/jQuery/jquery-2.2.3.min.js HTTP/1.1\" 304 -\n","timestamp":"2017-07-03T01:15:28.060Z"}
{"level":"info","message":"::1 - - [03/Jul/2017:01:15:28 +0000] \"GET /bootstrap/js/bootstrap.min.js HTTP/1.1\" 304 -\n","timestamp":"2017-07-03T01:15:28.064Z"}
{"level":"info","message":"::1 - - [03/Jul/2017:01:15:28 +0000] \"GET /dist/js/app.min.js HTTP/1.1\" 304 -\n","timestamp":"2017-07-03T01:15:28.069Z"}
{"level":"info","message":"::1 - - [03/Jul/2017:01:15:28 +0000] \"GET /plugins/uiBootstrap/ui-bootstrap-tpls-2.5.0.min.js HTTP/1.1\" 304 -\n","timestamp":"2017-07-03T01:15:28.125Z"}
{"level":"info","message":"::1 - - [03/Jul/2017:01:15:28 +0000] \"GET /scripts/app.js HTTP/1.1\" 304 -\n","timestamp":"2017-07-03T01:15:28.126Z"}
{"level":"info","message":"::1 - - [03/Jul/2017:01:15:28 +0000] \"GET /scripts/directives.js HTTP/1.1\" 304 -\n","timestamp":"2017-07-03T01:15:28.129Z"}
{"level":"info","message":"::1 - - [03/Jul/2017:01:15:28 +0000] \"GET /modules/authentication/services.js HTTP/1.1\" 304 -\n","timestamp":"2017-07-03T01:15:28.133Z"}
{"level":"info","message":"::1 - - [03/Jul/2017:01:15:28 +0000] \"GET /modules/authentication/controllers.js HTTP/1.1\" 200 1052\n","timestamp":"2017-07-03T01:15:28.135Z"}
{"level":"info","message":"::1 - - [03/Jul/2017:01:15:28 +0000] \"GET /modules/home/controllers.js HTTP/1.1\" 304 -\n","timestamp":"2017-07-03T01:15:28.139Z"}
{"level":"info","message":"::1 - - [03/Jul/2017:01:15:28 +0000] \"GET /dist/img/user2-160x160.jpg HTTP/1.1\" 304 -\n","timestamp":"2017-07-03T01:15:28.139Z"}
{"level":"info","message":"::1 - - [03/Jul/2017:01:15:28 +0000] \"GET /assets/images/ajax-loader.gif HTTP/1.1\" 304 -\n","timestamp":"2017-07-03T01:15:28.143Z"}
{"level":"info","message":"::1 - - [03/Jul/2017:01:15:28 +0000] \"GET /modules/authentication/views/login.html HTTP/1.1\" 304 -\n","timestamp":"2017-07-03T01:15:28.539Z"}
{"level":"info","message":"::1 - - [03/Jul/2017:01:15:28 +0000] \"GET /assets/images/logo.PNG HTTP/1.1\" 304 -\n","timestamp":"2017-07-03T01:15:28.577Z"}
{"level":"info","message":"::1 - - [03/Jul/2017:01:15:28 +0000] \"GET /bootstrap/fonts/glyphicons-halflings-regular.woff2 HTTP/1.1\" 304 -\n","timestamp":"2017-07-03T01:15:28.599Z"}
{"level":"info","message":"::1 - - [03/Jul/2017:01:15:31 +0000] \"POST /api/usuarios/autenticarUsuario HTTP/1.1\" 401 -\n","timestamp":"2017-07-03T01:15:31.475Z"}
{"level":"info","message":"::1 - - [03/Jul/2017:01:16:09 +0000] \"GET /index.html HTTP/1.1\" 200 16594\n","timestamp":"2017-07-03T01:16:09.220Z"}
{"level":"info","message":"::1 - - [03/Jul/2017:01:16:09 +0000] \"GET /bootstrap/css/bootstrap.min.css HTTP/1.1\" 304 -\n","timestamp":"2017-07-03T01:16:09.258Z"}
{"level":"info","message":"::1 - - [03/Jul/2017:01:16:09 +0000] \"GET /assets/css/main.css HTTP/1.1\" 304 -\n","timestamp":"2017-07-03T01:16:09.261Z"}
{"level":"info","message":"::1 - - [03/Jul/2017:01:16:09 +0000] \"GET /dist/css/AdminLTE.min.css HTTP/1.1\" 304 -\n","timestamp":"2017-07-03T01:16:09.262Z"}
{"level":"info","message":"::1 - - [03/Jul/2017:01:16:09 +0000] \"GET /dist/css/skins/skin-blue.min.css HTTP/1.1\" 304 -\n","timestamp":"2017-07-03T01:16:09.264Z"}
{"level":"info","message":"::1 - - [03/Jul/2017:01:16:09 +0000] \"GET /plugins/jQuery/jquery-2.2.3.min.js HTTP/1.1\" 304 -\n","timestamp":"2017-07-03T01:16:09.271Z"}
{"level":"info","message":"::1 - - [03/Jul/2017:01:16:09 +0000] \"GET /bootstrap/js/bootstrap.min.js HTTP/1.1\" 304 -\n","timestamp":"2017-07-03T01:16:09.275Z"}
{"level":"info","message":"::1 - - [03/Jul/2017:01:16:09 +0000] \"GET /dist/js/app.min.js HTTP/1.1\" 304 -\n","timestamp":"2017-07-03T01:16:09.279Z"}
{"level":"info","message":"::1 - - [03/Jul/2017:01:16:09 +0000] \"GET /plugins/uiBootstrap/ui-bootstrap-tpls-2.5.0.min.js HTTP/1.1\" 304 -\n","timestamp":"2017-07-03T01:16:09.350Z"}
{"level":"info","message":"::1 - - [03/Jul/2017:01:16:09 +0000] \"GET /scripts/app.js HTTP/1.1\" 304 -\n","timestamp":"2017-07-03T01:16:09.350Z"}
{"level":"info","message":"::1 - - [03/Jul/2017:01:16:09 +0000] \"GET /scripts/directives.js HTTP/1.1\" 304 -\n","timestamp":"2017-07-03T01:16:09.351Z"}
{"level":"info","message":"::1 - - [03/Jul/2017:01:16:09 +0000] \"GET /modules/authentication/services.js HTTP/1.1\" 304 -\n","timestamp":"2017-07-03T01:16:09.352Z"}
{"level":"info","message":"::1 - - [03/Jul/2017:01:16:09 +0000] \"GET /modules/authentication/controllers.js HTTP/1.1\" 304 -\n","timestamp":"2017-07-03T01:16:09.353Z"}
{"level":"info","message":"::1 - - [03/Jul/2017:01:16:09 +0000] \"GET /modules/home/controllers.js HTTP/1.1\" 304 -\n","timestamp":"2017-07-03T01:16:09.361Z"}
{"level":"info","message":"::1 - - [03/Jul/2017:01:16:09 +0000] \"GET /dist/img/user2-160x160.jpg HTTP/1.1\" 304 -\n","timestamp":"2017-07-03T01:16:09.362Z"}
{"level":"info","message":"::1 - - [03/Jul/2017:01:16:09 +0000] \"GET /assets/images/ajax-loader.gif HTTP/1.1\" 304 -\n","timestamp":"2017-07-03T01:16:09.362Z"}
{"level":"info","message":"::1 - - [03/Jul/2017:01:16:09 +0000] \"GET /modules/authentication/views/login.html HTTP/1.1\" 304 -\n","timestamp":"2017-07-03T01:16:09.919Z"}
{"level":"info","message":"::1 - - [03/Jul/2017:01:16:09 +0000] \"GET /assets/images/logo.PNG HTTP/1.1\" 304 -\n","timestamp":"2017-07-03T01:16:09.964Z"}
{"level":"info","message":"::1 - - [03/Jul/2017:01:16:09 +0000] \"GET /bootstrap/fonts/glyphicons-halflings-regular.woff2 HTTP/1.1\" 304 -\n","timestamp":"2017-07-03T01:16:09.996Z"}
{"level":"info","message":"::1 - - [03/Jul/2017:01:16:12 +0000] \"POST /api/usuarios/autenticarUsuario HTTP/1.1\" 401 -\n","timestamp":"2017-07-03T01:16:12.206Z"}
{"level":"info","message":"::1 - - [03/Jul/2017:01:18:17 +0000] \"POST /api/usuarios/autenticarUsuario HTTP/1.1\" 401 -\n","timestamp":"2017-07-03T01:18:17.529Z"}
